<?xml version="1.0" encoding="utf-8"?>
<TestRun id="ee42bfdd-ef23-49f8-badc-801c250f099a" name="米山@DESKTOP-DE0SNP1 2025-11-04 14:32:40" runUser="DESKTOP-DE0SNP1\米山" xmlns="http://microsoft.com/schemas/VisualStudio/TeamTest/2010">
  <Times creation="2025-11-04T14:32:40.5657658+09:00" queuing="2025-11-04T14:32:40.5657663+09:00" start="2025-11-04T14:32:38.1531013+09:00" finish="2025-11-04T14:32:40.9140669+09:00" />
  <TestSettings name="default" id="3faf739d-6025-4c47-9d20-2dca8b620b62">
    <Deployment runDeploymentRoot="米山_DESKTOP-DE0SNP1_2025-11-04_14_32_40" />
  </TestSettings>
  <Results>
    <UnitTestResult executionId="125817e8-84e6-4351-8afd-90ef7b9e9563" testId="b860b17f-8f21-2ed8-1c2d-9e8780098d21" testName="DMRules.Tests.TextNormalization.CardTextTemplateTests.RandomDiscard_Strict_SubjectForm" computerName="DESKTOP-DE0SNP1" duration="00:00:00.0009283" startTime="2025-11-04T14:32:40.5773336+09:00" endTime="2025-11-04T14:32:40.5773337+09:00" testType="13cdc9d9-ddb5-4fa4-a97d-d965ccfc6d4b" outcome="Passed" testListId="8c84fa94-04c1-424b-9868-57a2d4851a1d" relativeResultsDirectory="125817e8-84e6-4351-8afd-90ef7b9e9563" />
    <UnitTestResult executionId="1d0aecf3-81f9-4b2c-a1a1-b5544a016e94" testId="2f7c30bf-6db1-6880-1b28-a242cfd3d827" testName="DMRules.Tests.TemplateAutoAddTests.Dummy_Skip" computerName="DESKTOP-DE0SNP1" duration="00:00:00.0010000" startTime="2025-11-04T14:32:40.4971186+09:00" endTime="2025-11-04T14:32:40.4971193+09:00" testType="13cdc9d9-ddb5-4fa4-a97d-d965ccfc6d4b" outcome="NotExecuted" testListId="8c84fa94-04c1-424b-9868-57a2d4851a1d" relativeResultsDirectory="1d0aecf3-81f9-4b2c-a1a1-b5544a016e94">
      <Output>
        <ErrorInfo>
          <Message>Obsolete TemplateKey mapping; skipped for M15.4b normalization</Message>
        </ErrorInfo>
      </Output>
    </UnitTestResult>
    <UnitTestResult executionId="0b37f13f-f1e3-41d5-af12-29c5e7b99ef3" testId="ecc2a8c4-43a3-f2fb-17e6-045484606900" testName="DMRules.Tests.KeywordTemplateFixTests.SetMarker_Kakko_Is_Ignored" computerName="DESKTOP-DE0SNP1" duration="00:00:00.0003914" startTime="2025-11-04T14:32:40.5567092+09:00" endTime="2025-11-04T14:32:40.5567097+09:00" testType="13cdc9d9-ddb5-4fa4-a97d-d965ccfc6d4b" outcome="Passed" testListId="8c84fa94-04c1-424b-9868-57a2d4851a1d" relativeResultsDirectory="0b37f13f-f1e3-41d5-af12-29c5e7b99ef3" />
    <UnitTestResult executionId="837739bc-33ab-48c1-b354-61a6212ffc12" testId="36015f33-d1d8-6a13-f667-a89a5d265086" testName="DMRules.Tests.TextNormalization.KeywordTemplateTests.PeriodExpression_Strict_NormalizesToInTurn" computerName="DESKTOP-DE0SNP1" duration="00:00:00.0003242" startTime="2025-11-04T14:32:40.4097550+09:00" endTime="2025-11-04T14:32:40.4097552+09:00" testType="13cdc9d9-ddb5-4fa4-a97d-d965ccfc6d4b" outcome="Passed" testListId="8c84fa94-04c1-424b-9868-57a2d4851a1d" relativeResultsDirectory="837739bc-33ab-48c1-b354-61a6212ffc12" />
    <UnitTestResult executionId="4f55793a-4959-400c-85ad-f755d832f268" testId="51a38d1d-c05f-3046-3575-d7bb83a750dd" testName="Phase instrumentation can probe (no-op safe)" computerName="DESKTOP-DE0SNP1" duration="00:00:00.0002719" startTime="2025-11-04T14:32:40.5731894+09:00" endTime="2025-11-04T14:32:40.5731897+09:00" testType="13cdc9d9-ddb5-4fa4-a97d-d965ccfc6d4b" outcome="Passed" testListId="8c84fa94-04c1-424b-9868-57a2d4851a1d" relativeResultsDirectory="4f55793a-4959-400c-85ad-f755d832f268" />
    <UnitTestResult executionId="bed727a2-7952-476b-a58e-7591e3f82d87" testId="70ed8dcf-0409-48b1-0c14-e6eec829a1e1" testName="DMRules.Tests.TraceSnapshotTests.CardTraceSnapshot_Basic(cardName: &quot;AquaSurfer&quot;, text: &quot;シールドトリガー。相手のクリーチャーを1体選び、持ち主の手札に戻す。&quot;)" computerName="DESKTOP-DE0SNP1" duration="00:00:00.1008908" startTime="2025-11-04T14:32:40.5156862+09:00" endTime="2025-11-04T14:32:40.5156867+09:00" testType="13cdc9d9-ddb5-4fa4-a97d-d965ccfc6d4b" outcome="Passed" testListId="8c84fa94-04c1-424b-9868-57a2d4851a1d" relativeResultsDirectory="bed727a2-7952-476b-a58e-7591e3f82d87" />
    <UnitTestResult executionId="759972f0-a0c0-418d-a71f-fd3644f86269" testId="0697eaba-ff92-42ba-8681-2396a89dfdc6" testName="DMRules.Tests.KeywordTemplateFixTests.WorldBreaker_CaseInsensitive_And_Charger_Parens(text: &quot;WORLD・BREAKER&quot;, key: WorldBreaker)" computerName="DESKTOP-DE0SNP1" duration="00:00:00.0004331" startTime="2025-11-04T14:32:40.5286857+09:00" endTime="2025-11-04T14:32:40.5286860+09:00" testType="13cdc9d9-ddb5-4fa4-a97d-d965ccfc6d4b" outcome="Passed" testListId="8c84fa94-04c1-424b-9868-57a2d4851a1d" relativeResultsDirectory="759972f0-a0c0-418d-a71f-fd3644f86269" />
    <UnitTestResult executionId="6be6266c-dbe5-4400-be1c-53963233c370" testId="df1d1174-53b5-1c0b-bbfa-d3d10f4da562" testName="DMRules.Tests.TraceAndChooserTests.Trace_Is_Appended_On_Key_Steps" computerName="DESKTOP-DE0SNP1" duration="00:00:00.0082392" startTime="2025-11-04T14:32:40.5634299+09:00" endTime="2025-11-04T14:32:40.5634303+09:00" testType="13cdc9d9-ddb5-4fa4-a97d-d965ccfc6d4b" outcome="Passed" testListId="8c84fa94-04c1-424b-9868-57a2d4851a1d" relativeResultsDirectory="6be6266c-dbe5-4400-be1c-53963233c370" />
    <UnitTestResult executionId="9d23d041-0bc5-4b38-ab27-59cbf1aa96f4" testId="4ced3bb4-cb47-19ad-008c-a5dc3b468040" testName="DMRules.Tests.KeywordTemplateFinalFixTests.WorldBreaker_RomanOrKana(text: &quot;WORLD・BREAKER&quot;, key: WorldBreaker)" computerName="DESKTOP-DE0SNP1" duration="00:00:00.0000658" startTime="2025-11-04T14:32:40.5262586+09:00" endTime="2025-11-04T14:32:40.5262588+09:00" testType="13cdc9d9-ddb5-4fa4-a97d-d965ccfc6d4b" outcome="Passed" testListId="8c84fa94-04c1-424b-9868-57a2d4851a1d" relativeResultsDirectory="9d23d041-0bc5-4b38-ab27-59cbf1aa96f4" />
    <UnitTestResult executionId="00bdcc7a-0c20-4db6-b196-1f31e67d09fd" testId="0841e814-6564-232d-ebdc-14b8278f3318" testName="DMRules.Tests.TemplateEnumerationTests.Dummy_Skip" computerName="DESKTOP-DE0SNP1" duration="00:00:00.0010000" startTime="2025-11-04T14:32:40.5746019+09:00" endTime="2025-11-04T14:32:40.5746023+09:00" testType="13cdc9d9-ddb5-4fa4-a97d-d965ccfc6d4b" outcome="NotExecuted" testListId="8c84fa94-04c1-424b-9868-57a2d4851a1d" relativeResultsDirectory="00bdcc7a-0c20-4db6-b196-1f31e67d09fd">
      <Output>
        <ErrorInfo>
          <Message>Snapshot removed; this test is obsolete for M15.4b normalization</Message>
        </ErrorInfo>
      </Output>
    </UnitTestResult>
    <UnitTestResult executionId="6cb5d8ac-e4e7-4f1c-92a7-3339a2659f66" testId="d545c8b4-72a4-5ba0-8ce4-82b497574348" testName="DMRules.Tests.KeywordTemplateFinalFixTests.WorldBreaker_RomanOrKana(text: &quot;WORLD・BREAKER の効果を得る。&quot;, key: WorldBreaker)" computerName="DESKTOP-DE0SNP1" duration="00:00:00.0000588" startTime="2025-11-04T14:32:40.5264516+09:00" endTime="2025-11-04T14:32:40.5264518+09:00" testType="13cdc9d9-ddb5-4fa4-a97d-d965ccfc6d4b" outcome="Passed" testListId="8c84fa94-04c1-424b-9868-57a2d4851a1d" relativeResultsDirectory="6cb5d8ac-e4e7-4f1c-92a7-3339a2659f66" />
    <UnitTestResult executionId="cc92c470-3746-4915-8ec4-63c5f86b7723" testId="3736f69e-6b39-cd52-7375-a70f98bda793" testName="DMRules.Tests.KeywordTemplateFinalFix3Tests.WorldBreaker_RomanOrKana(text: &quot;ワールド・ブレイカー&quot;, key: WorldBreaker)" computerName="DESKTOP-DE0SNP1" duration="00:00:00.0000523" startTime="2025-11-04T14:32:40.5040443+09:00" endTime="2025-11-04T14:32:40.5040443+09:00" testType="13cdc9d9-ddb5-4fa4-a97d-d965ccfc6d4b" outcome="Passed" testListId="8c84fa94-04c1-424b-9868-57a2d4851a1d" relativeResultsDirectory="cc92c470-3746-4915-8ec4-63c5f86b7723" />
    <UnitTestResult executionId="b0e548fd-64f8-4907-9dda-fef11e22ef59" testId="ded85a13-6425-d8b7-19c3-f7e6df4a549c" testName="DMRules.Tests.KeywordTemplateFinalFix3Tests.Charger_Parens_With_Comma_And_Newline(text: &quot;チャージャー（この呪文を唱えた後、マナゾーンに置く）&quot;, key: Charger)" computerName="DESKTOP-DE0SNP1" duration="00:00:00.0000446" startTime="2025-11-04T14:32:40.5098807+09:00" endTime="2025-11-04T14:32:40.5098808+09:00" testType="13cdc9d9-ddb5-4fa4-a97d-d965ccfc6d4b" outcome="Passed" testListId="8c84fa94-04c1-424b-9868-57a2d4851a1d" relativeResultsDirectory="b0e548fd-64f8-4907-9dda-fef11e22ef59" />
    <UnitTestResult executionId="61a0b516-ee14-4dff-88cf-cd44044de21f" testId="f959d5f6-f634-40b9-f7fa-f89cb13b7aea" testName="DMRules.Tests.ExecutionLogicTests.Basic_RunAll_Works" computerName="DESKTOP-DE0SNP1" duration="00:00:00.0003777" startTime="2025-11-04T14:32:40.4924156+09:00" endTime="2025-11-04T14:32:40.4924158+09:00" testType="13cdc9d9-ddb5-4fa4-a97d-d965ccfc6d4b" outcome="Passed" testListId="8c84fa94-04c1-424b-9868-57a2d4851a1d" relativeResultsDirectory="61a0b516-ee14-4dff-88cf-cd44044de21f" />
    <UnitTestResult executionId="d719d3b8-f8da-4121-ac4f-9157c74e3c6f" testId="7c732b6b-2882-6055-9f57-a9b6d409834c" testName="DMRules.Tests.TextNormalization.M15_9_NormalizerTests.RemoveShieldTriggerPrefix_WorksCorrectly" computerName="DESKTOP-DE0SNP1" duration="00:00:00.0002352" startTime="2025-11-04T14:32:40.5776814+09:00" endTime="2025-11-04T14:32:40.5776815+09:00" testType="13cdc9d9-ddb5-4fa4-a97d-d965ccfc6d4b" outcome="Passed" testListId="8c84fa94-04c1-424b-9868-57a2d4851a1d" relativeResultsDirectory="d719d3b8-f8da-4121-ac4f-9157c74e3c6f" />
    <UnitTestResult executionId="cd13924e-83cf-4ec6-b6b3-d2601d5c16e2" testId="5a32cb95-31c7-e35d-332b-6968f9c82f4d" testName="DMRules.Tests.KeywordTemplateFinalFix2Tests.WorldBreaker_RomanOrKana(text: &quot;WORLD・BREAKER&quot;, key: WorldBreaker)" computerName="DESKTOP-DE0SNP1" duration="00:00:00.0486394" startTime="2025-11-04T14:32:40.5038629+09:00" endTime="2025-11-04T14:32:40.5038629+09:00" testType="13cdc9d9-ddb5-4fa4-a97d-d965ccfc6d4b" outcome="Passed" testListId="8c84fa94-04c1-424b-9868-57a2d4851a1d" relativeResultsDirectory="cd13924e-83cf-4ec6-b6b3-d2601d5c16e2" />
    <UnitTestResult executionId="9c496f82-9ad8-4324-9915-8995ef3819a6" testId="25430ab6-3504-76c9-5a09-5b505db11791" testName="DMRules.Tests.PriorityOrderingTests.AP_Triggers_Order_By_Priority_Then_Sequence" computerName="DESKTOP-DE0SNP1" duration="00:00:00.0016855" startTime="2025-11-04T14:32:40.5123975+09:00" endTime="2025-11-04T14:32:40.5123977+09:00" testType="13cdc9d9-ddb5-4fa4-a97d-d965ccfc6d4b" outcome="Passed" testListId="8c84fa94-04c1-424b-9868-57a2d4851a1d" relativeResultsDirectory="9c496f82-9ad8-4324-9915-8995ef3819a6" />
    <UnitTestResult executionId="13d9308f-bd1a-4bdf-aade-14431b8bff77" testId="c8f509ac-2e62-fb8d-392d-971386b5fce7" testName="DMRules.Tests.KeywordPack2QuickFixTests.GZero_LineStart_Anchored" computerName="DESKTOP-DE0SNP1" duration="00:00:00.0108108" startTime="2025-11-04T14:32:40.5571074+09:00" endTime="2025-11-04T14:32:40.5571077+09:00" testType="13cdc9d9-ddb5-4fa4-a97d-d965ccfc6d4b" outcome="Passed" testListId="8c84fa94-04c1-424b-9868-57a2d4851a1d" relativeResultsDirectory="13d9308f-bd1a-4bdf-aade-14431b8bff77" />
    <UnitTestResult executionId="ce4db064-f6ca-4865-a0e1-9da993dedfd7" testId="e6560cf2-81dd-94df-2e89-d12a6290a288" testName="DMRules.Tests.KeywordTemplateFinalFix2Tests.WorldBreaker_RomanOrKana(text: &quot;WORLD・BREAKER の効果を得る。&quot;, key: WorldBreaker)" computerName="DESKTOP-DE0SNP1" duration="00:00:00.0003512" startTime="2025-11-04T14:32:40.5068354+09:00" endTime="2025-11-04T14:32:40.5068355+09:00" testType="13cdc9d9-ddb5-4fa4-a97d-d965ccfc6d4b" outcome="Passed" testListId="8c84fa94-04c1-424b-9868-57a2d4851a1d" relativeResultsDirectory="ce4db064-f6ca-4865-a0e1-9da993dedfd7" />
    <UnitTestResult executionId="7d8d30b9-a06b-47ff-8257-2401eb3cbb4e" testId="a27f7af6-8930-e922-1865-2f3b63a04862" testName="TraceExporter writes JSON(L) when DM_TRACE=1" computerName="DESKTOP-DE0SNP1" duration="00:00:00.0019478" startTime="2025-11-04T14:32:40.4929183+09:00" endTime="2025-11-04T14:32:40.4929184+09:00" testType="13cdc9d9-ddb5-4fa4-a97d-d965ccfc6d4b" outcome="Passed" testListId="8c84fa94-04c1-424b-9868-57a2d4851a1d" relativeResultsDirectory="7d8d30b9-a06b-47ff-8257-2401eb3cbb4e" />
    <UnitTestResult executionId="92c60879-3925-4da5-af43-e06791880656" testId="c0757847-5274-8879-f4e6-1a027de14ebe" testName="DMRules.Tests.ReplacementEffectTests.PreventNextDestroy_Stops_ZoneChange_And_Enqueues_Draw" computerName="DESKTOP-DE0SNP1" duration="00:00:00.1265529" startTime="2025-11-04T14:32:40.4064805+09:00" endTime="2025-11-04T14:32:40.4064809+09:00" testType="13cdc9d9-ddb5-4fa4-a97d-d965ccfc6d4b" outcome="Passed" testListId="8c84fa94-04c1-424b-9868-57a2d4851a1d" relativeResultsDirectory="92c60879-3925-4da5-af43-e06791880656" />
    <UnitTestResult executionId="d7892953-3076-4215-be29-e25839b45c71" testId="84d1ad1b-75ee-2471-a382-ce3df3c8d88b" testName="DMRules.Tests.KeywordTemplateFinalFix3Tests.Charger_Parens_With_Comma_And_Newline(text: &quot;チャージャー(この呪文を唱えた後、マナゾーンに置く)&quot;, key: Charger)" computerName="DESKTOP-DE0SNP1" duration="00:00:00.0003489" startTime="2025-11-04T14:32:40.5074612+09:00" endTime="2025-11-04T14:32:40.5074614+09:00" testType="13cdc9d9-ddb5-4fa4-a97d-d965ccfc6d4b" outcome="Passed" testListId="8c84fa94-04c1-424b-9868-57a2d4851a1d" relativeResultsDirectory="d7892953-3076-4215-be29-e25839b45c71" />
    <UnitTestResult executionId="97e96f88-6b01-41c3-8e55-e229862d7e46" testId="d82d5ee9-e660-1990-9516-d9336b24b0a7" testName="DMRules.Tests.ReplacementChainingTests.Destroy_Then_FlipFlag_Then_Prevent" computerName="DESKTOP-DE0SNP1" duration="00:00:00.0013683" startTime="2025-11-04T14:32:40.5036444+09:00" endTime="2025-11-04T14:32:40.5036444+09:00" testType="13cdc9d9-ddb5-4fa4-a97d-d965ccfc6d4b" outcome="Passed" testListId="8c84fa94-04c1-424b-9868-57a2d4851a1d" relativeResultsDirectory="97e96f88-6b01-41c3-8e55-e229862d7e46" />
    <UnitTestResult executionId="f10189b3-2dad-46e5-8511-925b4eff401c" testId="edfe98b8-d28d-f048-7f32-9bb9631b4649" testName="DMRules.Tests.TextNormalization.KeywordTemplateTests.PeriodExpression_Compat_KeepsOriginalPhrase" computerName="DESKTOP-DE0SNP1" duration="00:00:00.0002221" startTime="2025-11-04T14:32:40.4100279+09:00" endTime="2025-11-04T14:32:40.4100281+09:00" testType="13cdc9d9-ddb5-4fa4-a97d-d965ccfc6d4b" outcome="Passed" testListId="8c84fa94-04c1-424b-9868-57a2d4851a1d" relativeResultsDirectory="f10189b3-2dad-46e5-8511-925b4eff401c" />
    <UnitTestResult executionId="f1259fde-1bdb-40ea-b532-9bfa988c5504" testId="3e229045-87c4-0ccc-0650-bfd9a7f29ce5" testName="SBA Trace Probe (reflection)" computerName="DESKTOP-DE0SNP1" duration="00:00:00.0382186" startTime="2025-11-04T14:32:40.4983285+09:00" endTime="2025-11-04T14:32:40.4983286+09:00" testType="13cdc9d9-ddb5-4fa4-a97d-d965ccfc6d4b" outcome="Passed" testListId="8c84fa94-04c1-424b-9868-57a2d4851a1d" relativeResultsDirectory="f1259fde-1bdb-40ea-b532-9bfa988c5504" />
    <UnitTestResult executionId="b11e5070-1364-43e3-a222-42d6cfc73f9a" testId="5c9c3afa-5f8c-d3c9-8211-58d31c98833f" testName="DMRules.Tests.ReplayTests.SampleRealLogExistsAndReplayToolOutputsTrace" computerName="DESKTOP-DE0SNP1" duration="00:00:00.0010000" startTime="2025-11-04T14:32:40.5032220+09:00" endTime="2025-11-04T14:32:40.5032223+09:00" testType="13cdc9d9-ddb5-4fa4-a97d-d965ccfc6d4b" outcome="NotExecuted" testListId="8c84fa94-04c1-424b-9868-57a2d4851a1d" relativeResultsDirectory="b11e5070-1364-43e3-a222-42d6cfc73f9a">
      <Output>
        <ErrorInfo>
          <Message>Enable after ReplayRunner is wired to engine.</Message>
        </ErrorInfo>
      </Output>
    </UnitTestResult>
    <UnitTestResult executionId="485eb845-3af1-49ed-b099-4d66603f552b" testId="88f31864-7328-fc03-4bd6-35084d342336" testName="DMRules.Tests.KeywordTemplateFinalFix3Tests.SetMarker_Wide_Pattern_Ignored" computerName="DESKTOP-DE0SNP1" duration="00:00:00.0077744" startTime="2025-11-04T14:32:40.5100856+09:00" endTime="2025-11-04T14:32:40.5100857+09:00" testType="13cdc9d9-ddb5-4fa4-a97d-d965ccfc6d4b" outcome="Passed" testListId="8c84fa94-04c1-424b-9868-57a2d4851a1d" relativeResultsDirectory="485eb845-3af1-49ed-b099-4d66603f552b" />
    <UnitTestResult executionId="0a3a3894-c455-4a4b-9c8a-867f7d039fb7" testId="4f83fe3d-a0fc-29cf-8191-c6a677249691" testName="DMRules.Tests.KeywordTemplateFinalFix3Tests.WorldBreaker_RomanOrKana(text: &quot;WORLD・BREAKER の効果を得る。&quot;, key: WorldBreaker)" computerName="DESKTOP-DE0SNP1" duration="00:00:00.0277390" startTime="2025-11-04T14:32:40.5037838+09:00" endTime="2025-11-04T14:32:40.5037839+09:00" testType="13cdc9d9-ddb5-4fa4-a97d-d965ccfc6d4b" outcome="Passed" testListId="8c84fa94-04c1-424b-9868-57a2d4851a1d" relativeResultsDirectory="0a3a3894-c455-4a4b-9c8a-867f7d039fb7" />
    <UnitTestResult executionId="03098815-dd24-40cf-b2ff-d0b32c4c1fcf" testId="74b08153-a620-7326-7c75-2f7b0596a9b4" testName="DMRules.Tests.TextNormalization.CardTextTemplateTests.RandomDiscard_Compat_WithoutTrailingPeriod" computerName="DESKTOP-DE0SNP1" duration="00:00:00.0007065" startTime="2025-11-04T14:32:40.5771060+09:00" endTime="2025-11-04T14:32:40.5771061+09:00" testType="13cdc9d9-ddb5-4fa4-a97d-d965ccfc6d4b" outcome="Passed" testListId="8c84fa94-04c1-424b-9868-57a2d4851a1d" relativeResultsDirectory="03098815-dd24-40cf-b2ff-d0b32c4c1fcf" />
    <UnitTestResult executionId="a20eb76c-e15f-424f-8e77-796b1313d6ab" testId="bf80f9e0-e8f4-598b-68e9-0acf655f9f3a" testName="Trigger/APNAP instrumentation can probe (no-op safe)" computerName="DESKTOP-DE0SNP1" duration="00:00:00.0002177" startTime="2025-11-04T14:32:40.5102133+09:00" endTime="2025-11-04T14:32:40.5102134+09:00" testType="13cdc9d9-ddb5-4fa4-a97d-d965ccfc6d4b" outcome="Passed" testListId="8c84fa94-04c1-424b-9868-57a2d4851a1d" relativeResultsDirectory="a20eb76c-e15f-424f-8e77-796b1313d6ab" />
    <UnitTestResult executionId="33efac9d-2259-418a-8dcf-753ae210fc5b" testId="e664ccdb-53f1-4205-799e-56c7bda644fd" testName="DMRules.Tests.KeywordTemplateFinalFix3Tests.WorldBreaker_RomanOrKana(text: &quot;このクリーチャーはワールド・ブレイカーを得る。&quot;, key: WorldBreaker)" computerName="DESKTOP-DE0SNP1" duration="00:00:00.0019502" startTime="2025-11-04T14:32:40.5069531+09:00" endTime="2025-11-04T14:32:40.5069532+09:00" testType="13cdc9d9-ddb5-4fa4-a97d-d965ccfc6d4b" outcome="Passed" testListId="8c84fa94-04c1-424b-9868-57a2d4851a1d" relativeResultsDirectory="33efac9d-2259-418a-8dcf-753ae210fc5b" />
    <UnitTestResult executionId="63058470-9ef3-46d2-8e75-5304d81ad109" testId="ec1f0943-85aa-dced-d77c-aa2b3dec4b99" testName="Golden 20 cards snapshot (DB preferred, fallback; supports update mode)" computerName="DESKTOP-DE0SNP1" duration="00:00:00.0317984" startTime="2025-11-04T14:32:40.5955736+09:00" endTime="2025-11-04T14:32:40.5955742+09:00" testType="13cdc9d9-ddb5-4fa4-a97d-d965ccfc6d4b" outcome="Failed" testListId="8c84fa94-04c1-424b-9868-57a2d4851a1d" relativeResultsDirectory="63058470-9ef3-46d2-8e75-5304d81ad109">
      <Output>
        <ErrorInfo>
          <Message>Assert.Equal() Failure: Strings differ&#xD;
                                    ↓ (pos 49)&#xD;
Expected: ···"\n  "Tokens": [\n    "\\u30B7\\u30FC\\u30EB\\u3"···&#xD;
Actual:   ···"\n  "Tokens": [\n    "ShieldTrigger:\\u30B7\\"···&#xD;
                                    ↑ (pos 49)</Message>
          <StackTrace>   at DMRules.Tests.GoldenSnapshotSuite.GoldenSnapshots_Run() in C:\Users\米山\DuelMasters\tests\DMRules.Tests\GoldenSnapshotSuite.cs:line 147&#xD;
   at System.RuntimeMethodHandle.InvokeMethod(Object target, Void** arguments, Signature sig, Boolean isConstructor)&#xD;
   at System.Reflection.MethodBaseInvoker.InvokeWithNoArgs(Object obj, BindingFlags invokeAttr)</StackTrace>
        </ErrorInfo>
      </Output>
    </UnitTestResult>
    <UnitTestResult executionId="46989ac6-4801-462c-af3f-12a73168b31f" testId="9a2bf151-3330-eb8b-41a1-1acf21ecafdb" testName="Engine SBAInstrumentation TryProbeAndRun()" computerName="DESKTOP-DE0SNP1" duration="00:00:00.0057099" startTime="2025-11-04T14:32:40.5725357+09:00" endTime="2025-11-04T14:32:40.5725361+09:00" testType="13cdc9d9-ddb5-4fa4-a97d-d965ccfc6d4b" outcome="Passed" testListId="8c84fa94-04c1-424b-9868-57a2d4851a1d" relativeResultsDirectory="46989ac6-4801-462c-af3f-12a73168b31f" />
    <UnitTestResult executionId="2aaa7131-fcce-402b-8621-d1ae40ff1ca2" testId="b767f714-5ff3-5c71-f81e-8daeb35dba3b" testName="DMRules.Tests.ReplacementChainingTests.Destroy_Then_FlipFlag_Then_Exile" computerName="DESKTOP-DE0SNP1" duration="00:00:00.0031518" startTime="2025-11-04T14:32:40.5035476+09:00" endTime="2025-11-04T14:32:40.5035477+09:00" testType="13cdc9d9-ddb5-4fa4-a97d-d965ccfc6d4b" outcome="Passed" testListId="8c84fa94-04c1-424b-9868-57a2d4851a1d" relativeResultsDirectory="2aaa7131-fcce-402b-8621-d1ae40ff1ca2" />
    <UnitTestResult executionId="b2bccb7b-529b-4750-acd1-e37b009a29ef" testId="027f548f-2b43-98df-d533-af5f137c5cdc" testName="DMRules.Tests.KeywordTemplateFinalFix2Tests.WorldBreaker_RomanOrKana(text: &quot;ワールド・ブレイカー&quot;, key: WorldBreaker)" computerName="DESKTOP-DE0SNP1" duration="00:00:00.0000646" startTime="2025-11-04T14:32:40.5071783+09:00" endTime="2025-11-04T14:32:40.5071784+09:00" testType="13cdc9d9-ddb5-4fa4-a97d-d965ccfc6d4b" outcome="Passed" testListId="8c84fa94-04c1-424b-9868-57a2d4851a1d" relativeResultsDirectory="b2bccb7b-529b-4750-acd1-e37b009a29ef" />
    <UnitTestResult executionId="a21177be-f974-475e-b93b-4a404f06f938" testId="fad816e5-419a-4ef4-9784-de2c41451f2f" testName="DMRules.Tests.ReplacementCompetitionTests.Affected_Owner_Controls_Choice_Over_Priority" computerName="DESKTOP-DE0SNP1" duration="00:00:00.0003321" startTime="2025-11-04T14:32:40.5104983+09:00" endTime="2025-11-04T14:32:40.5104984+09:00" testType="13cdc9d9-ddb5-4fa4-a97d-d965ccfc6d4b" outcome="Passed" testListId="8c84fa94-04c1-424b-9868-57a2d4851a1d" relativeResultsDirectory="a21177be-f974-475e-b93b-4a404f06f938" />
    <UnitTestResult executionId="5636527b-6f8d-417d-962e-305b6be09d71" testId="fa4ec649-a6c0-5809-b4d3-0927a382c747" testName="DMRules.Tests.TraceAndChooserTests.Custom_Chooser_Picks_Last_Candidate_And_Trace_Records_It" computerName="DESKTOP-DE0SNP1" duration="00:00:00.0509035" startTime="2025-11-04T14:32:40.5594355+09:00" endTime="2025-11-04T14:32:40.5594359+09:00" testType="13cdc9d9-ddb5-4fa4-a97d-d965ccfc6d4b" outcome="Passed" testListId="8c84fa94-04c1-424b-9868-57a2d4851a1d" relativeResultsDirectory="5636527b-6f8d-417d-962e-305b6be09d71" />
    <UnitTestResult executionId="3d3d5073-83fb-413e-9038-55cee6cd15ea" testId="32c44daa-3bf3-ba96-c749-361fa12ceb31" testName="DMRules.Tests.TextNormalization.CardTextTemplateTests.ApplyAll_Pipeline_CoversRandomDiscard_AndShieldTriggerRemoval" computerName="DESKTOP-DE0SNP1" duration="00:00:00.0003344" startTime="2025-11-04T14:32:40.5774413+09:00" endTime="2025-11-04T14:32:40.5774413+09:00" testType="13cdc9d9-ddb5-4fa4-a97d-d965ccfc6d4b" outcome="Passed" testListId="8c84fa94-04c1-424b-9868-57a2d4851a1d" relativeResultsDirectory="3d3d5073-83fb-413e-9038-55cee6cd15ea" />
    <UnitTestResult executionId="3ed37f2d-6550-4c62-a616-7ba541735154" testId="2b467f3f-657d-a65b-0734-622dbc6503f8" testName="DMRules.Tests.KeywordTemplateFinalFix2Tests.WorldBreaker_RomanOrKana(text: &quot;このクリーチャーはワールド・ブレイカーを得る。&quot;, key: WorldBreaker)" computerName="DESKTOP-DE0SNP1" duration="00:00:00.0016867" startTime="2025-11-04T14:32:40.5069839+09:00" endTime="2025-11-04T14:32:40.5069839+09:00" testType="13cdc9d9-ddb5-4fa4-a97d-d965ccfc6d4b" outcome="Passed" testListId="8c84fa94-04c1-424b-9868-57a2d4851a1d" relativeResultsDirectory="3ed37f2d-6550-4c62-a616-7ba541735154" />
    <UnitTestResult executionId="d217c2ea-9f4a-4fcf-a5d6-933fab7a9379" testId="60ed9250-a21f-3700-be87-6b6c1bfde575" testName="DMRules.Tests.KeywordTemplateFinalFix2Tests.Charger_Parens_With_Comma_And_Newline(text: &quot;チャージャー（この呪文を唱えた後\nマナゾーンに置く）&quot;, key: Charger)" computerName="DESKTOP-DE0SNP1" duration="00:00:00.0015012" startTime="2025-11-04T14:32:40.5072892+09:00" endTime="2025-11-04T14:32:40.5072894+09:00" testType="13cdc9d9-ddb5-4fa4-a97d-d965ccfc6d4b" outcome="Passed" testListId="8c84fa94-04c1-424b-9868-57a2d4851a1d" relativeResultsDirectory="d217c2ea-9f4a-4fcf-a5d6-933fab7a9379" />
    <UnitTestResult executionId="1f64aa1c-8fa0-4286-a0b8-456be2ba52f4" testId="fd22107e-1dc6-ca78-19a8-11a02a740ec6" testName="DMRules.Tests.TurnPhaseTests.Phase_Cycles_And_Active_Player_Swaps_At_End" computerName="DESKTOP-DE0SNP1" duration="00:00:00.0065837" startTime="2025-11-04T14:32:40.5126253+09:00" endTime="2025-11-04T14:32:40.5126254+09:00" testType="13cdc9d9-ddb5-4fa4-a97d-d965ccfc6d4b" outcome="Passed" testListId="8c84fa94-04c1-424b-9868-57a2d4851a1d" relativeResultsDirectory="1f64aa1c-8fa0-4286-a0b8-456be2ba52f4" />
    <UnitTestResult executionId="e401cf24-0364-4b1e-acea-b5f7794c0f32" testId="1e5b644e-9182-5235-d0a8-9e3a85e2fa89" testName="DMRules.Tests.KeywordTemplateFinalFix2Tests.Charger_Parens_With_Comma_And_Newline(text: &quot;チャージャー（この呪文を唱えた後、マナゾーンに置く）&quot;, key: Charger)" computerName="DESKTOP-DE0SNP1" duration="00:00:00.0003488" startTime="2025-11-04T14:32:40.5074821+09:00" endTime="2025-11-04T14:32:40.5074822+09:00" testType="13cdc9d9-ddb5-4fa4-a97d-d965ccfc6d4b" outcome="Passed" testListId="8c84fa94-04c1-424b-9868-57a2d4851a1d" relativeResultsDirectory="e401cf24-0364-4b1e-acea-b5f7794c0f32" />
    <UnitTestResult executionId="df4b6dc8-51da-44b6-9419-3c8ea1278a0a" testId="2d7ac208-7dec-bf7e-f60a-85a2654b245f" testName="DMRules.Tests.KeywordTemplateFinalFixTests.WorldBreaker_RomanOrKana(text: &quot;ワールド・ブレイカー&quot;, key: WorldBreaker)" computerName="DESKTOP-DE0SNP1" duration="00:00:00.0004549" startTime="2025-11-04T14:32:40.5261191+09:00" endTime="2025-11-04T14:32:40.5261194+09:00" testType="13cdc9d9-ddb5-4fa4-a97d-d965ccfc6d4b" outcome="Passed" testListId="8c84fa94-04c1-424b-9868-57a2d4851a1d" relativeResultsDirectory="df4b6dc8-51da-44b6-9419-3c8ea1278a0a" />
    <UnitTestResult executionId="b697f4af-81cf-41e8-be62-73901ee05273" testId="175f1ecf-2c38-99f2-2ab2-a7662d759288" testName="DMRules.Tests.KeywordTemplateFinalFix3Tests.WorldBreaker_RomanOrKana(text: &quot;WORLD・BREAKER&quot;, key: WorldBreaker)" computerName="DESKTOP-DE0SNP1" duration="00:00:00.0004084" startTime="2025-11-04T14:32:40.5039574+09:00" endTime="2025-11-04T14:32:40.5039576+09:00" testType="13cdc9d9-ddb5-4fa4-a97d-d965ccfc6d4b" outcome="Passed" testListId="8c84fa94-04c1-424b-9868-57a2d4851a1d" relativeResultsDirectory="b697f4af-81cf-41e8-be62-73901ee05273" />
    <UnitTestResult executionId="148f852b-4813-4e4b-a862-f9e3b64553c4" testId="2e7e8209-4d39-aebe-8f47-23f67f681744" testName="DMRules.Tests.KeywordTemplateFixTests.WorldBreaker_CaseInsensitive_And_Charger_Parens(text: &quot;ワールド・ブレイカー&quot;, key: WorldBreaker)" computerName="DESKTOP-DE0SNP1" duration="00:00:00.0000799" startTime="2025-11-04T14:32:40.5288337+09:00" endTime="2025-11-04T14:32:40.5288339+09:00" testType="13cdc9d9-ddb5-4fa4-a97d-d965ccfc6d4b" outcome="Passed" testListId="8c84fa94-04c1-424b-9868-57a2d4851a1d" relativeResultsDirectory="148f852b-4813-4e4b-a862-f9e3b64553c4" />
    <UnitTestResult executionId="25ba287e-8938-4e8e-8322-fbec6a42082d" testId="5b23b3fd-7ad5-60c5-4c1a-f4b6f5db4324" testName="DMRules.Tests.KeywordTemplateFinalFixTests.Charger_Parens_Full_Or_Half(text: &quot;チャージャー(この呪文を唱えた後、マナゾーンに置く)&quot;, key: Charger)" computerName="DESKTOP-DE0SNP1" duration="00:00:00.0004987" startTime="2025-11-04T14:32:40.5234432+09:00" endTime="2025-11-04T14:32:40.5234438+09:00" testType="13cdc9d9-ddb5-4fa4-a97d-d965ccfc6d4b" outcome="Passed" testListId="8c84fa94-04c1-424b-9868-57a2d4851a1d" relativeResultsDirectory="25ba287e-8938-4e8e-8322-fbec6a42082d" />
    <UnitTestResult executionId="5cbc1d06-177c-4b6a-8a2f-820ab6ed8785" testId="8b9f0361-dfbe-3e8d-4040-36502dcf871b" testName="DMRules.Tests.APNAPTests.Active_Player_Triggers_Resolve_Before_NonActive" computerName="DESKTOP-DE0SNP1" duration="00:00:00.0013414" startTime="2025-11-04T14:32:40.5034027+09:00" endTime="2025-11-04T14:32:40.5034028+09:00" testType="13cdc9d9-ddb5-4fa4-a97d-d965ccfc6d4b" outcome="Passed" testListId="8c84fa94-04c1-424b-9868-57a2d4851a1d" relativeResultsDirectory="5cbc1d06-177c-4b6a-8a2f-820ab6ed8785" />
    <UnitTestResult executionId="a93c4fc3-9193-493a-bbe1-6cde6ff395ca" testId="cae72dce-32fd-9a73-3da0-bd0eea2717f8" testName="DMRules.Tests.KeywordTemplateFixTests.WorldBreaker_CaseInsensitive_And_Charger_Parens(text: &quot;チャージャー（この呪文を唱えた後、マナゾーンに置く）&quot;, key: Charger)" computerName="DESKTOP-DE0SNP1" duration="00:00:00.0006634" startTime="2025-11-04T14:32:40.5281031+09:00" endTime="2025-11-04T14:32:40.5281034+09:00" testType="13cdc9d9-ddb5-4fa4-a97d-d965ccfc6d4b" outcome="Passed" testListId="8c84fa94-04c1-424b-9868-57a2d4851a1d" relativeResultsDirectory="a93c4fc3-9193-493a-bbe1-6cde6ff395ca" />
    <UnitTestResult executionId="17bd457e-e421-4c3f-b9ca-6b1fc1d59224" testId="c8b9456c-eec5-4025-a378-606d41b5574d" testName="DMRules.Tests.TriggerPriorityFixTests.Dummy_Skip" computerName="DESKTOP-DE0SNP1" duration="00:00:00.0010000" startTime="2025-11-04T14:32:40.4979675+09:00" endTime="2025-11-04T14:32:40.4979678+09:00" testType="13cdc9d9-ddb5-4fa4-a97d-d965ccfc6d4b" outcome="NotExecuted" testListId="8c84fa94-04c1-424b-9868-57a2d4851a1d" relativeResultsDirectory="17bd457e-e421-4c3f-b9ca-6b1fc1d59224">
      <Output>
        <ErrorInfo>
          <Message>Obsolete TemplateKey mapping; skipped for M15.4b normalization</Message>
        </ErrorInfo>
      </Output>
    </UnitTestResult>
    <UnitTestResult executionId="54294cfc-6dae-4102-b8cd-341ad02024e3" testId="32005fd6-c69e-c1af-8ea7-8c9be4172f65" testName="DMRules.Tests.TraceSnapshotTests.CardTraceSnapshot_Basic(cardName: &quot;BolmeteusWhiteDragon&quot;, text: &quot;このクリーチャーが攻撃する時、相手のシールドを1つ選び、墓地に置く。&quot;)" computerName="DESKTOP-DE0SNP1" duration="00:00:00.0058446" startTime="2025-11-04T14:32:40.5216920+09:00" endTime="2025-11-04T14:32:40.5216925+09:00" testType="13cdc9d9-ddb5-4fa4-a97d-d965ccfc6d4b" outcome="Passed" testListId="8c84fa94-04c1-424b-9868-57a2d4851a1d" relativeResultsDirectory="54294cfc-6dae-4102-b8cd-341ad02024e3" />
    <UnitTestResult executionId="76fd1d4f-0cda-4c08-a92b-c1c2a8d6c347" testId="3fbdf731-95be-b264-b310-09e3f3204e5a" testName="DMRules.Tests.PriorityOrderingTests.AP_Before_NAP_Even_If_NAP_Has_Higher_Priority" computerName="DESKTOP-DE0SNP1" duration="00:00:00.0005310" startTime="2025-11-04T14:32:40.5125346+09:00" endTime="2025-11-04T14:32:40.5125346+09:00" testType="13cdc9d9-ddb5-4fa4-a97d-d965ccfc6d4b" outcome="Passed" testListId="8c84fa94-04c1-424b-9868-57a2d4851a1d" relativeResultsDirectory="76fd1d4f-0cda-4c08-a92b-c1c2a8d6c347" />
    <UnitTestResult executionId="7de55349-2e97-4c31-be7c-5afe6e0396d1" testId="5ff92ad8-277a-6a5f-358d-483695400ca3" testName="DMRules.Tests.TextNormalization.M15_9_NormalizerTests.SquareBracket_RemovedBeforeTagging" computerName="DESKTOP-DE0SNP1" duration="00:00:00.0001521" startTime="2025-11-04T14:32:40.5782559+09:00" endTime="2025-11-04T14:32:40.5782561+09:00" testType="13cdc9d9-ddb5-4fa4-a97d-d965ccfc6d4b" outcome="Passed" testListId="8c84fa94-04c1-424b-9868-57a2d4851a1d" relativeResultsDirectory="7de55349-2e97-4c31-be7c-5afe6e0396d1" />
    <UnitTestResult executionId="a55d0f81-46b8-4c30-ab28-7d75cd26796b" testId="72108263-2a22-0d2b-f193-c0ce6520c69e" testName="DMRules.Tests.KeywordTemplateFixTests.GNeo_Prioritized_Over_Neo" computerName="DESKTOP-DE0SNP1" duration="00:00:00.0110349" startTime="2025-11-04T14:32:40.5401413+09:00" endTime="2025-11-04T14:32:40.5401418+09:00" testType="13cdc9d9-ddb5-4fa4-a97d-d965ccfc6d4b" outcome="Passed" testListId="8c84fa94-04c1-424b-9868-57a2d4851a1d" relativeResultsDirectory="a55d0f81-46b8-4c30-ab28-7d75cd26796b" />
    <UnitTestResult executionId="db6bd767-a61e-4bbf-8f83-66b9bf8ca7dc" testId="ed65487b-e75c-f1f6-3a34-be1a1d600ee3" testName="DMRules.Tests.KeywordTemplateFinalFix2Tests.Charger_Parens_With_Comma_And_Newline(text: &quot;チャージャー(この呪文を唱えた後、マナゾーンに置く)&quot;, key: Charger)" computerName="DESKTOP-DE0SNP1" duration="00:00:00.0000457" startTime="2025-11-04T14:32:40.5096654+09:00" endTime="2025-11-04T14:32:40.5096655+09:00" testType="13cdc9d9-ddb5-4fa4-a97d-d965ccfc6d4b" outcome="Passed" testListId="8c84fa94-04c1-424b-9868-57a2d4851a1d" relativeResultsDirectory="db6bd767-a61e-4bbf-8f83-66b9bf8ca7dc" />
    <UnitTestResult executionId="52b17ec9-d355-46f9-a958-5e531894dc8e" testId="12097e5b-bedc-72c7-e9f7-04e90344aa15" testName="DMRules.Tests.KeywordTemplateFinalFixTests.Charger_Parens_Full_Or_Half(text: &quot;チャージャー（この呪文を唱えた後、マナゾーンに置く）&quot;, key: Charger)" computerName="DESKTOP-DE0SNP1" duration="00:00:00.0006807" startTime="2025-11-04T14:32:40.5228027+09:00" endTime="2025-11-04T14:32:40.5228031+09:00" testType="13cdc9d9-ddb5-4fa4-a97d-d965ccfc6d4b" outcome="Passed" testListId="8c84fa94-04c1-424b-9868-57a2d4851a1d" relativeResultsDirectory="52b17ec9-d355-46f9-a958-5e531894dc8e" />
    <UnitTestResult executionId="2c945b48-9895-4590-8c2a-4e19dfb50bf7" testId="eeb0bd0a-1275-5845-1357-54505b2db0af" testName="DMRules.Tests.TextNormalization.M15_9_NormalizerTests.UntilStartOfNextTurn_StandardizedInStrict" computerName="DESKTOP-DE0SNP1" duration="00:00:00.0004523" startTime="2025-11-04T14:32:40.5788405+09:00" endTime="2025-11-04T14:32:40.5788408+09:00" testType="13cdc9d9-ddb5-4fa4-a97d-d965ccfc6d4b" outcome="Passed" testListId="8c84fa94-04c1-424b-9868-57a2d4851a1d" relativeResultsDirectory="2c945b48-9895-4590-8c2a-4e19dfb50bf7" />
    <UnitTestResult executionId="c825efa7-88b4-4a1f-b7b0-8f279d1fecdd" testId="f8e32557-a456-5b7a-067c-6fb3029bf0c9" testName="DMRules.Tests.TextNormalization.M15_9_NormalizerTests.RandomDiscard_Normalization_BothModes" computerName="DESKTOP-DE0SNP1" duration="00:00:00.0002363" startTime="2025-11-04T14:32:40.5780434+09:00" endTime="2025-11-04T14:32:40.5780436+09:00" testType="13cdc9d9-ddb5-4fa4-a97d-d965ccfc6d4b" outcome="Passed" testListId="8c84fa94-04c1-424b-9868-57a2d4851a1d" relativeResultsDirectory="c825efa7-88b4-4a1f-b7b0-8f279d1fecdd" />
    <UnitTestResult executionId="bba3bd64-f94f-4f83-be3d-15a8e89fe0c5" testId="29e7250a-623e-1040-a469-5bda616b27b9" testName="DMRules.Tests.KeywordTemplateFinalFix3Tests.Charger_Parens_With_Comma_And_Newline(text: &quot;チャージャー（この呪文を唱えた後\nマナゾーンに置く）&quot;, key: Charger)" computerName="DESKTOP-DE0SNP1" duration="00:00:00.0016247" startTime="2025-11-04T14:32:40.5073129+09:00" endTime="2025-11-04T14:32:40.5073130+09:00" testType="13cdc9d9-ddb5-4fa4-a97d-d965ccfc6d4b" outcome="Passed" testListId="8c84fa94-04c1-424b-9868-57a2d4851a1d" relativeResultsDirectory="bba3bd64-f94f-4f83-be3d-15a8e89fe0c5" />
    <UnitTestResult executionId="efdd0472-85bd-4e18-9087-731090fcb598" testId="291e3098-4594-27d7-f6c8-a0af0ccd6269" testName="DMRules.Tests.KeywordTemplateFinalFixTests.WorldBreaker_RomanOrKana(text: &quot;このクリーチャーはワールド・ブレイカーを得る。&quot;, key: WorldBreaker)" computerName="DESKTOP-DE0SNP1" duration="00:00:00.0018785" startTime="2025-11-04T14:32:40.5255069+09:00" endTime="2025-11-04T14:32:40.5255070+09:00" testType="13cdc9d9-ddb5-4fa4-a97d-d965ccfc6d4b" outcome="Passed" testListId="8c84fa94-04c1-424b-9868-57a2d4851a1d" relativeResultsDirectory="efdd0472-85bd-4e18-9087-731090fcb598" />
    <UnitTestResult executionId="1a1eaf36-3f79-4f0d-8d01-19260dd1bbb6" testId="e8049a62-e4b8-3d6f-8655-30c6b8f07233" testName="DMRules.Tests.TextNormalization.M15_9_SmokeTests.Strict_Mode_Behavior" computerName="DESKTOP-DE0SNP1" duration="00:00:00.0349510" startTime="2025-11-04T14:32:40.4981791+09:00" endTime="2025-11-04T14:32:40.4981792+09:00" testType="13cdc9d9-ddb5-4fa4-a97d-d965ccfc6d4b" outcome="Passed" testListId="8c84fa94-04c1-424b-9868-57a2d4851a1d" relativeResultsDirectory="1a1eaf36-3f79-4f0d-8d01-19260dd1bbb6" />
    <UnitTestResult executionId="483cdb6b-132e-4c2c-9db8-4355526fd0b4" testId="e1a56818-012b-4006-cc10-df9989bb21bf" testName="DMRules.Tests.KeywordTemplateFinalFix2Tests.SetMarker_Wide_Pattern_Ignored" computerName="DESKTOP-DE0SNP1" duration="00:00:00.0072212" startTime="2025-11-04T14:32:40.5099948+09:00" endTime="2025-11-04T14:32:40.5099949+09:00" testType="13cdc9d9-ddb5-4fa4-a97d-d965ccfc6d4b" outcome="Passed" testListId="8c84fa94-04c1-424b-9868-57a2d4851a1d" relativeResultsDirectory="483cdb6b-132e-4c2c-9db8-4355526fd0b4" />
    <UnitTestResult executionId="c991e6b4-2205-47ad-a5b3-5a4cec51c923" testId="6fced7b2-2265-3759-f3f3-0ec22e570450" testName="DMRules.Tests.ReplacementCompetitionTests.If_Same_Controller_Then_Higher_Priority_Wins" computerName="DESKTOP-DE0SNP1" duration="00:00:00.0007963" startTime="2025-11-04T14:32:40.5103934+09:00" endTime="2025-11-04T14:32:40.5103935+09:00" testType="13cdc9d9-ddb5-4fa4-a97d-d965ccfc6d4b" outcome="Passed" testListId="8c84fa94-04c1-424b-9868-57a2d4851a1d" relativeResultsDirectory="c991e6b4-2205-47ad-a5b3-5a4cec51c923" />
    <UnitTestResult executionId="3de14d13-9794-4ee7-8e5f-70e8cb847084" testId="3bad7155-3bfd-ae16-6c34-2aa1a3203191" testName="DMRules.Tests.ReplacementEffectTests.Without_Replacement_Destroy_Proceeds_And_Death_Trigger_Fires" computerName="DESKTOP-DE0SNP1" duration="00:00:00.0008877" startTime="2025-11-04T14:32:40.4075068+09:00" endTime="2025-11-04T14:32:40.4075071+09:00" testType="13cdc9d9-ddb5-4fa4-a97d-d965ccfc6d4b" outcome="Passed" testListId="8c84fa94-04c1-424b-9868-57a2d4851a1d" relativeResultsDirectory="3de14d13-9794-4ee7-8e5f-70e8cb847084" />
    <UnitTestResult executionId="a0b3edf2-b229-417d-872e-7379dfa2bb0e" testId="1631f2c4-f5cd-a56a-a47b-d9532063f7d6" testName="DMRules.Tests.KeywordTemplateFixTests.WorldBreaker_CaseInsensitive_And_Charger_Parens(text: &quot;チャージャー(この呪文を唱えた後、マナゾーンに置く)&quot;, key: Charger)" computerName="DESKTOP-DE0SNP1" duration="00:00:00.0000532" startTime="2025-11-04T14:32:40.5289494+09:00" endTime="2025-11-04T14:32:40.5289495+09:00" testType="13cdc9d9-ddb5-4fa4-a97d-d965ccfc6d4b" outcome="Passed" testListId="8c84fa94-04c1-424b-9868-57a2d4851a1d" relativeResultsDirectory="a0b3edf2-b229-417d-872e-7379dfa2bb0e" />
    <UnitTestResult executionId="b3470764-7e97-47c2-89d1-445d7629c113" testId="225dee68-3947-4422-448c-a8962f150e10" testName="DMRules.Tests.KeywordTemplateFinalFix3Tests.Charger_Parens_With_Comma_And_Newline(text: &quot;チャージャー（この呪文を唱えた後, マナゾーンに置く）&quot;, key: Charger)" computerName="DESKTOP-DE0SNP1" duration="00:00:00.0000542" startTime="2025-11-04T14:32:40.5097483+09:00" endTime="2025-11-04T14:32:40.5097486+09:00" testType="13cdc9d9-ddb5-4fa4-a97d-d965ccfc6d4b" outcome="Passed" testListId="8c84fa94-04c1-424b-9868-57a2d4851a1d" relativeResultsDirectory="b3470764-7e97-47c2-89d1-445d7629c113" />
    <UnitTestResult executionId="bbdf6ea4-d5d6-4e1b-80a0-5c0761f7a677" testId="49e570f2-a50a-448f-b5cd-091945185586" testName="DMRules.Tests.TextNormalization.M15_9_SmokeTests.Compat_Defaults" computerName="DESKTOP-DE0SNP1" duration="00:00:00.0148238" startTime="2025-11-04T14:32:40.3968137+09:00" endTime="2025-11-04T14:32:40.3968141+09:00" testType="13cdc9d9-ddb5-4fa4-a97d-d965ccfc6d4b" outcome="Passed" testListId="8c84fa94-04c1-424b-9868-57a2d4851a1d" relativeResultsDirectory="bbdf6ea4-d5d6-4e1b-80a0-5c0761f7a677" />
    <UnitTestResult executionId="9b5fc2f0-a96e-4353-a5b4-2be912552aaa" testId="72810a86-3fef-d1f1-79a5-d285980bd79c" testName="DMRules.Tests.KeywordPack2Tests.Dummy_Skip" computerName="DESKTOP-DE0SNP1" duration="00:00:00.0010000" startTime="2025-11-04T14:32:40.4960872+09:00" endTime="2025-11-04T14:32:40.4960876+09:00" testType="13cdc9d9-ddb5-4fa4-a97d-d965ccfc6d4b" outcome="NotExecuted" testListId="8c84fa94-04c1-424b-9868-57a2d4851a1d" relativeResultsDirectory="9b5fc2f0-a96e-4353-a5b4-2be912552aaa">
      <Output>
        <ErrorInfo>
          <Message>Obsolete TemplateKey mapping; skipped for M15.4b normalization</Message>
        </ErrorInfo>
      </Output>
    </UnitTestResult>
    <UnitTestResult executionId="afabbe95-b8c6-4291-935f-8a432f0ba290" testId="0cb469c0-6c50-4ff4-cb00-5527539f57f1" testName="DMRules.Tests.KeywordTemplateFinalFixTests.SetMarker_Wide_Pattern_Ignored" computerName="DESKTOP-DE0SNP1" duration="00:00:00.0004908" startTime="2025-11-04T14:32:40.5270611+09:00" endTime="2025-11-04T14:32:40.5270614+09:00" testType="13cdc9d9-ddb5-4fa4-a97d-d965ccfc6d4b" outcome="Passed" testListId="8c84fa94-04c1-424b-9868-57a2d4851a1d" relativeResultsDirectory="afabbe95-b8c6-4291-935f-8a432f0ba290" />
    <UnitTestResult executionId="c080180b-e152-4390-82f7-bc374563b69b" testId="c85cc14a-5e00-f7ba-2ef8-1134b4eb6baf" testName="DMRules.Tests.TextNormalization.M15_9_NormalizerTests.ApplyAll_WorksInStrictMode" computerName="DESKTOP-DE0SNP1" duration="00:00:00.0005985" startTime="2025-11-04T14:32:40.5775859+09:00" endTime="2025-11-04T14:32:40.5775860+09:00" testType="13cdc9d9-ddb5-4fa4-a97d-d965ccfc6d4b" outcome="Passed" testListId="8c84fa94-04c1-424b-9868-57a2d4851a1d" relativeResultsDirectory="c080180b-e152-4390-82f7-bc374563b69b" />
    <UnitTestResult executionId="6780bb2b-8b87-4349-9b99-750bc0b2953c" testId="f1c7d817-8e07-9d83-1fce-a1684de1e5e5" testName="DMRules.Tests.KeywordPack2QuickFixTests.InvasionZero_Prioritized_Over_Invasion" computerName="DESKTOP-DE0SNP1" duration="00:00:00.0139667" startTime="2025-11-04T14:32:40.5661915+09:00" endTime="2025-11-04T14:32:40.5661919+09:00" testType="13cdc9d9-ddb5-4fa4-a97d-d965ccfc6d4b" outcome="Passed" testListId="8c84fa94-04c1-424b-9868-57a2d4851a1d" relativeResultsDirectory="6780bb2b-8b87-4349-9b99-750bc0b2953c" />
    <UnitTestResult executionId="c139b50d-116b-4c6c-ab51-ec076cd462b7" testId="416fb686-2649-7cb7-294e-f1475a7aaefc" testName="DMRules.Tests.TextNormalization.KeywordTemplateTests.SquareBrackets_AreRemovedBeforeTagging" computerName="DESKTOP-DE0SNP1" duration="00:00:00.1294681" startTime="2025-11-04T14:32:40.4092822+09:00" endTime="2025-11-04T14:32:40.4092826+09:00" testType="13cdc9d9-ddb5-4fa4-a97d-d965ccfc6d4b" outcome="Passed" testListId="8c84fa94-04c1-424b-9868-57a2d4851a1d" relativeResultsDirectory="c139b50d-116b-4c6c-ab51-ec076cd462b7" />
    <UnitTestResult executionId="3c50df56-4f3c-4cdb-b171-62aac16ffebd" testId="2d67af9d-7923-e734-f65e-39e6404c676f" testName="DMRules.Tests.ContinuousEffectOrderTests.Uses_Phase_Type_Not_String" computerName="DESKTOP-DE0SNP1" duration="00:00:00.0933834" startTime="2025-11-04T14:32:40.3786371+09:00" endTime="2025-11-04T14:32:40.3787209+09:00" testType="13cdc9d9-ddb5-4fa4-a97d-d965ccfc6d4b" outcome="Passed" testListId="8c84fa94-04c1-424b-9868-57a2d4851a1d" relativeResultsDirectory="3c50df56-4f3c-4cdb-b171-62aac16ffebd" />
  </Results>
  <TestDefinitions>
    <UnitTest name="DMRules.Tests.TextNormalization.M15_9_SmokeTests.Compat_Defaults" storage="c:\users\米山\duelmasters\tests\dmrules.tests\bin\debug\net8.0\dmrules.tests.dll" id="49e570f2-a50a-448f-b5cd-091945185586">
      <Execution id="bbdf6ea4-d5d6-4e1b-80a0-5c0761f7a677" />
      <TestMethod codeBase="C:\Users\米山\DuelMasters\tests\DMRules.Tests\bin\Debug\net8.0\DMRules.Tests.dll" adapterTypeName="executor://xunit/VsTestRunner2/netcoreapp" className="DMRules.Tests.TextNormalization.M15_9_SmokeTests" name="Compat_Defaults" />
    </UnitTest>
    <UnitTest name="DMRules.Tests.TriggerPriorityFixTests.Dummy_Skip" storage="c:\users\米山\duelmasters\tests\dmrules.tests\bin\debug\net8.0\dmrules.tests.dll" id="c8b9456c-eec5-4025-a378-606d41b5574d">
      <Execution id="17bd457e-e421-4c3f-b9ca-6b1fc1d59224" />
      <TestMethod codeBase="C:\Users\米山\DuelMasters\tests\DMRules.Tests\bin\Debug\net8.0\DMRules.Tests.dll" adapterTypeName="executor://xunit/VsTestRunner2/netcoreapp" className="DMRules.Tests.TriggerPriorityFixTests" name="Dummy_Skip" />
    </UnitTest>
    <UnitTest name="DMRules.Tests.TextNormalization.CardTextTemplateTests.RandomDiscard_Compat_WithoutTrailingPeriod" storage="c:\users\米山\duelmasters\tests\dmrules.tests\bin\debug\net8.0\dmrules.tests.dll" id="74b08153-a620-7326-7c75-2f7b0596a9b4">
      <Execution id="03098815-dd24-40cf-b2ff-d0b32c4c1fcf" />
      <TestMethod codeBase="C:\Users\米山\DuelMasters\tests\DMRules.Tests\bin\Debug\net8.0\DMRules.Tests.dll" adapterTypeName="executor://xunit/VsTestRunner2/netcoreapp" className="DMRules.Tests.TextNormalization.CardTextTemplateTests" name="RandomDiscard_Compat_WithoutTrailingPeriod" />
    </UnitTest>
    <UnitTest name="DMRules.Tests.KeywordTemplateFixTests.GNeo_Prioritized_Over_Neo" storage="c:\users\米山\duelmasters\tests\dmrules.tests\bin\debug\net8.0\dmrules.tests.dll" id="72108263-2a22-0d2b-f193-c0ce6520c69e">
      <Execution id="a55d0f81-46b8-4c30-ab28-7d75cd26796b" />
      <TestMethod codeBase="C:\Users\米山\DuelMasters\tests\DMRules.Tests\bin\Debug\net8.0\DMRules.Tests.dll" adapterTypeName="executor://xunit/VsTestRunner2/netcoreapp" className="DMRules.Tests.KeywordTemplateFixTests" name="GNeo_Prioritized_Over_Neo" />
    </UnitTest>
    <UnitTest name="DMRules.Tests.ReplacementCompetitionTests.Affected_Owner_Controls_Choice_Over_Priority" storage="c:\users\米山\duelmasters\tests\dmrules.tests\bin\debug\net8.0\dmrules.tests.dll" id="fad816e5-419a-4ef4-9784-de2c41451f2f">
      <Execution id="a21177be-f974-475e-b93b-4a404f06f938" />
      <TestMethod codeBase="C:\Users\米山\DuelMasters\tests\DMRules.Tests\bin\Debug\net8.0\DMRules.Tests.dll" adapterTypeName="executor://xunit/VsTestRunner2/netcoreapp" className="DMRules.Tests.ReplacementCompetitionTests" name="Affected_Owner_Controls_Choice_Over_Priority" />
    </UnitTest>
    <UnitTest name="Trigger/APNAP instrumentation can probe (no-op safe)" storage="c:\users\米山\duelmasters\tests\dmrules.tests\bin\debug\net8.0\dmrules.tests.dll" id="bf80f9e0-e8f4-598b-68e9-0acf655f9f3a">
      <Execution id="a20eb76c-e15f-424f-8e77-796b1313d6ab" />
      <TestMethod codeBase="C:\Users\米山\DuelMasters\tests\DMRules.Tests\bin\Debug\net8.0\DMRules.Tests.dll" adapterTypeName="executor://xunit/VsTestRunner2/netcoreapp" className="DMRules.Tests.TriggerInstrumentationTest" name="ProbeNoopSafe" />
    </UnitTest>
    <UnitTest name="DMRules.Tests.ContinuousEffectOrderTests.Uses_Phase_Type_Not_String" storage="c:\users\米山\duelmasters\tests\dmrules.tests\bin\debug\net8.0\dmrules.tests.dll" id="2d67af9d-7923-e734-f65e-39e6404c676f">
      <Execution id="3c50df56-4f3c-4cdb-b171-62aac16ffebd" />
      <TestMethod codeBase="C:\Users\米山\DuelMasters\tests\DMRules.Tests\bin\Debug\net8.0\DMRules.Tests.dll" adapterTypeName="executor://xunit/VsTestRunner2/netcoreapp" className="DMRules.Tests.ContinuousEffectOrderTests" name="Uses_Phase_Type_Not_String" />
    </UnitTest>
    <UnitTest name="DMRules.Tests.ReplacementCompetitionTests.If_Same_Controller_Then_Higher_Priority_Wins" storage="c:\users\米山\duelmasters\tests\dmrules.tests\bin\debug\net8.0\dmrules.tests.dll" id="6fced7b2-2265-3759-f3f3-0ec22e570450">
      <Execution id="c991e6b4-2205-47ad-a5b3-5a4cec51c923" />
      <TestMethod codeBase="C:\Users\米山\DuelMasters\tests\DMRules.Tests\bin\Debug\net8.0\DMRules.Tests.dll" adapterTypeName="executor://xunit/VsTestRunner2/netcoreapp" className="DMRules.Tests.ReplacementCompetitionTests" name="If_Same_Controller_Then_Higher_Priority_Wins" />
    </UnitTest>
    <UnitTest name="DMRules.Tests.KeywordTemplateFixTests.WorldBreaker_CaseInsensitive_And_Charger_Parens(text: &quot;チャージャー(この呪文を唱えた後、マナゾーンに置く)&quot;, key: Charger)" storage="c:\users\米山\duelmasters\tests\dmrules.tests\bin\debug\net8.0\dmrules.tests.dll" id="1631f2c4-f5cd-a56a-a47b-d9532063f7d6">
      <Execution id="a0b3edf2-b229-417d-872e-7379dfa2bb0e" />
      <TestMethod codeBase="C:\Users\米山\DuelMasters\tests\DMRules.Tests\bin\Debug\net8.0\DMRules.Tests.dll" adapterTypeName="executor://xunit/VsTestRunner2/netcoreapp" className="DMRules.Tests.KeywordTemplateFixTests" name="WorldBreaker_CaseInsensitive_And_Charger_Parens" />
    </UnitTest>
    <UnitTest name="DMRules.Tests.KeywordTemplateFinalFixTests.WorldBreaker_RomanOrKana(text: &quot;WORLD・BREAKER&quot;, key: WorldBreaker)" storage="c:\users\米山\duelmasters\tests\dmrules.tests\bin\debug\net8.0\dmrules.tests.dll" id="4ced3bb4-cb47-19ad-008c-a5dc3b468040">
      <Execution id="9d23d041-0bc5-4b38-ab27-59cbf1aa96f4" />
      <TestMethod codeBase="C:\Users\米山\DuelMasters\tests\DMRules.Tests\bin\Debug\net8.0\DMRules.Tests.dll" adapterTypeName="executor://xunit/VsTestRunner2/netcoreapp" className="DMRules.Tests.KeywordTemplateFinalFixTests" name="WorldBreaker_RomanOrKana" />
    </UnitTest>
    <UnitTest name="DMRules.Tests.PriorityOrderingTests.AP_Before_NAP_Even_If_NAP_Has_Higher_Priority" storage="c:\users\米山\duelmasters\tests\dmrules.tests\bin\debug\net8.0\dmrules.tests.dll" id="3fbdf731-95be-b264-b310-09e3f3204e5a">
      <Execution id="76fd1d4f-0cda-4c08-a92b-c1c2a8d6c347" />
      <TestMethod codeBase="C:\Users\米山\DuelMasters\tests\DMRules.Tests\bin\Debug\net8.0\DMRules.Tests.dll" adapterTypeName="executor://xunit/VsTestRunner2/netcoreapp" className="DMRules.Tests.PriorityOrderingTests" name="AP_Before_NAP_Even_If_NAP_Has_Higher_Priority" />
    </UnitTest>
    <UnitTest name="SBA Trace Probe (reflection)" storage="c:\users\米山\duelmasters\tests\dmrules.tests\bin\debug\net8.0\dmrules.tests.dll" id="3e229045-87c4-0ccc-0650-bfd9a7f29ce5">
      <Execution id="f1259fde-1bdb-40ea-b532-9bfa988c5504" />
      <TestMethod codeBase="C:\Users\米山\DuelMasters\tests\DMRules.Tests\bin\Debug\net8.0\DMRules.Tests.dll" adapterTypeName="executor://xunit/VsTestRunner2/netcoreapp" className="DMRules.Tests.SBATraceProbe" name="ProbeSbaViaReflection" />
    </UnitTest>
    <UnitTest name="DMRules.Tests.KeywordTemplateFixTests.WorldBreaker_CaseInsensitive_And_Charger_Parens(text: &quot;ワールド・ブレイカー&quot;, key: WorldBreaker)" storage="c:\users\米山\duelmasters\tests\dmrules.tests\bin\debug\net8.0\dmrules.tests.dll" id="2e7e8209-4d39-aebe-8f47-23f67f681744">
      <Execution id="148f852b-4813-4e4b-a862-f9e3b64553c4" />
      <TestMethod codeBase="C:\Users\米山\DuelMasters\tests\DMRules.Tests\bin\Debug\net8.0\DMRules.Tests.dll" adapterTypeName="executor://xunit/VsTestRunner2/netcoreapp" className="DMRules.Tests.KeywordTemplateFixTests" name="WorldBreaker_CaseInsensitive_And_Charger_Parens" />
    </UnitTest>
    <UnitTest name="DMRules.Tests.KeywordTemplateFinalFix2Tests.WorldBreaker_RomanOrKana(text: &quot;WORLD・BREAKER の効果を得る。&quot;, key: WorldBreaker)" storage="c:\users\米山\duelmasters\tests\dmrules.tests\bin\debug\net8.0\dmrules.tests.dll" id="e6560cf2-81dd-94df-2e89-d12a6290a288">
      <Execution id="ce4db064-f6ca-4865-a0e1-9da993dedfd7" />
      <TestMethod codeBase="C:\Users\米山\DuelMasters\tests\DMRules.Tests\bin\Debug\net8.0\DMRules.Tests.dll" adapterTypeName="executor://xunit/VsTestRunner2/netcoreapp" className="DMRules.Tests.KeywordTemplateFinalFix2Tests" name="WorldBreaker_RomanOrKana" />
    </UnitTest>
    <UnitTest name="DMRules.Tests.KeywordTemplateFixTests.WorldBreaker_CaseInsensitive_And_Charger_Parens(text: &quot;WORLD・BREAKER&quot;, key: WorldBreaker)" storage="c:\users\米山\duelmasters\tests\dmrules.tests\bin\debug\net8.0\dmrules.tests.dll" id="0697eaba-ff92-42ba-8681-2396a89dfdc6">
      <Execution id="759972f0-a0c0-418d-a71f-fd3644f86269" />
      <TestMethod codeBase="C:\Users\米山\DuelMasters\tests\DMRules.Tests\bin\Debug\net8.0\DMRules.Tests.dll" adapterTypeName="executor://xunit/VsTestRunner2/netcoreapp" className="DMRules.Tests.KeywordTemplateFixTests" name="WorldBreaker_CaseInsensitive_And_Charger_Parens" />
    </UnitTest>
    <UnitTest name="DMRules.Tests.KeywordTemplateFinalFix3Tests.WorldBreaker_RomanOrKana(text: &quot;ワールド・ブレイカー&quot;, key: WorldBreaker)" storage="c:\users\米山\duelmasters\tests\dmrules.tests\bin\debug\net8.0\dmrules.tests.dll" id="3736f69e-6b39-cd52-7375-a70f98bda793">
      <Execution id="cc92c470-3746-4915-8ec4-63c5f86b7723" />
      <TestMethod codeBase="C:\Users\米山\DuelMasters\tests\DMRules.Tests\bin\Debug\net8.0\DMRules.Tests.dll" adapterTypeName="executor://xunit/VsTestRunner2/netcoreapp" className="DMRules.Tests.KeywordTemplateFinalFix3Tests" name="WorldBreaker_RomanOrKana" />
    </UnitTest>
    <UnitTest name="DMRules.Tests.TextNormalization.M15_9_NormalizerTests.SquareBracket_RemovedBeforeTagging" storage="c:\users\米山\duelmasters\tests\dmrules.tests\bin\debug\net8.0\dmrules.tests.dll" id="5ff92ad8-277a-6a5f-358d-483695400ca3">
      <Execution id="7de55349-2e97-4c31-be7c-5afe6e0396d1" />
      <TestMethod codeBase="C:\Users\米山\DuelMasters\tests\DMRules.Tests\bin\Debug\net8.0\DMRules.Tests.dll" adapterTypeName="executor://xunit/VsTestRunner2/netcoreapp" className="DMRules.Tests.TextNormalization.M15_9_NormalizerTests" name="SquareBracket_RemovedBeforeTagging" />
    </UnitTest>
    <UnitTest name="DMRules.Tests.TextNormalization.KeywordTemplateTests.PeriodExpression_Strict_NormalizesToInTurn" storage="c:\users\米山\duelmasters\tests\dmrules.tests\bin\debug\net8.0\dmrules.tests.dll" id="36015f33-d1d8-6a13-f667-a89a5d265086">
      <Execution id="837739bc-33ab-48c1-b354-61a6212ffc12" />
      <TestMethod codeBase="C:\Users\米山\DuelMasters\tests\DMRules.Tests\bin\Debug\net8.0\DMRules.Tests.dll" adapterTypeName="executor://xunit/VsTestRunner2/netcoreapp" className="DMRules.Tests.TextNormalization.KeywordTemplateTests" name="PeriodExpression_Strict_NormalizesToInTurn" />
    </UnitTest>
    <UnitTest name="DMRules.Tests.KeywordTemplateFinalFix3Tests.Charger_Parens_With_Comma_And_Newline(text: &quot;チャージャー(この呪文を唱えた後、マナゾーンに置く)&quot;, key: Charger)" storage="c:\users\米山\duelmasters\tests\dmrules.tests\bin\debug\net8.0\dmrules.tests.dll" id="84d1ad1b-75ee-2471-a382-ce3df3c8d88b">
      <Execution id="d7892953-3076-4215-be29-e25839b45c71" />
      <TestMethod codeBase="C:\Users\米山\DuelMasters\tests\DMRules.Tests\bin\Debug\net8.0\DMRules.Tests.dll" adapterTypeName="executor://xunit/VsTestRunner2/netcoreapp" className="DMRules.Tests.KeywordTemplateFinalFix3Tests" name="Charger_Parens_With_Comma_And_Newline" />
    </UnitTest>
    <UnitTest name="DMRules.Tests.TextNormalization.M15_9_NormalizerTests.RandomDiscard_Normalization_BothModes" storage="c:\users\米山\duelmasters\tests\dmrules.tests\bin\debug\net8.0\dmrules.tests.dll" id="f8e32557-a456-5b7a-067c-6fb3029bf0c9">
      <Execution id="c825efa7-88b4-4a1f-b7b0-8f279d1fecdd" />
      <TestMethod codeBase="C:\Users\米山\DuelMasters\tests\DMRules.Tests\bin\Debug\net8.0\DMRules.Tests.dll" adapterTypeName="executor://xunit/VsTestRunner2/netcoreapp" className="DMRules.Tests.TextNormalization.M15_9_NormalizerTests" name="RandomDiscard_Normalization_BothModes" />
    </UnitTest>
    <UnitTest name="Phase instrumentation can probe (no-op safe)" storage="c:\users\米山\duelmasters\tests\dmrules.tests\bin\debug\net8.0\dmrules.tests.dll" id="51a38d1d-c05f-3046-3575-d7bb83a750dd">
      <Execution id="4f55793a-4959-400c-85ad-f755d832f268" />
      <TestMethod codeBase="C:\Users\米山\DuelMasters\tests\DMRules.Tests\bin\Debug\net8.0\DMRules.Tests.dll" adapterTypeName="executor://xunit/VsTestRunner2/netcoreapp" className="DMRules.Tests.PhaseInstrumentationTest" name="ProbeNoopSafe" />
    </UnitTest>
    <UnitTest name="DMRules.Tests.KeywordTemplateFinalFix2Tests.Charger_Parens_With_Comma_And_Newline(text: &quot;チャージャー（この呪文を唱えた後\nマナゾーンに置く）&quot;, key: Charger)" storage="c:\users\米山\duelmasters\tests\dmrules.tests\bin\debug\net8.0\dmrules.tests.dll" id="60ed9250-a21f-3700-be87-6b6c1bfde575">
      <Execution id="d217c2ea-9f4a-4fcf-a5d6-933fab7a9379" />
      <TestMethod codeBase="C:\Users\米山\DuelMasters\tests\DMRules.Tests\bin\Debug\net8.0\DMRules.Tests.dll" adapterTypeName="executor://xunit/VsTestRunner2/netcoreapp" className="DMRules.Tests.KeywordTemplateFinalFix2Tests" name="Charger_Parens_With_Comma_And_Newline" />
    </UnitTest>
    <UnitTest name="DMRules.Tests.TextNormalization.M15_9_SmokeTests.Strict_Mode_Behavior" storage="c:\users\米山\duelmasters\tests\dmrules.tests\bin\debug\net8.0\dmrules.tests.dll" id="e8049a62-e4b8-3d6f-8655-30c6b8f07233">
      <Execution id="1a1eaf36-3f79-4f0d-8d01-19260dd1bbb6" />
      <TestMethod codeBase="C:\Users\米山\DuelMasters\tests\DMRules.Tests\bin\Debug\net8.0\DMRules.Tests.dll" adapterTypeName="executor://xunit/VsTestRunner2/netcoreapp" className="DMRules.Tests.TextNormalization.M15_9_SmokeTests" name="Strict_Mode_Behavior" />
    </UnitTest>
    <UnitTest name="DMRules.Tests.ReplacementChainingTests.Destroy_Then_FlipFlag_Then_Prevent" storage="c:\users\米山\duelmasters\tests\dmrules.tests\bin\debug\net8.0\dmrules.tests.dll" id="d82d5ee9-e660-1990-9516-d9336b24b0a7">
      <Execution id="97e96f88-6b01-41c3-8e55-e229862d7e46" />
      <TestMethod codeBase="C:\Users\米山\DuelMasters\tests\DMRules.Tests\bin\Debug\net8.0\DMRules.Tests.dll" adapterTypeName="executor://xunit/VsTestRunner2/netcoreapp" className="DMRules.Tests.ReplacementChainingTests" name="Destroy_Then_FlipFlag_Then_Prevent" />
    </UnitTest>
    <UnitTest name="DMRules.Tests.TextNormalization.M15_9_NormalizerTests.RemoveShieldTriggerPrefix_WorksCorrectly" storage="c:\users\米山\duelmasters\tests\dmrules.tests\bin\debug\net8.0\dmrules.tests.dll" id="7c732b6b-2882-6055-9f57-a9b6d409834c">
      <Execution id="d719d3b8-f8da-4121-ac4f-9157c74e3c6f" />
      <TestMethod codeBase="C:\Users\米山\DuelMasters\tests\DMRules.Tests\bin\Debug\net8.0\DMRules.Tests.dll" adapterTypeName="executor://xunit/VsTestRunner2/netcoreapp" className="DMRules.Tests.TextNormalization.M15_9_NormalizerTests" name="RemoveShieldTriggerPrefix_WorksCorrectly" />
    </UnitTest>
    <UnitTest name="DMRules.Tests.TextNormalization.CardTextTemplateTests.ApplyAll_Pipeline_CoversRandomDiscard_AndShieldTriggerRemoval" storage="c:\users\米山\duelmasters\tests\dmrules.tests\bin\debug\net8.0\dmrules.tests.dll" id="32c44daa-3bf3-ba96-c749-361fa12ceb31">
      <Execution id="3d3d5073-83fb-413e-9038-55cee6cd15ea" />
      <TestMethod codeBase="C:\Users\米山\DuelMasters\tests\DMRules.Tests\bin\Debug\net8.0\DMRules.Tests.dll" adapterTypeName="executor://xunit/VsTestRunner2/netcoreapp" className="DMRules.Tests.TextNormalization.CardTextTemplateTests" name="ApplyAll_Pipeline_CoversRandomDiscard_AndShieldTriggerRemoval" />
    </UnitTest>
    <UnitTest name="DMRules.Tests.TraceSnapshotTests.CardTraceSnapshot_Basic(cardName: &quot;AquaSurfer&quot;, text: &quot;シールドトリガー。相手のクリーチャーを1体選び、持ち主の手札に戻す。&quot;)" storage="c:\users\米山\duelmasters\tests\dmrules.tests\bin\debug\net8.0\dmrules.tests.dll" id="70ed8dcf-0409-48b1-0c14-e6eec829a1e1">
      <Execution id="bed727a2-7952-476b-a58e-7591e3f82d87" />
      <TestMethod codeBase="C:\Users\米山\DuelMasters\tests\DMRules.Tests\bin\Debug\net8.0\DMRules.Tests.dll" adapterTypeName="executor://xunit/VsTestRunner2/netcoreapp" className="DMRules.Tests.TraceSnapshotTests" name="CardTraceSnapshot_Basic" />
    </UnitTest>
    <UnitTest name="DMRules.Tests.ExecutionLogicTests.Basic_RunAll_Works" storage="c:\users\米山\duelmasters\tests\dmrules.tests\bin\debug\net8.0\dmrules.tests.dll" id="f959d5f6-f634-40b9-f7fa-f89cb13b7aea">
      <Execution id="61a0b516-ee14-4dff-88cf-cd44044de21f" />
      <TestMethod codeBase="C:\Users\米山\DuelMasters\tests\DMRules.Tests\bin\Debug\net8.0\DMRules.Tests.dll" adapterTypeName="executor://xunit/VsTestRunner2/netcoreapp" className="DMRules.Tests.ExecutionLogicTests" name="Basic_RunAll_Works" />
    </UnitTest>
    <UnitTest name="DMRules.Tests.APNAPTests.Active_Player_Triggers_Resolve_Before_NonActive" storage="c:\users\米山\duelmasters\tests\dmrules.tests\bin\debug\net8.0\dmrules.tests.dll" id="8b9f0361-dfbe-3e8d-4040-36502dcf871b">
      <Execution id="5cbc1d06-177c-4b6a-8a2f-820ab6ed8785" />
      <TestMethod codeBase="C:\Users\米山\DuelMasters\tests\DMRules.Tests\bin\Debug\net8.0\DMRules.Tests.dll" adapterTypeName="executor://xunit/VsTestRunner2/netcoreapp" className="DMRules.Tests.APNAPTests" name="Active_Player_Triggers_Resolve_Before_NonActive" />
    </UnitTest>
    <UnitTest name="DMRules.Tests.KeywordTemplateFinalFix2Tests.WorldBreaker_RomanOrKana(text: &quot;ワールド・ブレイカー&quot;, key: WorldBreaker)" storage="c:\users\米山\duelmasters\tests\dmrules.tests\bin\debug\net8.0\dmrules.tests.dll" id="027f548f-2b43-98df-d533-af5f137c5cdc">
      <Execution id="b2bccb7b-529b-4750-acd1-e37b009a29ef" />
      <TestMethod codeBase="C:\Users\米山\DuelMasters\tests\DMRules.Tests\bin\Debug\net8.0\DMRules.Tests.dll" adapterTypeName="executor://xunit/VsTestRunner2/netcoreapp" className="DMRules.Tests.KeywordTemplateFinalFix2Tests" name="WorldBreaker_RomanOrKana" />
    </UnitTest>
    <UnitTest name="DMRules.Tests.TextNormalization.M15_9_NormalizerTests.UntilStartOfNextTurn_StandardizedInStrict" storage="c:\users\米山\duelmasters\tests\dmrules.tests\bin\debug\net8.0\dmrules.tests.dll" id="eeb0bd0a-1275-5845-1357-54505b2db0af">
      <Execution id="2c945b48-9895-4590-8c2a-4e19dfb50bf7" />
      <TestMethod codeBase="C:\Users\米山\DuelMasters\tests\DMRules.Tests\bin\Debug\net8.0\DMRules.Tests.dll" adapterTypeName="executor://xunit/VsTestRunner2/netcoreapp" className="DMRules.Tests.TextNormalization.M15_9_NormalizerTests" name="UntilStartOfNextTurn_StandardizedInStrict" />
    </UnitTest>
    <UnitTest name="DMRules.Tests.KeywordTemplateFinalFixTests.WorldBreaker_RomanOrKana(text: &quot;ワールド・ブレイカー&quot;, key: WorldBreaker)" storage="c:\users\米山\duelmasters\tests\dmrules.tests\bin\debug\net8.0\dmrules.tests.dll" id="2d7ac208-7dec-bf7e-f60a-85a2654b245f">
      <Execution id="df4b6dc8-51da-44b6-9419-3c8ea1278a0a" />
      <TestMethod codeBase="C:\Users\米山\DuelMasters\tests\DMRules.Tests\bin\Debug\net8.0\DMRules.Tests.dll" adapterTypeName="executor://xunit/VsTestRunner2/netcoreapp" className="DMRules.Tests.KeywordTemplateFinalFixTests" name="WorldBreaker_RomanOrKana" />
    </UnitTest>
    <UnitTest name="Golden 20 cards snapshot (DB preferred, fallback; supports update mode)" storage="c:\users\米山\duelmasters\tests\dmrules.tests\bin\debug\net8.0\dmrules.tests.dll" id="ec1f0943-85aa-dced-d77c-aa2b3dec4b99">
      <Execution id="63058470-9ef3-46d2-8e75-5304d81ad109" />
      <TestMethod codeBase="C:\Users\米山\DuelMasters\tests\DMRules.Tests\bin\Debug\net8.0\DMRules.Tests.dll" adapterTypeName="executor://xunit/VsTestRunner2/netcoreapp" className="DMRules.Tests.GoldenSnapshotSuite" name="GoldenSnapshots_Run" />
    </UnitTest>
    <UnitTest name="DMRules.Tests.TraceSnapshotTests.CardTraceSnapshot_Basic(cardName: &quot;BolmeteusWhiteDragon&quot;, text: &quot;このクリーチャーが攻撃する時、相手のシールドを1つ選び、墓地に置く。&quot;)" storage="c:\users\米山\duelmasters\tests\dmrules.tests\bin\debug\net8.0\dmrules.tests.dll" id="32005fd6-c69e-c1af-8ea7-8c9be4172f65">
      <Execution id="54294cfc-6dae-4102-b8cd-341ad02024e3" />
      <TestMethod codeBase="C:\Users\米山\DuelMasters\tests\DMRules.Tests\bin\Debug\net8.0\DMRules.Tests.dll" adapterTypeName="executor://xunit/VsTestRunner2/netcoreapp" className="DMRules.Tests.TraceSnapshotTests" name="CardTraceSnapshot_Basic" />
    </UnitTest>
    <UnitTest name="DMRules.Tests.ReplacementEffectTests.PreventNextDestroy_Stops_ZoneChange_And_Enqueues_Draw" storage="c:\users\米山\duelmasters\tests\dmrules.tests\bin\debug\net8.0\dmrules.tests.dll" id="c0757847-5274-8879-f4e6-1a027de14ebe">
      <Execution id="92c60879-3925-4da5-af43-e06791880656" />
      <TestMethod codeBase="C:\Users\米山\DuelMasters\tests\DMRules.Tests\bin\Debug\net8.0\DMRules.Tests.dll" adapterTypeName="executor://xunit/VsTestRunner2/netcoreapp" className="DMRules.Tests.ReplacementEffectTests" name="PreventNextDestroy_Stops_ZoneChange_And_Enqueues_Draw" />
    </UnitTest>
    <UnitTest name="DMRules.Tests.KeywordTemplateFinalFixTests.Charger_Parens_Full_Or_Half(text: &quot;チャージャー（この呪文を唱えた後、マナゾーンに置く）&quot;, key: Charger)" storage="c:\users\米山\duelmasters\tests\dmrules.tests\bin\debug\net8.0\dmrules.tests.dll" id="12097e5b-bedc-72c7-e9f7-04e90344aa15">
      <Execution id="52b17ec9-d355-46f9-a958-5e531894dc8e" />
      <TestMethod codeBase="C:\Users\米山\DuelMasters\tests\DMRules.Tests\bin\Debug\net8.0\DMRules.Tests.dll" adapterTypeName="executor://xunit/VsTestRunner2/netcoreapp" className="DMRules.Tests.KeywordTemplateFinalFixTests" name="Charger_Parens_Full_Or_Half" />
    </UnitTest>
    <UnitTest name="DMRules.Tests.KeywordTemplateFinalFixTests.Charger_Parens_Full_Or_Half(text: &quot;チャージャー(この呪文を唱えた後、マナゾーンに置く)&quot;, key: Charger)" storage="c:\users\米山\duelmasters\tests\dmrules.tests\bin\debug\net8.0\dmrules.tests.dll" id="5b23b3fd-7ad5-60c5-4c1a-f4b6f5db4324">
      <Execution id="25ba287e-8938-4e8e-8322-fbec6a42082d" />
      <TestMethod codeBase="C:\Users\米山\DuelMasters\tests\DMRules.Tests\bin\Debug\net8.0\DMRules.Tests.dll" adapterTypeName="executor://xunit/VsTestRunner2/netcoreapp" className="DMRules.Tests.KeywordTemplateFinalFixTests" name="Charger_Parens_Full_Or_Half" />
    </UnitTest>
    <UnitTest name="DMRules.Tests.KeywordTemplateFinalFix3Tests.WorldBreaker_RomanOrKana(text: &quot;このクリーチャーはワールド・ブレイカーを得る。&quot;, key: WorldBreaker)" storage="c:\users\米山\duelmasters\tests\dmrules.tests\bin\debug\net8.0\dmrules.tests.dll" id="e664ccdb-53f1-4205-799e-56c7bda644fd">
      <Execution id="33efac9d-2259-418a-8dcf-753ae210fc5b" />
      <TestMethod codeBase="C:\Users\米山\DuelMasters\tests\DMRules.Tests\bin\Debug\net8.0\DMRules.Tests.dll" adapterTypeName="executor://xunit/VsTestRunner2/netcoreapp" className="DMRules.Tests.KeywordTemplateFinalFix3Tests" name="WorldBreaker_RomanOrKana" />
    </UnitTest>
    <UnitTest name="DMRules.Tests.KeywordPack2QuickFixTests.InvasionZero_Prioritized_Over_Invasion" storage="c:\users\米山\duelmasters\tests\dmrules.tests\bin\debug\net8.0\dmrules.tests.dll" id="f1c7d817-8e07-9d83-1fce-a1684de1e5e5">
      <Execution id="6780bb2b-8b87-4349-9b99-750bc0b2953c" />
      <TestMethod codeBase="C:\Users\米山\DuelMasters\tests\DMRules.Tests\bin\Debug\net8.0\DMRules.Tests.dll" adapterTypeName="executor://xunit/VsTestRunner2/netcoreapp" className="DMRules.Tests.KeywordPack2QuickFixTests" name="InvasionZero_Prioritized_Over_Invasion" />
    </UnitTest>
    <UnitTest name="DMRules.Tests.KeywordTemplateFinalFix3Tests.Charger_Parens_With_Comma_And_Newline(text: &quot;チャージャー（この呪文を唱えた後, マナゾーンに置く）&quot;, key: Charger)" storage="c:\users\米山\duelmasters\tests\dmrules.tests\bin\debug\net8.0\dmrules.tests.dll" id="225dee68-3947-4422-448c-a8962f150e10">
      <Execution id="b3470764-7e97-47c2-89d1-445d7629c113" />
      <TestMethod codeBase="C:\Users\米山\DuelMasters\tests\DMRules.Tests\bin\Debug\net8.0\DMRules.Tests.dll" adapterTypeName="executor://xunit/VsTestRunner2/netcoreapp" className="DMRules.Tests.KeywordTemplateFinalFix3Tests" name="Charger_Parens_With_Comma_And_Newline" />
    </UnitTest>
    <UnitTest name="DMRules.Tests.ReplacementChainingTests.Destroy_Then_FlipFlag_Then_Exile" storage="c:\users\米山\duelmasters\tests\dmrules.tests\bin\debug\net8.0\dmrules.tests.dll" id="b767f714-5ff3-5c71-f81e-8daeb35dba3b">
      <Execution id="2aaa7131-fcce-402b-8621-d1ae40ff1ca2" />
      <TestMethod codeBase="C:\Users\米山\DuelMasters\tests\DMRules.Tests\bin\Debug\net8.0\DMRules.Tests.dll" adapterTypeName="executor://xunit/VsTestRunner2/netcoreapp" className="DMRules.Tests.ReplacementChainingTests" name="Destroy_Then_FlipFlag_Then_Exile" />
    </UnitTest>
    <UnitTest name="DMRules.Tests.KeywordPack2QuickFixTests.GZero_LineStart_Anchored" storage="c:\users\米山\duelmasters\tests\dmrules.tests\bin\debug\net8.0\dmrules.tests.dll" id="c8f509ac-2e62-fb8d-392d-971386b5fce7">
      <Execution id="13d9308f-bd1a-4bdf-aade-14431b8bff77" />
      <TestMethod codeBase="C:\Users\米山\DuelMasters\tests\DMRules.Tests\bin\Debug\net8.0\DMRules.Tests.dll" adapterTypeName="executor://xunit/VsTestRunner2/netcoreapp" className="DMRules.Tests.KeywordPack2QuickFixTests" name="GZero_LineStart_Anchored" />
    </UnitTest>
    <UnitTest name="TraceExporter writes JSON(L) when DM_TRACE=1" storage="c:\users\米山\duelmasters\tests\dmrules.tests\bin\debug\net8.0\dmrules.tests.dll" id="a27f7af6-8930-e922-1865-2f3b63a04862">
      <Execution id="7d8d30b9-a06b-47ff-8257-2401eb3cbb4e" />
      <TestMethod codeBase="C:\Users\米山\DuelMasters\tests\DMRules.Tests\bin\Debug\net8.0\DMRules.Tests.dll" adapterTypeName="executor://xunit/VsTestRunner2/netcoreapp" className="DMRules.Tests.TraceSmokeTest" name="WritesJsonlWhenEnabled" />
    </UnitTest>
    <UnitTest name="DMRules.Tests.KeywordTemplateFinalFix3Tests.WorldBreaker_RomanOrKana(text: &quot;WORLD・BREAKER の効果を得る。&quot;, key: WorldBreaker)" storage="c:\users\米山\duelmasters\tests\dmrules.tests\bin\debug\net8.0\dmrules.tests.dll" id="4f83fe3d-a0fc-29cf-8191-c6a677249691">
      <Execution id="0a3a3894-c455-4a4b-9c8a-867f7d039fb7" />
      <TestMethod codeBase="C:\Users\米山\DuelMasters\tests\DMRules.Tests\bin\Debug\net8.0\DMRules.Tests.dll" adapterTypeName="executor://xunit/VsTestRunner2/netcoreapp" className="DMRules.Tests.KeywordTemplateFinalFix3Tests" name="WorldBreaker_RomanOrKana" />
    </UnitTest>
    <UnitTest name="DMRules.Tests.KeywordTemplateFinalFix2Tests.Charger_Parens_With_Comma_And_Newline(text: &quot;チャージャー（この呪文を唱えた後、マナゾーンに置く）&quot;, key: Charger)" storage="c:\users\米山\duelmasters\tests\dmrules.tests\bin\debug\net8.0\dmrules.tests.dll" id="1e5b644e-9182-5235-d0a8-9e3a85e2fa89">
      <Execution id="e401cf24-0364-4b1e-acea-b5f7794c0f32" />
      <TestMethod codeBase="C:\Users\米山\DuelMasters\tests\DMRules.Tests\bin\Debug\net8.0\DMRules.Tests.dll" adapterTypeName="executor://xunit/VsTestRunner2/netcoreapp" className="DMRules.Tests.KeywordTemplateFinalFix2Tests" name="Charger_Parens_With_Comma_And_Newline" />
    </UnitTest>
    <UnitTest name="DMRules.Tests.KeywordTemplateFinalFix3Tests.Charger_Parens_With_Comma_And_Newline(text: &quot;チャージャー（この呪文を唱えた後\nマナゾーンに置く）&quot;, key: Charger)" storage="c:\users\米山\duelmasters\tests\dmrules.tests\bin\debug\net8.0\dmrules.tests.dll" id="29e7250a-623e-1040-a469-5bda616b27b9">
      <Execution id="bba3bd64-f94f-4f83-be3d-15a8e89fe0c5" />
      <TestMethod codeBase="C:\Users\米山\DuelMasters\tests\DMRules.Tests\bin\Debug\net8.0\DMRules.Tests.dll" adapterTypeName="executor://xunit/VsTestRunner2/netcoreapp" className="DMRules.Tests.KeywordTemplateFinalFix3Tests" name="Charger_Parens_With_Comma_And_Newline" />
    </UnitTest>
    <UnitTest name="DMRules.Tests.KeywordTemplateFixTests.SetMarker_Kakko_Is_Ignored" storage="c:\users\米山\duelmasters\tests\dmrules.tests\bin\debug\net8.0\dmrules.tests.dll" id="ecc2a8c4-43a3-f2fb-17e6-045484606900">
      <Execution id="0b37f13f-f1e3-41d5-af12-29c5e7b99ef3" />
      <TestMethod codeBase="C:\Users\米山\DuelMasters\tests\DMRules.Tests\bin\Debug\net8.0\DMRules.Tests.dll" adapterTypeName="executor://xunit/VsTestRunner2/netcoreapp" className="DMRules.Tests.KeywordTemplateFixTests" name="SetMarker_Kakko_Is_Ignored" />
    </UnitTest>
    <UnitTest name="DMRules.Tests.KeywordTemplateFinalFix3Tests.WorldBreaker_RomanOrKana(text: &quot;WORLD・BREAKER&quot;, key: WorldBreaker)" storage="c:\users\米山\duelmasters\tests\dmrules.tests\bin\debug\net8.0\dmrules.tests.dll" id="175f1ecf-2c38-99f2-2ab2-a7662d759288">
      <Execution id="b697f4af-81cf-41e8-be62-73901ee05273" />
      <TestMethod codeBase="C:\Users\米山\DuelMasters\tests\DMRules.Tests\bin\Debug\net8.0\DMRules.Tests.dll" adapterTypeName="executor://xunit/VsTestRunner2/netcoreapp" className="DMRules.Tests.KeywordTemplateFinalFix3Tests" name="WorldBreaker_RomanOrKana" />
    </UnitTest>
    <UnitTest name="DMRules.Tests.KeywordTemplateFinalFixTests.WorldBreaker_RomanOrKana(text: &quot;WORLD・BREAKER の効果を得る。&quot;, key: WorldBreaker)" storage="c:\users\米山\duelmasters\tests\dmrules.tests\bin\debug\net8.0\dmrules.tests.dll" id="d545c8b4-72a4-5ba0-8ce4-82b497574348">
      <Execution id="6cb5d8ac-e4e7-4f1c-92a7-3339a2659f66" />
      <TestMethod codeBase="C:\Users\米山\DuelMasters\tests\DMRules.Tests\bin\Debug\net8.0\DMRules.Tests.dll" adapterTypeName="executor://xunit/VsTestRunner2/netcoreapp" className="DMRules.Tests.KeywordTemplateFinalFixTests" name="WorldBreaker_RomanOrKana" />
    </UnitTest>
    <UnitTest name="DMRules.Tests.KeywordPack2Tests.Dummy_Skip" storage="c:\users\米山\duelmasters\tests\dmrules.tests\bin\debug\net8.0\dmrules.tests.dll" id="72810a86-3fef-d1f1-79a5-d285980bd79c">
      <Execution id="9b5fc2f0-a96e-4353-a5b4-2be912552aaa" />
      <TestMethod codeBase="C:\Users\米山\DuelMasters\tests\DMRules.Tests\bin\Debug\net8.0\DMRules.Tests.dll" adapterTypeName="executor://xunit/VsTestRunner2/netcoreapp" className="DMRules.Tests.KeywordPack2Tests" name="Dummy_Skip" />
    </UnitTest>
    <UnitTest name="DMRules.Tests.TraceAndChooserTests.Custom_Chooser_Picks_Last_Candidate_And_Trace_Records_It" storage="c:\users\米山\duelmasters\tests\dmrules.tests\bin\debug\net8.0\dmrules.tests.dll" id="fa4ec649-a6c0-5809-b4d3-0927a382c747">
      <Execution id="5636527b-6f8d-417d-962e-305b6be09d71" />
      <TestMethod codeBase="C:\Users\米山\DuelMasters\tests\DMRules.Tests\bin\Debug\net8.0\DMRules.Tests.dll" adapterTypeName="executor://xunit/VsTestRunner2/netcoreapp" className="DMRules.Tests.TraceAndChooserTests" name="Custom_Chooser_Picks_Last_Candidate_And_Trace_Records_It" />
    </UnitTest>
    <UnitTest name="DMRules.Tests.KeywordTemplateFinalFix2Tests.Charger_Parens_With_Comma_And_Newline(text: &quot;チャージャー(この呪文を唱えた後、マナゾーンに置く)&quot;, key: Charger)" storage="c:\users\米山\duelmasters\tests\dmrules.tests\bin\debug\net8.0\dmrules.tests.dll" id="ed65487b-e75c-f1f6-3a34-be1a1d600ee3">
      <Execution id="db6bd767-a61e-4bbf-8f83-66b9bf8ca7dc" />
      <TestMethod codeBase="C:\Users\米山\DuelMasters\tests\DMRules.Tests\bin\Debug\net8.0\DMRules.Tests.dll" adapterTypeName="executor://xunit/VsTestRunner2/netcoreapp" className="DMRules.Tests.KeywordTemplateFinalFix2Tests" name="Charger_Parens_With_Comma_And_Newline" />
    </UnitTest>
    <UnitTest name="DMRules.Tests.KeywordTemplateFixTests.WorldBreaker_CaseInsensitive_And_Charger_Parens(text: &quot;チャージャー（この呪文を唱えた後、マナゾーンに置く）&quot;, key: Charger)" storage="c:\users\米山\duelmasters\tests\dmrules.tests\bin\debug\net8.0\dmrules.tests.dll" id="cae72dce-32fd-9a73-3da0-bd0eea2717f8">
      <Execution id="a93c4fc3-9193-493a-bbe1-6cde6ff395ca" />
      <TestMethod codeBase="C:\Users\米山\DuelMasters\tests\DMRules.Tests\bin\Debug\net8.0\DMRules.Tests.dll" adapterTypeName="executor://xunit/VsTestRunner2/netcoreapp" className="DMRules.Tests.KeywordTemplateFixTests" name="WorldBreaker_CaseInsensitive_And_Charger_Parens" />
    </UnitTest>
    <UnitTest name="DMRules.Tests.TurnPhaseTests.Phase_Cycles_And_Active_Player_Swaps_At_End" storage="c:\users\米山\duelmasters\tests\dmrules.tests\bin\debug\net8.0\dmrules.tests.dll" id="fd22107e-1dc6-ca78-19a8-11a02a740ec6">
      <Execution id="1f64aa1c-8fa0-4286-a0b8-456be2ba52f4" />
      <TestMethod codeBase="C:\Users\米山\DuelMasters\tests\DMRules.Tests\bin\Debug\net8.0\DMRules.Tests.dll" adapterTypeName="executor://xunit/VsTestRunner2/netcoreapp" className="DMRules.Tests.TurnPhaseTests" name="Phase_Cycles_And_Active_Player_Swaps_At_End" />
    </UnitTest>
    <UnitTest name="DMRules.Tests.KeywordTemplateFinalFix2Tests.WorldBreaker_RomanOrKana(text: &quot;このクリーチャーはワールド・ブレイカーを得る。&quot;, key: WorldBreaker)" storage="c:\users\米山\duelmasters\tests\dmrules.tests\bin\debug\net8.0\dmrules.tests.dll" id="2b467f3f-657d-a65b-0734-622dbc6503f8">
      <Execution id="3ed37f2d-6550-4c62-a616-7ba541735154" />
      <TestMethod codeBase="C:\Users\米山\DuelMasters\tests\DMRules.Tests\bin\Debug\net8.0\DMRules.Tests.dll" adapterTypeName="executor://xunit/VsTestRunner2/netcoreapp" className="DMRules.Tests.KeywordTemplateFinalFix2Tests" name="WorldBreaker_RomanOrKana" />
    </UnitTest>
    <UnitTest name="DMRules.Tests.TemplateAutoAddTests.Dummy_Skip" storage="c:\users\米山\duelmasters\tests\dmrules.tests\bin\debug\net8.0\dmrules.tests.dll" id="2f7c30bf-6db1-6880-1b28-a242cfd3d827">
      <Execution id="1d0aecf3-81f9-4b2c-a1a1-b5544a016e94" />
      <TestMethod codeBase="C:\Users\米山\DuelMasters\tests\DMRules.Tests\bin\Debug\net8.0\DMRules.Tests.dll" adapterTypeName="executor://xunit/VsTestRunner2/netcoreapp" className="DMRules.Tests.TemplateAutoAddTests" name="Dummy_Skip" />
    </UnitTest>
    <UnitTest name="Engine SBAInstrumentation TryProbeAndRun()" storage="c:\users\米山\duelmasters\tests\dmrules.tests\bin\debug\net8.0\dmrules.tests.dll" id="9a2bf151-3330-eb8b-41a1-1acf21ecafdb">
      <Execution id="46989ac6-4801-462c-af3f-12a73168b31f" />
      <TestMethod codeBase="C:\Users\米山\DuelMasters\tests\DMRules.Tests\bin\Debug\net8.0\DMRules.Tests.dll" adapterTypeName="executor://xunit/VsTestRunner2/netcoreapp" className="DMRules.Tests.EngineSBAInvokeTest" name="InvokeIfFound" />
    </UnitTest>
    <UnitTest name="DMRules.Tests.KeywordTemplateFinalFixTests.WorldBreaker_RomanOrKana(text: &quot;このクリーチャーはワールド・ブレイカーを得る。&quot;, key: WorldBreaker)" storage="c:\users\米山\duelmasters\tests\dmrules.tests\bin\debug\net8.0\dmrules.tests.dll" id="291e3098-4594-27d7-f6c8-a0af0ccd6269">
      <Execution id="efdd0472-85bd-4e18-9087-731090fcb598" />
      <TestMethod codeBase="C:\Users\米山\DuelMasters\tests\DMRules.Tests\bin\Debug\net8.0\DMRules.Tests.dll" adapterTypeName="executor://xunit/VsTestRunner2/netcoreapp" className="DMRules.Tests.KeywordTemplateFinalFixTests" name="WorldBreaker_RomanOrKana" />
    </UnitTest>
    <UnitTest name="DMRules.Tests.ReplayTests.SampleRealLogExistsAndReplayToolOutputsTrace" storage="c:\users\米山\duelmasters\tests\dmrules.tests\bin\debug\net8.0\dmrules.tests.dll" id="5c9c3afa-5f8c-d3c9-8211-58d31c98833f">
      <Execution id="b11e5070-1364-43e3-a222-42d6cfc73f9a" />
      <TestMethod codeBase="C:\Users\米山\DuelMasters\tests\DMRules.Tests\bin\Debug\net8.0\DMRules.Tests.dll" adapterTypeName="executor://xunit/VsTestRunner2/netcoreapp" className="DMRules.Tests.ReplayTests" name="SampleRealLogExistsAndReplayToolOutputsTrace" />
    </UnitTest>
    <UnitTest name="DMRules.Tests.TemplateEnumerationTests.Dummy_Skip" storage="c:\users\米山\duelmasters\tests\dmrules.tests\bin\debug\net8.0\dmrules.tests.dll" id="0841e814-6564-232d-ebdc-14b8278f3318">
      <Execution id="00bdcc7a-0c20-4db6-b196-1f31e67d09fd" />
      <TestMethod codeBase="C:\Users\米山\DuelMasters\tests\DMRules.Tests\bin\Debug\net8.0\DMRules.Tests.dll" adapterTypeName="executor://xunit/VsTestRunner2/netcoreapp" className="DMRules.Tests.TemplateEnumerationTests" name="Dummy_Skip" />
    </UnitTest>
    <UnitTest name="DMRules.Tests.KeywordTemplateFinalFixTests.SetMarker_Wide_Pattern_Ignored" storage="c:\users\米山\duelmasters\tests\dmrules.tests\bin\debug\net8.0\dmrules.tests.dll" id="0cb469c0-6c50-4ff4-cb00-5527539f57f1">
      <Execution id="afabbe95-b8c6-4291-935f-8a432f0ba290" />
      <TestMethod codeBase="C:\Users\米山\DuelMasters\tests\DMRules.Tests\bin\Debug\net8.0\DMRules.Tests.dll" adapterTypeName="executor://xunit/VsTestRunner2/netcoreapp" className="DMRules.Tests.KeywordTemplateFinalFixTests" name="SetMarker_Wide_Pattern_Ignored" />
    </UnitTest>
    <UnitTest name="DMRules.Tests.KeywordTemplateFinalFix3Tests.Charger_Parens_With_Comma_And_Newline(text: &quot;チャージャー（この呪文を唱えた後、マナゾーンに置く）&quot;, key: Charger)" storage="c:\users\米山\duelmasters\tests\dmrules.tests\bin\debug\net8.0\dmrules.tests.dll" id="ded85a13-6425-d8b7-19c3-f7e6df4a549c">
      <Execution id="b0e548fd-64f8-4907-9dda-fef11e22ef59" />
      <TestMethod codeBase="C:\Users\米山\DuelMasters\tests\DMRules.Tests\bin\Debug\net8.0\DMRules.Tests.dll" adapterTypeName="executor://xunit/VsTestRunner2/netcoreapp" className="DMRules.Tests.KeywordTemplateFinalFix3Tests" name="Charger_Parens_With_Comma_And_Newline" />
    </UnitTest>
    <UnitTest name="DMRules.Tests.ReplacementEffectTests.Without_Replacement_Destroy_Proceeds_And_Death_Trigger_Fires" storage="c:\users\米山\duelmasters\tests\dmrules.tests\bin\debug\net8.0\dmrules.tests.dll" id="3bad7155-3bfd-ae16-6c34-2aa1a3203191">
      <Execution id="3de14d13-9794-4ee7-8e5f-70e8cb847084" />
      <TestMethod codeBase="C:\Users\米山\DuelMasters\tests\DMRules.Tests\bin\Debug\net8.0\DMRules.Tests.dll" adapterTypeName="executor://xunit/VsTestRunner2/netcoreapp" className="DMRules.Tests.ReplacementEffectTests" name="Without_Replacement_Destroy_Proceeds_And_Death_Trigger_Fires" />
    </UnitTest>
    <UnitTest name="DMRules.Tests.PriorityOrderingTests.AP_Triggers_Order_By_Priority_Then_Sequence" storage="c:\users\米山\duelmasters\tests\dmrules.tests\bin\debug\net8.0\dmrules.tests.dll" id="25430ab6-3504-76c9-5a09-5b505db11791">
      <Execution id="9c496f82-9ad8-4324-9915-8995ef3819a6" />
[...]
      <Execution id="cd13924e-83cf-4ec6-b6b3-d2601d5c16e2" />
      <TestMethod codeBase="C:\Users\米山\DuelMasters\tests\DMRules.Tests\bin\Debug\net8.0\DMRules.Tests.dll" adapterTypeName="executor://xunit/VsTestRunner2/netcoreapp" className="DMRules.Tests.KeywordTemplateFinalFix2Tests" name="WorldBreaker_RomanOrKana" />
    </UnitTest>
    <UnitTest name="DMRules.Tests.TextNormalization.M15_9_NormalizerTests.ApplyAll_WorksInStrictMode" storage="c:\users\米山\duelmasters\tests\dmrules.tests\bin\debug\net8.0\dmrules.tests.dll" id="c85cc14a-5e00-f7ba-2ef8-1134b4eb6baf">
      <Execution id="c080180b-e152-4390-82f7-bc374563b69b" />
      <TestMethod codeBase="C:\Users\米山\DuelMasters\tests\DMRules.Tests\bin\Debug\net8.0\DMRules.Tests.dll" adapterTypeName="executor://xunit/VsTestRunner2/netcoreapp" className="DMRules.Tests.TextNormalization.M15_9_NormalizerTests" name="ApplyAll_WorksInStrictMode" />
    </UnitTest>
    <UnitTest name="DMRules.Tests.TextNormalization.CardTextTemplateTests.RandomDiscard_Strict_SubjectForm" storage="c:\users\米山\duelmasters\tests\dmrules.tests\bin\debug\net8.0\dmrules.tests.dll" id="b860b17f-8f21-2ed8-1c2d-9e8780098d21">
      <Execution id="125817e8-84e6-4351-8afd-90ef7b9e9563" />
      <TestMethod codeBase="C:\Users\米山\DuelMasters\tests\DMRules.Tests\bin\Debug\net8.0\DMRules.Tests.dll" adapterTypeName="executor://xunit/VsTestRunner2/netcoreapp" className="DMRules.Tests.TextNormalization.CardTextTemplateTests" name="RandomDiscard_Strict_SubjectForm" />
    </UnitTest>
    <UnitTest name="DMRules.Tests.TextNormalization.KeywordTemplateTests.SquareBrackets_AreRemovedBeforeTagging" storage="c:\users\米山\duelmasters\tests\dmrules.tests\bin\debug\net8.0\dmrules.tests.dll" id="416fb686-2649-7cb7-294e-f1475a7aaefc">
      <Execution id="c139b50d-116b-4c6c-ab51-ec076cd462b7" />
      <TestMethod codeBase="C:\Users\米山\DuelMasters\tests\DMRules.Tests\bin\Debug\net8.0\DMRules.Tests.dll" adapterTypeName="executor://xunit/VsTestRunner2/netcoreapp" className="DMRules.Tests.TextNormalization.KeywordTemplateTests" name="SquareBrackets_AreRemovedBeforeTagging" />
    </UnitTest>
    <UnitTest name="DMRules.Tests.KeywordTemplateFinalFix3Tests.SetMarker_Wide_Pattern_Ignored" storage="c:\users\米山\duelmasters\tests\dmrules.tests\bin\debug\net8.0\dmrules.tests.dll" id="88f31864-7328-fc03-4bd6-35084d342336">
      <Execution id="485eb845-3af1-49ed-b099-4d66603f552b" />
      <TestMethod codeBase="C:\Users\米山\DuelMasters\tests\DMRules.Tests\bin\Debug\net8.0\DMRules.Tests.dll" adapterTypeName="executor://xunit/VsTestRunner2/netcoreapp" className="DMRules.Tests.KeywordTemplateFinalFix3Tests" name="SetMarker_Wide_Pattern_Ignored" />
    </UnitTest>
    <UnitTest name="DMRules.Tests.KeywordTemplateFinalFix2Tests.SetMarker_Wide_Pattern_Ignored" storage="c:\users\米山\duelmasters\tests\dmrules.tests\bin\debug\net8.0\dmrules.tests.dll" id="e1a56818-012b-4006-cc10-df9989bb21bf">
      <Execution id="483cdb6b-132e-4c2c-9db8-4355526fd0b4" />
      <TestMethod codeBase="C:\Users\米山\DuelMasters\tests\DMRules.Tests\bin\Debug\net8.0\DMRules.Tests.dll" adapterTypeName="executor://xunit/VsTestRunner2/netcoreapp" className="DMRules.Tests.KeywordTemplateFinalFix2Tests" name="SetMarker_Wide_Pattern_Ignored" />
    </UnitTest>
    <UnitTest name="DMRules.Tests.TraceAndChooserTests.Trace_Is_Appended_On_Key_Steps" storage="c:\users\米山\duelmasters\tests\dmrules.tests\bin\debug\net8.0\dmrules.tests.dll" id="df1d1174-53b5-1c0b-bbfa-d3d10f4da562">
      <Execution id="6be6266c-dbe5-4400-be1c-53963233c370" />
      <TestMethod codeBase="C:\Users\米山\DuelMasters\tests\DMRules.Tests\bin\Debug\net8.0\DMRules.Tests.dll" adapterTypeName="executor://xunit/VsTestRunner2/netcoreapp" className="DMRules.Tests.TraceAndChooserTests" name="Trace_Is_Appended_On_Key_Steps" />
    </UnitTest>
  </TestDefinitions>
  <TestEntries>
    <TestEntry testId="b860b17f-8f21-2ed8-1c2d-9e8780098d21" executionId="125817e8-84e6-4351-8afd-90ef7b9e9563" testListId="8c84fa94-04c1-424b-9868-57a2d4851a1d" />
    <TestEntry testId="2f7c30bf-6db1-6880-1b28-a242cfd3d827" executionId="1d0aecf3-81f9-4b2c-a1a1-b5544a016e94" testListId="8c84fa94-04c1-424b-9868-57a2d4851a1d" />
    <TestEntry testId="ecc2a8c4-43a3-f2fb-17e6-045484606900" executionId="0b37f13f-f1e3-41d5-af12-29c5e7b99ef3" testListId="8c84fa94-04c1-424b-9868-57a2d4851a1d" />
    <TestEntry testId="36015f33-d1d8-6a13-f667-a89a5d265086" executionId="837739bc-33ab-48c1-b354-61a6212ffc12" testListId="8c84fa94-04c1-424b-9868-57a2d4851a1d" />
    <TestEntry testId="51a38d1d-c05f-3046-3575-d7bb83a750dd" executionId="4f55793a-4959-400c-85ad-f755d832f268" testListId="8c84fa94-04c1-424b-9868-57a2d4851a1d" />
    <TestEntry testId="70ed8dcf-0409-48b1-0c14-e6eec829a1e1" executionId="bed727a2-7952-476b-a58e-7591e3f82d87" testListId="8c84fa94-04c1-424b-9868-57a2d4851a1d" />
    <TestEntry testId="0697eaba-ff92-42ba-8681-2396a89dfdc6" executionId="759972f0-a0c0-418d-a71f-fd3644f86269" testListId="8c84fa94-04c1-424b-9868-57a2d4851a1d" />
    <TestEntry testId="df1d1174-53b5-1c0b-bbfa-d3d10f4da562" executionId="6be6266c-dbe5-4400-be1c-53963233c370" testListId="8c84fa94-04c1-424b-9868-57a2d4851a1d" />
    <TestEntry testId="4ced3bb4-cb47-19ad-008c-a5dc3b468040" executionId="9d23d041-0bc5-4b38-ab27-59cbf1aa96f4" testListId="8c84fa94-04c1-424b-9868-57a2d4851a1d" />
    <TestEntry testId="0841e814-6564-232d-ebdc-14b8278f3318" executionId="00bdcc7a-0c20-4db6-b196-1f31e67d09fd" testListId="8c84fa94-04c1-424b-9868-57a2d4851a1d" />
    <TestEntry testId="d545c8b4-72a4-5ba0-8ce4-82b497574348" executionId="6cb5d8ac-e4e7-4f1c-92a7-3339a2659f66" testListId="8c84fa94-04c1-424b-9868-57a2d4851a1d" />
    <TestEntry testId="3736f69e-6b39-cd52-7375-a70f98bda793" executionId="cc92c470-3746-4915-8ec4-63c5f86b7723" testListId="8c84fa94-04c1-424b-9868-57a2d4851a1d" />
    <TestEntry testId="ded85a13-6425-d8b7-19c3-f7e6df4a549c" executionId="b0e548fd-64f8-4907-9dda-fef11e22ef59" testListId="8c84fa94-04c1-424b-9868-57a2d4851a1d" />
    <TestEntry testId="f959d5f6-f634-40b9-f7fa-f89cb13b7aea" executionId="61a0b516-ee14-4dff-88cf-cd44044de21f" testListId="8c84fa94-04c1-424b-9868-57a2d4851a1d" />
    <TestEntry testId="7c732b6b-2882-6055-9f57-a9b6d409834c" executionId="d719d3b8-f8da-4121-ac4f-9157c74e3c6f" testListId="8c84fa94-04c1-424b-9868-57a2d4851a1d" />
    <TestEntry testId="5a32cb95-31c7-e35d-332b-6968f9c82f4d" executionId="cd13924e-83cf-4ec6-b6b3-d2601d5c16e2" testListId="8c84fa94-04c1-424b-9868-57a2d4851a1d" />
    <TestEntry testId="25430ab6-3504-76c9-5a09-5b505db11791" executionId="9c496f82-9ad8-4324-9915-8995ef3819a6" testListId="8c84fa94-04c1-424b-9868-57a2d4851a1d" />
    <TestEntry testId="c8f509ac-2e62-fb8d-392d-971386b5fce7" executionId="13d9308f-bd1a-4bdf-aade-14431b8bff77" testListId="8c84fa94-04c1-424b-9868-57a2d4851a1d" />
    <TestEntry testId="e6560cf2-81dd-94df-2e89-d12a6290a288" executionId="ce4db064-f6ca-4865-a0e1-9da993dedfd7" testListId="8c84fa94-04c1-424b-9868-57a2d4851a1d" />
    <TestEntry testId="a27f7af6-8930-e922-1865-2f3b63a04862" executionId="7d8d30b9-a06b-47ff-8257-2401eb3cbb4e" testListId="8c84fa94-04c1-424b-9868-57a2d4851a1d" />
    <TestEntry testId="c0757847-5274-8879-f4e6-1a027de14ebe" executionId="92c60879-3925-4da5-af43-e06791880656" testListId="8c84fa94-04c1-424b-9868-57a2d4851a1d" />
    <TestEntry testId="84d1ad1b-75ee-2471-a382-ce3df3c8d88b" executionId="d7892953-3076-4215-be29-e25839b45c71" testListId="8c84fa94-04c1-424b-9868-57a2d4851a1d" />
    <TestEntry testId="d82d5ee9-e660-1990-9516-d9336b24b0a7" executionId="97e96f88-6b01-41c3-8e55-e229862d7e46" testListId="8c84fa94-04c1-424b-9868-57a2d4851a1d" />
    <TestEntry testId="edfe98b8-d28d-f048-7f32-9bb9631b4649" executionId="f10189b3-2dad-46e5-8511-925b4eff401c" testListId="8c84fa94-04c1-424b-9868-57a2d4851a1d" />
    <TestEntry testId="3e229045-87c4-0ccc-0650-bfd9a7f29ce5" executionId="f1259fde-1bdb-40ea-b532-9bfa988c5504" testListId="8c84fa94-04c1-424b-9868-57a2d4851a1d" />
    <TestEntry testId="5c9c3afa-5f8c-d3c9-8211-58d31c98833f" executionId="b11e5070-1364-43e3-a222-42d6cfc73f9a" testListId="8c84fa94-04c1-424b-9868-57a2d4851a1d" />
    <TestEntry testId="88f31864-7328-fc03-4bd6-35084d342336" executionId="485eb845-3af1-49ed-b099-4d66603f552b" testListId="8c84fa94-04c1-424b-9868-57a2d4851a1d" />
    <TestEntry testId="4f83fe3d-a0fc-29cf-8191-c6a677249691" executionId="0a3a3894-c455-4a4b-9c8a-867f7d039fb7" testListId="8c84fa94-04c1-424b-9868-57a2d4851a1d" />
    <TestEntry testId="74b08153-a620-7326-7c75-2f7b0596a9b4" executionId="03098815-dd24-40cf-b2ff-d0b32c4c1fcf" testListId="8c84fa94-04c1-424b-9868-57a2d4851a1d" />
    <TestEntry testId="bf80f9e0-e8f4-598b-68e9-0acf655f9f3a" executionId="a20eb76c-e15f-424f-8e77-796b1313d6ab" testListId="8c84fa94-04c1-424b-9868-57a2d4851a1d" />
    <TestEntry testId="e664ccdb-53f1-4205-799e-56c7bda644fd" executionId="33efac9d-2259-418a-8dcf-753ae210fc5b" testListId="8c84fa94-04c1-424b-9868-57a2d4851a1d" />
    <TestEntry testId="ec1f0943-85aa-dced-d77c-aa2b3dec4b99" executionId="63058470-9ef3-46d2-8e75-5304d81ad109" testListId="8c84fa94-04c1-424b-9868-57a2d4851a1d" />
    <TestEntry testId="9a2bf151-3330-eb8b-41a1-1acf21ecafdb" executionId="46989ac6-4801-462c-af3f-12a73168b31f" testListId="8c84fa94-04c1-424b-9868-57a2d4851a1d" />
    <TestEntry testId="b767f714-5ff3-5c71-f81e-8daeb35dba3b" executionId="2aaa7131-fcce-402b-8621-d1ae40ff1ca2" testListId="8c84fa94-04c1-424b-9868-57a2d4851a1d" />
    <TestEntry testId="027f548f-2b43-98df-d533-af5f137c5cdc" executionId="b2bccb7b-529b-4750-acd1-e37b009a29ef" testListId="8c84fa94-04c1-424b-9868-57a2d4851a1d" />
    <TestEntry testId="fad816e5-419a-4ef4-9784-de2c41451f2f" executionId="a21177be-f974-475e-b93b-4a404f06f938" testListId="8c84fa94-04c1-424b-9868-57a2d4851a1d" />
    <TestEntry testId="fa4ec649-a6c0-5809-b4d3-0927a382c747" executionId="5636527b-6f8d-417d-962e-305b6be09d71" testListId="8c84fa94-04c1-424b-9868-57a2d4851a1d" />
    <TestEntry testId="32c44daa-3bf3-ba96-c749-361fa12ceb31" executionId="3d3d5073-83fb-413e-9038-55cee6cd15ea" testListId="8c84fa94-04c1-424b-9868-57a2d4851a1d" />
    <TestEntry testId="2b467f3f-657d-a65b-0734-622dbc6503f8" executionId="3ed37f2d-6550-4c62-a616-7ba541735154" testListId="8c84fa94-04c1-424b-9868-57a2d4851a1d" />
    <TestEntry testId="60ed9250-a21f-3700-be87-6b6c1bfde575" executionId="d217c2ea-9f4a-4fcf-a5d6-933fab7a9379" testListId="8c84fa94-04c1-424b-9868-57a2d4851a1d" />
    <TestEntry testId="fd22107e-1dc6-ca78-19a8-11a02a740ec6" executionId="1f64aa1c-8fa0-4286-a0b8-456be2ba52f4" testListId="8c84fa94-04c1-424b-9868-57a2d4851a1d" />
    <TestEntry testId="1e5b644e-9182-5235-d0a8-9e3a85e2fa89" executionId="e401cf24-0364-4b1e-acea-b5f7794c0f32" testListId="8c84fa94-04c1-424b-9868-57a2d4851a1d" />
    <TestEntry testId="2d7ac208-7dec-bf7e-f60a-85a2654b245f" executionId="df4b6dc8-51da-44b6-9419-3c8ea1278a0a" testListId="8c84fa94-04c1-424b-9868-57a2d4851a1d" />
    <TestEntry testId="175f1ecf-2c38-99f2-2ab2-a7662d759288" executionId="b697f4af-81cf-41e8-be62-73901ee05273" testListId="8c84fa94-04c1-424b-9868-57a2d4851a1d" />
    <TestEntry testId="2e7e8209-4d39-aebe-8f47-23f67f681744" executionId="148f852b-4813-4e4b-a862-f9e3b64553c4" testListId="8c84fa94-04c1-424b-9868-57a2d4851a1d" />
    <TestEntry testId="5b23b3fd-7ad5-60c5-4c1a-f4b6f5db4324" executionId="25ba287e-8938-4e8e-8322-fbec6a42082d" testListId="8c84fa94-04c1-424b-9868-57a2d4851a1d" />
    <TestEntry testId="8b9f0361-dfbe-3e8d-4040-36502dcf871b" executionId="5cbc1d06-177c-4b6a-8a2f-820ab6ed8785" testListId="8c84fa94-04c1-424b-9868-57a2d4851a1d" />
    <TestEntry testId="cae72dce-32fd-9a73-3da0-bd0eea2717f8" executionId="a93c4fc3-9193-493a-bbe1-6cde6ff395ca" testListId="8c84fa94-04c1-424b-9868-57a2d4851a1d" />
    <TestEntry testId="c8b9456c-eec5-4025-a378-606d41b5574d" executionId="17bd457e-e421-4c3f-b9ca-6b1fc1d59224" testListId="8c84fa94-04c1-424b-9868-57a2d4851a1d" />
    <TestEntry testId="32005fd6-c69e-c1af-8ea7-8c9be4172f65" executionId="54294cfc-6dae-4102-b8cd-341ad02024e3" testListId="8c84fa94-04c1-424b-9868-57a2d4851a1d" />
    <TestEntry testId="3fbdf731-95be-b264-b310-09e3f3204e5a" executionId="76fd1d4f-0cda-4c08-a92b-c1c2a8d6c347" testListId="8c84fa94-04c1-424b-9868-57a2d4851a1d" />
    <TestEntry testId="5ff92ad8-277a-6a5f-358d-483695400ca3" executionId="7de55349-2e97-4c31-be7c-5afe6e0396d1" testListId="8c84fa94-04c1-424b-9868-57a2d4851a1d" />
    <TestEntry testId="72108263-2a22-0d2b-f193-c0ce6520c69e" executionId="a55d0f81-46b8-4c30-ab28-7d75cd26796b" testListId="8c84fa94-04c1-424b-9868-57a2d4851a1d" />
    <TestEntry testId="ed65487b-e75c-f1f6-3a34-be1a1d600ee3" executionId="db6bd767-a61e-4bbf-8f83-66b9bf8ca7dc" testListId="8c84fa94-04c1-424b-9868-57a2d4851a1d" />
    <TestEntry testId="12097e5b-bedc-72c7-e9f7-04e90344aa15" executionId="52b17ec9-d355-46f9-a958-5e531894dc8e" testListId="8c84fa94-04c1-424b-9868-57a2d4851a1d" />
    <TestEntry testId="eeb0bd0a-1275-5845-1357-54505b2db0af" executionId="2c945b48-9895-4590-8c2a-4e19dfb50bf7" testListId="8c84fa94-04c1-424b-9868-57a2d4851a1d" />
    <TestEntry testId="f8e32557-a456-5b7a-067c-6fb3029bf0c9" executionId="c825efa7-88b4-4a1f-b7b0-8f279d1fecdd" testListId="8c84fa94-04c1-424b-9868-57a2d4851a1d" />
    <TestEntry testId="29e7250a-623e-1040-a469-5bda616b27b9" executionId="bba3bd64-f94f-4f83-be3d-15a8e89fe0c5" testListId="8c84fa94-04c1-424b-9868-57a2d4851a1d" />
    <TestEntry testId="291e3098-4594-27d7-f6c8-a0af0ccd6269" executionId="efdd0472-85bd-4e18-9087-731090fcb598" testListId="8c84fa94-04c1-424b-9868-57a2d4851a1d" />
    <TestEntry testId="e8049a62-e4b8-3d6f-8655-30c6b8f07233" executionId="1a1eaf36-3f79-4f0d-8d01-19260dd1bbb6" testListId="8c84fa94-04c1-424b-9868-57a2d4851a1d" />
    <TestEntry testId="e1a56818-012b-4006-cc10-df9989bb21bf" executionId="483cdb6b-132e-4c2c-9db8-4355526fd0b4" testListId="8c84fa94-04c1-424b-9868-57a2d4851a1d" />
    <TestEntry testId="6fced7b2-2265-3759-f3f3-0ec22e570450" executionId="c991e6b4-2205-47ad-a5b3-5a4cec51c923" testListId="8c84fa94-04c1-424b-9868-57a2d4851a1d" />
    <TestEntry testId="3bad7155-3bfd-ae16-6c34-2aa1a3203191" executionId="3de14d13-9794-4ee7-8e5f-70e8cb847084" testListId="8c84fa94-04c1-424b-9868-57a2d4851a1d" />
    <TestEntry testId="1631f2c4-f5cd-a56a-a47b-d9532063f7d6" executionId="a0b3edf2-b229-417d-872e-7379dfa2bb0e" testListId="8c84fa94-04c1-424b-9868-57a2d4851a1d" />
    <TestEntry testId="225dee68-3947-4422-448c-a8962f150e10" executionId="b3470764-7e97-47c2-89d1-445d7629c113" testListId="8c84fa94-04c1-424b-9868-57a2d4851a1d" />
    <TestEntry testId="49e570f2-a50a-448f-b5cd-091945185586" executionId="bbdf6ea4-d5d6-4e1b-80a0-5c0761f7a677" testListId="8c84fa94-04c1-424b-9868-57a2d4851a1d" />
    <TestEntry testId="72810a86-3fef-d1f1-79a5-d285980bd79c" executionId="9b5fc2f0-a96e-4353-a5b4-2be912552aaa" testListId="8c84fa94-04c1-424b-9868-57a2d4851a1d" />
    <TestEntry testId="0cb469c0-6c50-4ff4-cb00-5527539f57f1" executionId="afabbe95-b8c6-4291-935f-8a432f0ba290" testListId="8c84fa94-04c1-424b-9868-57a2d4851a1d" />
    <TestEntry testId="c85cc14a-5e00-f7ba-2ef8-1134b4eb6baf" executionId="c080180b-e152-4390-82f7-bc374563b69b" testListId="8c84fa94-04c1-424b-9868-57a2d4851a1d" />
    <TestEntry testId="f1c7d817-8e07-9d83-1fce-a1684de1e5e5" executionId="6780bb2b-8b87-4349-9b99-750bc0b2953c" testListId="8c84fa94-04c1-424b-9868-57a2d4851a1d" />
    <TestEntry testId="416fb686-2649-7cb7-294e-f1475a7aaefc" executionId="c139b50d-116b-4c6c-ab51-ec076cd462b7" testListId="8c84fa94-04c1-424b-9868-57a2d4851a1d" />
    <TestEntry testId="2d67af9d-7923-e734-f65e-39e6404c676f" executionId="3c50df56-4f3c-4cdb-b171-62aac16ffebd" testListId="8c84fa94-04c1-424b-9868-57a2d4851a1d" />
  </TestEntries>
  <TestLists>
    <TestList name="一覧に存在しない結果" id="8c84fa94-04c1-424b-9868-57a2d4851a1d" />
    <TestList name="読み込まれたすべての結果" id="19431567-8539-422a-85d7-44ee4e166bda" />
  </TestLists>
  <ResultSummary outcome="Failed">
    <Counters total="72" executed="67" passed="66" failed="1" error="0" timeout="0" aborted="0" inconclusive="0" passedButRunAborted="0" notRunnable="0" notExecuted="0" disconnected="0" warning="0" completed="0" inProgress="0" pending="0" />
    <Output>
      <StdOut>[xUnit.net 00:00:00.00] xUnit.net VSTest Adapter v2.8.2+699d445a1a (64-bit .NET 8.0.21)&#xD;
[xUnit.net 00:00:00.81]   Discovering: DMRules.Tests&#xD;
[xUnit.net 00:00:00.96]   Discovered:  DMRules.Tests&#xD;
[xUnit.net 00:00:00.97]   Starting:    DMRules.Tests&#xD;
[xUnit.net 00:00:01.27]       Obsolete TemplateKey mapping; skipped for M15.4b normalization&#xD;
[xUnit.net 00:00:01.28]       Obsolete TemplateKey mapping; skipped for M15.4b normalization&#xD;
[xUnit.net 00:00:01.28]       Obsolete TemplateKey mapping; skipped for M15.4b normalization&#xD;
テストの実行でテスト 'DMRules.Tests.KeywordPack2Tests.Dummy_Skip' がスキップされました。&#xD;
テストの実行でテスト 'DMRules.Tests.TemplateAutoAddTests.Dummy_Skip' がスキップされました。&#xD;
テストの実行でテスト 'DMRules.Tests.TriggerPriorityFixTests.Dummy_Skip' がスキップされました。&#xD;
[xUnit.net 00:00:01.28]       Enable after ReplayRunner is wired to engine.&#xD;
テストの実行でテスト 'DMRules.Tests.ReplayTests.SampleRealLogExistsAndReplayToolOutputsTrace' がスキップされました。&#xD;
[xUnit.net 00:00:01.35]       Snapshot removed; this test is obsolete for M15.4b normalization&#xD;
テストの実行でテスト 'DMRules.Tests.TemplateEnumerationTests.Dummy_Skip' がスキップされました。&#xD;
[xUnit.net 00:00:01.37]       Assert.Equal() Failure: Strings differ&#xD;
[xUnit.net 00:00:01.37]                                           ↓ (pos 49)&#xD;
[xUnit.net 00:00:01.37]       Expected: ···"\n  "Tokens": [\n    "\\u30B7\\u30FC\\u30EB\\u3"···&#xD;
[xUnit.net 00:00:01.37]       Actual:   ···"\n  "Tokens": [\n    "ShieldTrigger:\\u30B7\\"···&#xD;
[xUnit.net 00:00:01.37]                                           ↑ (pos 49)&#xD;
[xUnit.net 00:00:01.37]       Stack Trace:&#xD;
[xUnit.net 00:00:01.37]         C:\Users\米山\DuelMasters\tests\DMRules.Tests\GoldenSnapshotSuite.cs(147,0): at DMRules.Tests.GoldenSnapshotSuite.GoldenSnapshots_Run()&#xD;
[xUnit.net 00:00:01.37]            at System.RuntimeMethodHandle.InvokeMethod(Object target, Void** arguments, Signature sig, Boolean isConstructor)&#xD;
[xUnit.net 00:00:01.37]            at System.Reflection.MethodBaseInvoker.InvokeWithNoArgs(Object obj, BindingFlags invokeAttr)&#xD;
[xUnit.net 00:00:01.38]   Finished:    DMRules.Tests&#xD;
</StdOut>
    </Output>
    <RunInfos>
      <RunInfo computerName="DESKTOP-DE0SNP1" outcome="Warning" timestamp="2025-11-04T14:32:40.5883861+09:00">
        <Text>[xUnit.net 00:00:01.27]     DMRules.Tests.KeywordPack2Tests.Dummy_Skip [SKIP]</Text>
      </RunInfo>
      <RunInfo computerName="DESKTOP-DE0SNP1" outcome="Warning" timestamp="2025-11-04T14:32:40.5886469+09:00">
        <Text>[xUnit.net 00:00:01.27]     DMRules.Tests.TemplateAutoAddTests.Dummy_Skip [SKIP]</Text>
      </RunInfo>
      <RunInfo computerName="DESKTOP-DE0SNP1" outcome="Warning" timestamp="2025-11-04T14:32:40.5887365+09:00">
        <Text>[xUnit.net 00:00:01.28]     DMRules.Tests.TriggerPriorityFixTests.Dummy_Skip [SKIP]</Text>
      </RunInfo>
      <RunInfo computerName="DESKTOP-DE0SNP1" outcome="Warning" timestamp="2025-11-04T14:32:40.5927867+09:00">
        <Text>[xUnit.net 00:00:01.28]     DMRules.Tests.ReplayTests.SampleRealLogExistsAndReplayToolOutputsTrace [SKIP]</Text>
      </RunInfo>
      <RunInfo computerName="DESKTOP-DE0SNP1" outcome="Warning" timestamp="2025-11-04T14:32:40.5953713+09:00">
        <Text>[xUnit.net 00:00:01.35]     DMRules.Tests.TemplateEnumerationTests.Dummy_Skip [SKIP]</Text>
      </RunInfo>
      <RunInfo computerName="DESKTOP-DE0SNP1" outcome="Error" timestamp="2025-11-04T14:32:40.5960993+09:00">
        <Text>[xUnit.net 00:00:01.36]     Golden 20 cards snapshot (DB preferred, fallback; supports update mode) [FAIL]</Text>
      </RunInfo>
    </RunInfos>
  </ResultSummary>
</TestRun>