<?xml version="1.0" encoding="utf-8"?>
<TestRun id="5b63be9d-2900-4d16-8022-4a1897bafd5b" name="米山@DESKTOP-DE0SNP1 2025-11-04 14:25:31" runUser="DESKTOP-DE0SNP1\米山" xmlns="http://microsoft.com/schemas/VisualStudio/TeamTest/2010">
  <Times creation="2025-11-04T14:25:31.6463999+09:00" queuing="2025-11-04T14:25:31.6464008+09:00" start="2025-11-04T14:25:27.6507598+09:00" finish="2025-11-04T14:25:32.0808283+09:00" />
  <TestSettings name="default" id="59259a34-f325-40e6-88c2-c40e595d759e">
    <Deployment runDeploymentRoot="米山_DESKTOP-DE0SNP1_2025-11-04_14_25_31" />
  </TestSettings>
  <Results>
    <UnitTestResult executionId="d43cf83f-4d2e-4d83-a727-f52b8200bb1a" testId="027f548f-2b43-98df-d533-af5f137c5cdc" testName="DMRules.Tests.KeywordTemplateFinalFix2Tests.WorldBreaker_RomanOrKana(text: &quot;ワールド・ブレイカー&quot;, key: WorldBreaker)" computerName="DESKTOP-DE0SNP1" duration="00:00:00.0000649" startTime="2025-11-04T14:25:31.6142710+09:00" endTime="2025-11-04T14:25:31.6142711+09:00" testType="13cdc9d9-ddb5-4fa4-a97d-d965ccfc6d4b" outcome="Passed" testListId="8c84fa94-04c1-424b-9868-57a2d4851a1d" relativeResultsDirectory="d43cf83f-4d2e-4d83-a727-f52b8200bb1a" />
    <UnitTestResult executionId="85adfe7d-1559-4101-817f-b5c5e39e7768" testId="3736f69e-6b39-cd52-7375-a70f98bda793" testName="DMRules.Tests.KeywordTemplateFinalFix3Tests.WorldBreaker_RomanOrKana(text: &quot;ワールド・ブレイカー&quot;, key: WorldBreaker)" computerName="DESKTOP-DE0SNP1" duration="00:00:00.0000801" startTime="2025-11-04T14:25:31.6237413+09:00" endTime="2025-11-04T14:25:31.6237414+09:00" testType="13cdc9d9-ddb5-4fa4-a97d-d965ccfc6d4b" outcome="Passed" testListId="8c84fa94-04c1-424b-9868-57a2d4851a1d" relativeResultsDirectory="85adfe7d-1559-4101-817f-b5c5e39e7768" />
    <UnitTestResult executionId="808d7e37-7af1-4b3a-9ed2-127c222296b1" testId="70ed8dcf-0409-48b1-0c14-e6eec829a1e1" testName="DMRules.Tests.TraceSnapshotTests.CardTraceSnapshot_Basic(cardName: &quot;AquaSurfer&quot;, text: &quot;シールドトリガー。相手のクリーチャーを1体選び、持ち主の手札に戻す。&quot;)" computerName="DESKTOP-DE0SNP1" duration="00:00:00.0279500" startTime="2025-11-04T14:25:31.6820797+09:00" endTime="2025-11-04T14:25:31.6820797+09:00" testType="13cdc9d9-ddb5-4fa4-a97d-d965ccfc6d4b" outcome="Passed" testListId="8c84fa94-04c1-424b-9868-57a2d4851a1d" relativeResultsDirectory="808d7e37-7af1-4b3a-9ed2-127c222296b1" />
    <UnitTestResult executionId="740393d4-137e-435b-84e3-261c0f5b50d7" testId="2f7c30bf-6db1-6880-1b28-a242cfd3d827" testName="DMRules.Tests.TemplateAutoAddTests.Dummy_Skip" computerName="DESKTOP-DE0SNP1" duration="00:00:00.0010000" startTime="2025-11-04T14:25:31.6869607+09:00" endTime="2025-11-04T14:25:31.6869614+09:00" testType="13cdc9d9-ddb5-4fa4-a97d-d965ccfc6d4b" outcome="NotExecuted" testListId="8c84fa94-04c1-424b-9868-57a2d4851a1d" relativeResultsDirectory="740393d4-137e-435b-84e3-261c0f5b50d7">
      <Output>
        <ErrorInfo>
          <Message>Obsolete TemplateKey mapping; skipped for M15.4b normalization</Message>
        </ErrorInfo>
      </Output>
    </UnitTestResult>
    <UnitTestResult executionId="8df89749-677b-4ce8-a871-25e2ce98fd4c" testId="5b23b3fd-7ad5-60c5-4c1a-f4b6f5db4324" testName="DMRules.Tests.KeywordTemplateFinalFixTests.Charger_Parens_Full_Or_Half(text: &quot;チャージャー(この呪文を唱えた後、マナゾーンに置く)&quot;, key: Charger)" computerName="DESKTOP-DE0SNP1" duration="00:00:00.0004167" startTime="2025-11-04T14:25:31.6945423+09:00" endTime="2025-11-04T14:25:31.6945437+09:00" testType="13cdc9d9-ddb5-4fa4-a97d-d965ccfc6d4b" outcome="Passed" testListId="8c84fa94-04c1-424b-9868-57a2d4851a1d" relativeResultsDirectory="8df89749-677b-4ce8-a871-25e2ce98fd4c" />
    <UnitTestResult executionId="4fdde283-cc32-46c8-9a63-fe8091536eb7" testId="e8049a62-e4b8-3d6f-8655-30c6b8f07233" testName="DMRules.Tests.TextNormalization.M15_9_SmokeTests.Strict_Mode_Behavior" computerName="DESKTOP-DE0SNP1" duration="00:00:00.0004556" startTime="2025-11-04T14:25:31.7228749+09:00" endTime="2025-11-04T14:25:31.7228750+09:00" testType="13cdc9d9-ddb5-4fa4-a97d-d965ccfc6d4b" outcome="Passed" testListId="8c84fa94-04c1-424b-9868-57a2d4851a1d" relativeResultsDirectory="4fdde283-cc32-46c8-9a63-fe8091536eb7" />
    <UnitTestResult executionId="dd6f0ce6-cc2e-40e8-8802-da28c4ab1472" testId="7c732b6b-2882-6055-9f57-a9b6d409834c" testName="DMRules.Tests.TextNormalization.M15_9_NormalizerTests.RemoveShieldTriggerPrefix_WorksCorrectly" computerName="DESKTOP-DE0SNP1" duration="00:00:00.0003323" startTime="2025-11-04T14:25:31.6979357+09:00" endTime="2025-11-04T14:25:31.6979358+09:00" testType="13cdc9d9-ddb5-4fa4-a97d-d965ccfc6d4b" outcome="Passed" testListId="8c84fa94-04c1-424b-9868-57a2d4851a1d" relativeResultsDirectory="dd6f0ce6-cc2e-40e8-8802-da28c4ab1472" />
    <UnitTestResult executionId="a1648f39-4364-4c83-9adf-0d9737cabe25" testId="f959d5f6-f634-40b9-f7fa-f89cb13b7aea" testName="DMRules.Tests.ExecutionLogicTests.Basic_RunAll_Works" computerName="DESKTOP-DE0SNP1" duration="00:00:00.0003700" startTime="2025-11-04T14:25:31.6952099+09:00" endTime="2025-11-04T14:25:31.6952100+09:00" testType="13cdc9d9-ddb5-4fa4-a97d-d965ccfc6d4b" outcome="Passed" testListId="8c84fa94-04c1-424b-9868-57a2d4851a1d" relativeResultsDirectory="a1648f39-4364-4c83-9adf-0d9737cabe25" />
    <UnitTestResult executionId="f88f23e6-5d29-4d9d-90ed-01ed74f862f5" testId="0841e814-6564-232d-ebdc-14b8278f3318" testName="DMRules.Tests.TemplateEnumerationTests.Dummy_Skip" computerName="DESKTOP-DE0SNP1" duration="00:00:00.0010000" startTime="2025-11-04T14:25:31.6997364+09:00" endTime="2025-11-04T14:25:31.6997370+09:00" testType="13cdc9d9-ddb5-4fa4-a97d-d965ccfc6d4b" outcome="NotExecuted" testListId="8c84fa94-04c1-424b-9868-57a2d4851a1d" relativeResultsDirectory="f88f23e6-5d29-4d9d-90ed-01ed74f862f5">
      <Output>
        <ErrorInfo>
          <Message>Snapshot removed; this test is obsolete for M15.4b normalization</Message>
        </ErrorInfo>
      </Output>
    </UnitTestResult>
    <UnitTestResult executionId="7869b8e3-c57b-410f-9ae2-3f3a47a29a39" testId="c0757847-5274-8879-f4e6-1a027de14ebe" testName="DMRules.Tests.ReplacementEffectTests.PreventNextDestroy_Stops_ZoneChange_And_Enqueues_Draw" computerName="DESKTOP-DE0SNP1" duration="00:00:00.0016194" startTime="2025-11-04T14:25:31.6818705+09:00" endTime="2025-11-04T14:25:31.6818706+09:00" testType="13cdc9d9-ddb5-4fa4-a97d-d965ccfc6d4b" outcome="Passed" testListId="8c84fa94-04c1-424b-9868-57a2d4851a1d" relativeResultsDirectory="7869b8e3-c57b-410f-9ae2-3f3a47a29a39" />
    <UnitTestResult executionId="2a49c027-0ce6-4427-afbc-3f23e73c7880" testId="84d1ad1b-75ee-2471-a382-ce3df3c8d88b" testName="DMRules.Tests.KeywordTemplateFinalFix3Tests.Charger_Parens_With_Comma_And_Newline(text: &quot;チャージャー(この呪文を唱えた後、マナゾーンに置く)&quot;, key: Charger)" computerName="DESKTOP-DE0SNP1" duration="00:00:00.0003354" startTime="2025-11-04T14:25:31.6240227+09:00" endTime="2025-11-04T14:25:31.6240227+09:00" testType="13cdc9d9-ddb5-4fa4-a97d-d965ccfc6d4b" outcome="Passed" testListId="8c84fa94-04c1-424b-9868-57a2d4851a1d" relativeResultsDirectory="2a49c027-0ce6-4427-afbc-3f23e73c7880" />
    <UnitTestResult executionId="5208e976-2bdd-4446-9e74-6d25b2e2ced5" testId="72810a86-3fef-d1f1-79a5-d285980bd79c" testName="DMRules.Tests.KeywordPack2Tests.Dummy_Skip" computerName="DESKTOP-DE0SNP1" duration="00:00:00.0010000" startTime="2025-11-04T14:25:31.6855519+09:00" endTime="2025-11-04T14:25:31.6855527+09:00" testType="13cdc9d9-ddb5-4fa4-a97d-d965ccfc6d4b" outcome="NotExecuted" testListId="8c84fa94-04c1-424b-9868-57a2d4851a1d" relativeResultsDirectory="5208e976-2bdd-4446-9e74-6d25b2e2ced5">
      <Output>
        <ErrorInfo>
          <Message>Obsolete TemplateKey mapping; skipped for M15.4b normalization</Message>
        </ErrorInfo>
      </Output>
    </UnitTestResult>
    <UnitTestResult executionId="7e11a82c-879c-434c-bc0c-b9e597405ab2" testId="4f83fe3d-a0fc-29cf-8191-c6a677249691" testName="DMRules.Tests.KeywordTemplateFinalFix3Tests.WorldBreaker_RomanOrKana(text: &quot;WORLD・BREAKER の効果を得る。&quot;, key: WorldBreaker)" computerName="DESKTOP-DE0SNP1" duration="00:00:00.0006522" startTime="2025-11-04T14:25:31.6235345+09:00" endTime="2025-11-04T14:25:31.6235346+09:00" testType="13cdc9d9-ddb5-4fa4-a97d-d965ccfc6d4b" outcome="Passed" testListId="8c84fa94-04c1-424b-9868-57a2d4851a1d" relativeResultsDirectory="7e11a82c-879c-434c-bc0c-b9e597405ab2" />
    <UnitTestResult executionId="d49ab1cf-bc50-49e4-b4d0-b245f0eb5bee" testId="fa4ec649-a6c0-5809-b4d3-0927a382c747" testName="DMRules.Tests.TraceAndChooserTests.Custom_Chooser_Picks_Last_Candidate_And_Trace_Records_It" computerName="DESKTOP-DE0SNP1" duration="00:00:00.2775905" startTime="2025-11-04T14:25:31.5310897+09:00" endTime="2025-11-04T14:25:31.5310900+09:00" testType="13cdc9d9-ddb5-4fa4-a97d-d965ccfc6d4b" outcome="Passed" testListId="8c84fa94-04c1-424b-9868-57a2d4851a1d" relativeResultsDirectory="d49ab1cf-bc50-49e4-b4d0-b245f0eb5bee" />
    <UnitTestResult executionId="4382c12a-95b3-493d-a49f-427ce02cb42a" testId="74b08153-a620-7326-7c75-2f7b0596a9b4" testName="DMRules.Tests.TextNormalization.CardTextTemplateTests.RandomDiscard_Compat_WithoutTrailingPeriod" computerName="DESKTOP-DE0SNP1" duration="00:00:00.0443745" startTime="2025-11-04T14:25:31.6437887+09:00" endTime="2025-11-04T14:25:31.6437900+09:00" testType="13cdc9d9-ddb5-4fa4-a97d-d965ccfc6d4b" outcome="Passed" testListId="8c84fa94-04c1-424b-9868-57a2d4851a1d" relativeResultsDirectory="4382c12a-95b3-493d-a49f-427ce02cb42a" />
    <UnitTestResult executionId="6cd34461-9dec-4c67-acab-457cb3660b26" testId="1631f2c4-f5cd-a56a-a47b-d9532063f7d6" testName="DMRules.Tests.KeywordTemplateFixTests.WorldBreaker_CaseInsensitive_And_Charger_Parens(text: &quot;チャージャー(この呪文を唱えた後、マナゾーンに置く)&quot;, key: Charger)" computerName="DESKTOP-DE0SNP1" duration="00:00:00.0000374" startTime="2025-11-04T14:25:31.6203025+09:00" endTime="2025-11-04T14:25:31.6203027+09:00" testType="13cdc9d9-ddb5-4fa4-a97d-d965ccfc6d4b" outcome="Passed" testListId="8c84fa94-04c1-424b-9868-57a2d4851a1d" relativeResultsDirectory="6cd34461-9dec-4c67-acab-457cb3660b26" />
    <UnitTestResult executionId="ad6436f5-db82-4a84-a344-2cb5a37b3262" testId="b860b17f-8f21-2ed8-1c2d-9e8780098d21" testName="DMRules.Tests.TextNormalization.CardTextTemplateTests.RandomDiscard_Strict_SubjectForm" computerName="DESKTOP-DE0SNP1" duration="00:00:00.0006112" startTime="2025-11-04T14:25:31.6439918+09:00" endTime="2025-11-04T14:25:31.6439918+09:00" testType="13cdc9d9-ddb5-4fa4-a97d-d965ccfc6d4b" outcome="Passed" testListId="8c84fa94-04c1-424b-9868-57a2d4851a1d" relativeResultsDirectory="ad6436f5-db82-4a84-a344-2cb5a37b3262" />
    <UnitTestResult executionId="09cb6987-d951-4643-91e0-bed219ef0939" testId="291e3098-4594-27d7-f6c8-a0af0ccd6269" testName="DMRules.Tests.KeywordTemplateFinalFixTests.WorldBreaker_RomanOrKana(text: &quot;このクリーチャーはワールド・ブレイカーを得る。&quot;, key: WorldBreaker)" computerName="DESKTOP-DE0SNP1" duration="00:00:00.0004204" startTime="2025-11-04T14:25:31.6947154+09:00" endTime="2025-11-04T14:25:31.6947155+09:00" testType="13cdc9d9-ddb5-4fa4-a97d-d965ccfc6d4b" outcome="Passed" testListId="8c84fa94-04c1-424b-9868-57a2d4851a1d" relativeResultsDirectory="09cb6987-d951-4643-91e0-bed219ef0939" />
    <UnitTestResult executionId="ff76493c-791a-44d5-bfb2-45e7dc35a5cd" testId="5c9c3afa-5f8c-d3c9-8211-58d31c98833f" testName="DMRules.Tests.ReplayTests.SampleRealLogExistsAndReplayToolOutputsTrace" computerName="DESKTOP-DE0SNP1" duration="00:00:00.0010000" startTime="2025-11-04T14:25:31.7222386+09:00" endTime="2025-11-04T14:25:31.7222392+09:00" testType="13cdc9d9-ddb5-4fa4-a97d-d965ccfc6d4b" outcome="NotExecuted" testListId="8c84fa94-04c1-424b-9868-57a2d4851a1d" relativeResultsDirectory="ff76493c-791a-44d5-bfb2-45e7dc35a5cd">
      <Output>
        <ErrorInfo>
          <Message>Enable after ReplayRunner is wired to engine.</Message>
        </ErrorInfo>
      </Output>
    </UnitTestResult>
    <UnitTestResult executionId="d86178b4-75c6-4247-aa0d-02ea920d14b3" testId="51a38d1d-c05f-3046-3575-d7bb83a750dd" testName="Phase instrumentation can probe (no-op safe)" computerName="DESKTOP-DE0SNP1" duration="00:00:00.0002169" startTime="2025-11-04T14:25:31.7230955+09:00" endTime="2025-11-04T14:25:31.7230956+09:00" testType="13cdc9d9-ddb5-4fa4-a97d-d965ccfc6d4b" outcome="Passed" testListId="8c84fa94-04c1-424b-9868-57a2d4851a1d" relativeResultsDirectory="d86178b4-75c6-4247-aa0d-02ea920d14b3" />
    <UnitTestResult executionId="ee5fb603-ca2c-4fcc-8c24-dea454534f7c" testId="f1c7d817-8e07-9d83-1fce-a1684de1e5e5" testName="DMRules.Tests.KeywordPack2QuickFixTests.InvasionZero_Prioritized_Over_Invasion" computerName="DESKTOP-DE0SNP1" duration="00:00:00.0035505" startTime="2025-11-04T14:25:31.6204455+09:00" endTime="2025-11-04T14:25:31.6204456+09:00" testType="13cdc9d9-ddb5-4fa4-a97d-d965ccfc6d4b" outcome="Passed" testListId="8c84fa94-04c1-424b-9868-57a2d4851a1d" relativeResultsDirectory="ee5fb603-ca2c-4fcc-8c24-dea454534f7c" />
    <UnitTestResult executionId="ec158114-c46d-4aef-8a33-30a3ca059846" testId="36015f33-d1d8-6a13-f667-a89a5d265086" testName="DMRules.Tests.TextNormalization.KeywordTemplateTests.PeriodExpression_Strict_NormalizesToInTurn" computerName="DESKTOP-DE0SNP1" duration="00:00:00.0007554" startTime="2025-11-04T14:25:31.6975228+09:00" endTime="2025-11-04T14:25:31.6975229+09:00" testType="13cdc9d9-ddb5-4fa4-a97d-d965ccfc6d4b" outcome="Passed" testListId="8c84fa94-04c1-424b-9868-57a2d4851a1d" relativeResultsDirectory="ec158114-c46d-4aef-8a33-30a3ca059846" />
    <UnitTestResult executionId="ef8bbe15-e151-47e5-be04-be57b86cc443" testId="12097e5b-bedc-72c7-e9f7-04e90344aa15" testName="DMRules.Tests.KeywordTemplateFinalFixTests.Charger_Parens_Full_Or_Half(text: &quot;チャージャー（この呪文を唱えた後、マナゾーンに置く）&quot;, key: Charger)" computerName="DESKTOP-DE0SNP1" duration="00:00:00.0006974" startTime="2025-11-04T14:25:31.6890094+09:00" endTime="2025-11-04T14:25:31.6890095+09:00" testType="13cdc9d9-ddb5-4fa4-a97d-d965ccfc6d4b" outcome="Passed" testListId="8c84fa94-04c1-424b-9868-57a2d4851a1d" relativeResultsDirectory="ef8bbe15-e151-47e5-be04-be57b86cc443" />
    <UnitTestResult executionId="71ad4205-5d7a-4fe5-8557-a2807fcc5c98" testId="eeb0bd0a-1275-5845-1357-54505b2db0af" testName="DMRules.Tests.TextNormalization.M15_9_NormalizerTests.UntilStartOfNextTurn_StandardizedInStrict" computerName="DESKTOP-DE0SNP1" duration="00:00:00.0004330" startTime="2025-11-04T14:25:31.6983123+09:00" endTime="2025-11-04T14:25:31.6983124+09:00" testType="13cdc9d9-ddb5-4fa4-a97d-d965ccfc6d4b" outcome="Passed" testListId="8c84fa94-04c1-424b-9868-57a2d4851a1d" relativeResultsDirectory="71ad4205-5d7a-4fe5-8557-a2807fcc5c98" />
    <UnitTestResult executionId="5a29d7f8-a6dd-4670-8d52-d30d405c8ef5" testId="c85cc14a-5e00-f7ba-2ef8-1134b4eb6baf" testName="DMRules.Tests.TextNormalization.M15_9_NormalizerTests.ApplyAll_WorksInStrictMode" computerName="DESKTOP-DE0SNP1" duration="00:00:00.0003591" startTime="2025-11-04T14:25:31.6978335+09:00" endTime="2025-11-04T14:25:31.6978336+09:00" testType="13cdc9d9-ddb5-4fa4-a97d-d965ccfc6d4b" outcome="Passed" testListId="8c84fa94-04c1-424b-9868-57a2d4851a1d" relativeResultsDirectory="5a29d7f8-a6dd-4670-8d52-d30d405c8ef5" />
    <UnitTestResult executionId="762db722-a77d-4e38-84a1-5943089d9063" testId="60ed9250-a21f-3700-be87-6b6c1bfde575" testName="DMRules.Tests.KeywordTemplateFinalFix2Tests.Charger_Parens_With_Comma_And_Newline(text: &quot;チャージャー（この呪文を唱えた後\nマナゾーンに置く）&quot;, key: Charger)" computerName="DESKTOP-DE0SNP1" duration="00:00:00.0007959" startTime="2025-11-04T14:25:31.6143752+09:00" endTime="2025-11-04T14:25:31.6143753+09:00" testType="13cdc9d9-ddb5-4fa4-a97d-d965ccfc6d4b" outcome="Passed" testListId="8c84fa94-04c1-424b-9868-57a2d4851a1d" relativeResultsDirectory="762db722-a77d-4e38-84a1-5943089d9063" />
    <UnitTestResult executionId="652a87a5-d008-4d42-a3d0-e0e3f3eb30a7" testId="32c44daa-3bf3-ba96-c749-361fa12ceb31" testName="DMRules.Tests.TextNormalization.CardTextTemplateTests.ApplyAll_Pipeline_CoversRandomDiscard_AndShieldTriggerRemoval" computerName="DESKTOP-DE0SNP1" duration="00:00:00.0401710" startTime="2025-11-04T14:25:31.6983817+09:00" endTime="2025-11-04T14:25:31.6983817+09:00" testType="13cdc9d9-ddb5-4fa4-a97d-d965ccfc6d4b" outcome="Passed" testListId="8c84fa94-04c1-424b-9868-57a2d4851a1d" relativeResultsDirectory="652a87a5-d008-4d42-a3d0-e0e3f3eb30a7" />
    <UnitTestResult executionId="43c14287-7c0f-4277-966d-854148f2ca94" testId="4ced3bb4-cb47-19ad-008c-a5dc3b468040" testName="DMRules.Tests.KeywordTemplateFinalFixTests.WorldBreaker_RomanOrKana(text: &quot;WORLD・BREAKER&quot;, key: WorldBreaker)" computerName="DESKTOP-DE0SNP1" duration="00:00:00.0000697" startTime="2025-11-04T14:25:31.6948849+09:00" endTime="2025-11-04T14:25:31.6948850+09:00" testType="13cdc9d9-ddb5-4fa4-a97d-d965ccfc6d4b" outcome="Passed" testListId="8c84fa94-04c1-424b-9868-57a2d4851a1d" relativeResultsDirectory="43c14287-7c0f-4277-966d-854148f2ca94" />
    <UnitTestResult executionId="fd923a62-30c9-4c31-8c4f-175349c141d7" testId="175f1ecf-2c38-99f2-2ab2-a7662d759288" testName="DMRules.Tests.KeywordTemplateFinalFix3Tests.WorldBreaker_RomanOrKana(text: &quot;WORLD・BREAKER&quot;, key: WorldBreaker)" computerName="DESKTOP-DE0SNP1" duration="00:00:00.0006197" startTime="2025-11-04T14:25:31.6236553+09:00" endTime="2025-11-04T14:25:31.6236553+09:00" testType="13cdc9d9-ddb5-4fa4-a97d-d965ccfc6d4b" outcome="Passed" testListId="8c84fa94-04c1-424b-9868-57a2d4851a1d" relativeResultsDirectory="fd923a62-30c9-4c31-8c4f-175349c141d7" />
    <UnitTestResult executionId="0c2f1127-0c62-4f5f-839a-43577ded054b" testId="2d7ac208-7dec-bf7e-f60a-85a2654b245f" testName="DMRules.Tests.KeywordTemplateFinalFixTests.WorldBreaker_RomanOrKana(text: &quot;ワールド・ブレイカー&quot;, key: WorldBreaker)" computerName="DESKTOP-DE0SNP1" duration="00:00:00.0004092" startTime="2025-11-04T14:25:31.6948017+09:00" endTime="2025-11-04T14:25:31.6948017+09:00" testType="13cdc9d9-ddb5-4fa4-a97d-d965ccfc6d4b" outcome="Passed" testListId="8c84fa94-04c1-424b-9868-57a2d4851a1d" relativeResultsDirectory="0c2f1127-0c62-4f5f-839a-43577ded054b" />
    <UnitTestResult executionId="a506c061-3997-4850-98c6-cc81857a4dbb" testId="3fbdf731-95be-b264-b310-09e3f3204e5a" testName="DMRules.Tests.PriorityOrderingTests.AP_Before_NAP_Even_If_NAP_Has_Higher_Priority" computerName="DESKTOP-DE0SNP1" duration="00:00:00.0005867" startTime="2025-11-04T14:25:31.5170327+09:00" endTime="2025-11-04T14:25:31.5170330+09:00" testType="13cdc9d9-ddb5-4fa4-a97d-d965ccfc6d4b" outcome="Passed" testListId="8c84fa94-04c1-424b-9868-57a2d4851a1d" relativeResultsDirectory="a506c061-3997-4850-98c6-cc81857a4dbb" />
    <UnitTestResult executionId="f63fb2f0-06af-4cdf-a981-0ac307a0e8ea" testId="e6560cf2-81dd-94df-2e89-d12a6290a288" testName="DMRules.Tests.KeywordTemplateFinalFix2Tests.WorldBreaker_RomanOrKana(text: &quot;WORLD・BREAKER の効果を得る。&quot;, key: WorldBreaker)" computerName="DESKTOP-DE0SNP1" duration="00:00:00.0004641" startTime="2025-11-04T14:25:31.6139035+09:00" endTime="2025-11-04T14:25:31.6139037+09:00" testType="13cdc9d9-ddb5-4fa4-a97d-d965ccfc6d4b" outcome="Passed" testListId="8c84fa94-04c1-424b-9868-57a2d4851a1d" relativeResultsDirectory="f63fb2f0-06af-4cdf-a981-0ac307a0e8ea" />
    <UnitTestResult executionId="47d76850-7217-4788-b72f-24283e4e2452" testId="ec1f0943-85aa-dced-d77c-aa2b3dec4b99" testName="Golden 20 cards snapshot (DB preferred, fallback; supports update mode)" computerName="DESKTOP-DE0SNP1" duration="00:00:00.1003146" startTime="2025-11-04T14:25:31.8247181+09:00" endTime="2025-11-04T14:25:31.8247187+09:00" testType="13cdc9d9-ddb5-4fa4-a97d-d965ccfc6d4b" outcome="Failed" testListId="8c84fa94-04c1-424b-9868-57a2d4851a1d" relativeResultsDirectory="47d76850-7217-4788-b72f-24283e4e2452">
      <Output>
        <ErrorInfo>
          <Message>Assert.Equal() Failure: Strings differ&#xD;
                                    ↓ (pos 49)&#xD;
Expected: ···"\n  "Tokens": [\n    "\\u30B7\\u30FC\\u30EB\\u3"···&#xD;
Actual:   ···"\n  "Tokens": [\n    "ShieldTrigger:\\u30B7\\"···&#xD;
                                    ↑ (pos 49)</Message>
          <StackTrace>   at DMRules.Tests.GoldenSnapshotSuite.GoldenSnapshots_Run() in C:\Users\米山\DuelMasters\tests\DMRules.Tests\GoldenSnapshotSuite.cs:line 147&#xD;
   at System.RuntimeMethodHandle.InvokeMethod(Object target, Void** arguments, Signature sig, Boolean isConstructor)&#xD;
   at System.Reflection.MethodBaseInvoker.InvokeWithNoArgs(Object obj, BindingFlags invokeAttr)</StackTrace>
        </ErrorInfo>
      </Output>
    </UnitTestResult>
    <UnitTestResult executionId="0b85ca25-bab9-4dee-bcd8-f7090e436311" testId="0cb469c0-6c50-4ff4-cb00-5527539f57f1" testName="DMRules.Tests.KeywordTemplateFinalFixTests.SetMarker_Wide_Pattern_Ignored" computerName="DESKTOP-DE0SNP1" duration="00:00:00.0004960" startTime="2025-11-04T14:25:31.6950732+09:00" endTime="2025-11-04T14:25:31.6950733+09:00" testType="13cdc9d9-ddb5-4fa4-a97d-d965ccfc6d4b" outcome="Passed" testListId="8c84fa94-04c1-424b-9868-57a2d4851a1d" relativeResultsDirectory="0b85ca25-bab9-4dee-bcd8-f7090e436311" />
    <UnitTestResult executionId="e27e8118-b9cd-447d-8894-b5b4b166637d" testId="b767f714-5ff3-5c71-f81e-8daeb35dba3b" testName="DMRules.Tests.ReplacementChainingTests.Destroy_Then_FlipFlag_Then_Exile" computerName="DESKTOP-DE0SNP1" duration="00:00:00.0010567" startTime="2025-11-04T14:25:31.6210340+09:00" endTime="2025-11-04T14:25:31.6210341+09:00" testType="13cdc9d9-ddb5-4fa4-a97d-d965ccfc6d4b" outcome="Passed" testListId="8c84fa94-04c1-424b-9868-57a2d4851a1d" relativeResultsDirectory="e27e8118-b9cd-447d-8894-b5b4b166637d" />
    <UnitTestResult executionId="d35f1683-8d0e-475c-aaf5-f989ef91c4b1" testId="bf80f9e0-e8f4-598b-68e9-0acf655f9f3a" testName="Trigger/APNAP instrumentation can probe (no-op safe)" computerName="DESKTOP-DE0SNP1" duration="00:00:00.0002542" startTime="2025-11-04T14:25:31.7206763+09:00" endTime="2025-11-04T14:25:31.7206764+09:00" testType="13cdc9d9-ddb5-4fa4-a97d-d965ccfc6d4b" outcome="Passed" testListId="8c84fa94-04c1-424b-9868-57a2d4851a1d" relativeResultsDirectory="d35f1683-8d0e-475c-aaf5-f989ef91c4b1" />
    <UnitTestResult executionId="dfc222c8-c3a5-4824-9874-b7a16baf511a" testId="5a32cb95-31c7-e35d-332b-6968f9c82f4d" testName="DMRules.Tests.KeywordTemplateFinalFix2Tests.WorldBreaker_RomanOrKana(text: &quot;WORLD・BREAKER&quot;, key: WorldBreaker)" computerName="DESKTOP-DE0SNP1" duration="00:00:00.0634270" startTime="2025-11-04T14:25:31.5953657+09:00" endTime="2025-11-04T14:25:31.5953662+09:00" testType="13cdc9d9-ddb5-4fa4-a97d-d965ccfc6d4b" outcome="Passed" testListId="8c84fa94-04c1-424b-9868-57a2d4851a1d" relativeResultsDirectory="dfc222c8-c3a5-4824-9874-b7a16baf511a" />
    <UnitTestResult executionId="d1d1dfbb-648e-4065-99df-a3b830b7e0a4" testId="72108263-2a22-0d2b-f193-c0ce6520c69e" testName="DMRules.Tests.KeywordTemplateFixTests.GNeo_Prioritized_Over_Neo" computerName="DESKTOP-DE0SNP1" duration="00:00:00.0018065" startTime="2025-11-04T14:25:31.6204231+09:00" endTime="2025-11-04T14:25:31.6204231+09:00" testType="13cdc9d9-ddb5-4fa4-a97d-d965ccfc6d4b" outcome="Passed" testListId="8c84fa94-04c1-424b-9868-57a2d4851a1d" relativeResultsDirectory="d1d1dfbb-648e-4065-99df-a3b830b7e0a4" />
    <UnitTestResult executionId="8317b5b3-efb6-446e-9ee7-10b540ed3816" testId="1e5b644e-9182-5235-d0a8-9e3a85e2fa89" testName="DMRules.Tests.KeywordTemplateFinalFix2Tests.Charger_Parens_With_Comma_And_Newline(text: &quot;チャージャー（この呪文を唱えた後、マナゾーンに置く）&quot;, key: Charger)" computerName="DESKTOP-DE0SNP1" duration="00:00:00.0005934" startTime="2025-11-04T14:25:31.6328231+09:00" endTime="2025-11-04T14:25:31.6328240+09:00" testType="13cdc9d9-ddb5-4fa4-a97d-d965ccfc6d4b" outcome="Passed" testListId="8c84fa94-04c1-424b-9868-57a2d4851a1d" relativeResultsDirectory="8317b5b3-efb6-446e-9ee7-10b540ed3816" />
    <UnitTestResult executionId="f21557c4-56df-492f-b283-cbe031fd8b92" testId="5ff92ad8-277a-6a5f-358d-483695400ca3" testName="DMRules.Tests.TextNormalization.M15_9_NormalizerTests.SquareBracket_RemovedBeforeTagging" computerName="DESKTOP-DE0SNP1" duration="00:00:00.0002399" startTime="2025-11-04T14:25:31.6982093+09:00" endTime="2025-11-04T14:25:31.6982094+09:00" testType="13cdc9d9-ddb5-4fa4-a97d-d965ccfc6d4b" outcome="Passed" testListId="8c84fa94-04c1-424b-9868-57a2d4851a1d" relativeResultsDirectory="f21557c4-56df-492f-b283-cbe031fd8b92" />
    <UnitTestResult executionId="09260830-dbd4-46c1-99e6-b5d7314a7e74" testId="3e229045-87c4-0ccc-0650-bfd9a7f29ce5" testName="SBA Trace Probe (reflection)" computerName="DESKTOP-DE0SNP1" duration="00:00:00.0447839" startTime="2025-11-04T14:25:31.6617027+09:00" endTime="2025-11-04T14:25:31.6617032+09:00" testType="13cdc9d9-ddb5-4fa4-a97d-d965ccfc6d4b" outcome="Passed" testListId="8c84fa94-04c1-424b-9868-57a2d4851a1d" relativeResultsDirectory="09260830-dbd4-46c1-99e6-b5d7314a7e74" />
    <UnitTestResult executionId="aa024405-3327-4f77-8177-539173554dfc" testId="0697eaba-ff92-42ba-8681-2396a89dfdc6" testName="DMRules.Tests.KeywordTemplateFixTests.WorldBreaker_CaseInsensitive_And_Charger_Parens(text: &quot;WORLD・BREAKER&quot;, key: WorldBreaker)" computerName="DESKTOP-DE0SNP1" duration="00:00:00.0004128" startTime="2025-11-04T14:25:31.6146679+09:00" endTime="2025-11-04T14:25:31.6146680+09:00" testType="13cdc9d9-ddb5-4fa4-a97d-d965ccfc6d4b" outcome="Passed" testListId="8c84fa94-04c1-424b-9868-57a2d4851a1d" relativeResultsDirectory="aa024405-3327-4f77-8177-539173554dfc" />
    <UnitTestResult executionId="ab1c9a13-3979-4861-803b-8d7112e998a8" testId="8b9f0361-dfbe-3e8d-4040-36502dcf871b" testName="DMRules.Tests.APNAPTests.Active_Player_Triggers_Resolve_Before_NonActive" computerName="DESKTOP-DE0SNP1" duration="00:00:00.0009059" startTime="2025-11-04T14:25:31.6619785+09:00" endTime="2025-11-04T14:25:31.6619790+09:00" testType="13cdc9d9-ddb5-4fa4-a97d-d965ccfc6d4b" outcome="Passed" testListId="8c84fa94-04c1-424b-9868-57a2d4851a1d" relativeResultsDirectory="ab1c9a13-3979-4861-803b-8d7112e998a8" />
    <UnitTestResult executionId="d4311d90-0036-4d5b-8463-4bdbd695f732" testId="d545c8b4-72a4-5ba0-8ce4-82b497574348" testName="DMRules.Tests.KeywordTemplateFinalFixTests.WorldBreaker_RomanOrKana(text: &quot;WORLD・BREAKER の効果を得る。&quot;, key: WorldBreaker)" computerName="DESKTOP-DE0SNP1" duration="00:00:00.0000453" startTime="2025-11-04T14:25:31.6949629+09:00" endTime="2025-11-04T14:25:31.6949630+09:00" testType="13cdc9d9-ddb5-4fa4-a97d-d965ccfc6d4b" outcome="Passed" testListId="8c84fa94-04c1-424b-9868-57a2d4851a1d" relativeResultsDirectory="d4311d90-0036-4d5b-8463-4bdbd695f732" />
    <UnitTestResult executionId="1b4637f2-d46c-4cc7-b16c-be1444ee883a" testId="ed65487b-e75c-f1f6-3a34-be1a1d600ee3" testName="DMRules.Tests.KeywordTemplateFinalFix2Tests.Charger_Parens_With_Comma_And_Newline(text: &quot;チャージャー(この呪文を唱えた後、マナゾーンに置く)&quot;, key: Charger)" computerName="DESKTOP-DE0SNP1" duration="00:00:00.0000766" startTime="2025-11-04T14:25:31.6332331+09:00" endTime="2025-11-04T14:25:31.6332333+09:00" testType="13cdc9d9-ddb5-4fa4-a97d-d965ccfc6d4b" outcome="Passed" testListId="8c84fa94-04c1-424b-9868-57a2d4851a1d" relativeResultsDirectory="1b4637f2-d46c-4cc7-b16c-be1444ee883a" />
    <UnitTestResult executionId="ab6afba4-139c-4a9e-9bef-ef848a19236a" testId="225dee68-3947-4422-448c-a8962f150e10" testName="DMRules.Tests.KeywordTemplateFinalFix3Tests.Charger_Parens_With_Comma_And_Newline(text: &quot;チャージャー（この呪文を唱えた後, マナゾーンに置く）&quot;, key: Charger)" computerName="DESKTOP-DE0SNP1" duration="00:00:00.0000797" startTime="2025-11-04T14:25:31.6241134+09:00" endTime="2025-11-04T14:25:31.6241135+09:00" testType="13cdc9d9-ddb5-4fa4-a97d-d965ccfc6d4b" outcome="Passed" testListId="8c84fa94-04c1-424b-9868-57a2d4851a1d" relativeResultsDirectory="ab6afba4-139c-4a9e-9bef-ef848a19236a" />
    <UnitTestResult executionId="9f28464c-448c-4ad4-9e8e-868513a275a3" testId="2d67af9d-7923-e734-f65e-39e6404c676f" testName="DMRules.Tests.ContinuousEffectOrderTests.Uses_Phase_Type_Not_String" computerName="DESKTOP-DE0SNP1" duration="00:00:00.0003033" startTime="2025-11-04T14:25:31.7204298+09:00" endTime="2025-11-04T14:25:31.7204298+09:00" testType="13cdc9d9-ddb5-4fa4-a97d-d965ccfc6d4b" outcome="Passed" testListId="8c84fa94-04c1-424b-9868-57a2d4851a1d" relativeResultsDirectory="9f28464c-448c-4ad4-9e8e-868513a275a3" />
    <UnitTestResult executionId="b2fc4a43-3585-443c-88d1-75497f2ba1b7" testId="ecc2a8c4-43a3-f2fb-17e6-045484606900" testName="DMRules.Tests.KeywordTemplateFixTests.SetMarker_Kakko_Is_Ignored" computerName="DESKTOP-DE0SNP1" duration="00:00:00.0032529" startTime="2025-11-04T14:25:31.6207021+09:00" endTime="2025-11-04T14:25:31.6207022+09:00" testType="13cdc9d9-ddb5-4fa4-a97d-d965ccfc6d4b" outcome="Passed" testListId="8c84fa94-04c1-424b-9868-57a2d4851a1d" relativeResultsDirectory="b2fc4a43-3585-443c-88d1-75497f2ba1b7" />
    <UnitTestResult executionId="1514878b-8b83-4c12-b1c5-00c9f2171402" testId="edfe98b8-d28d-f048-7f32-9bb9631b4649" testName="DMRules.Tests.TextNormalization.KeywordTemplateTests.PeriodExpression_Compat_KeepsOriginalPhrase" computerName="DESKTOP-DE0SNP1" duration="00:00:00.0002511" startTime="2025-11-04T14:25:31.6976784+09:00" endTime="2025-11-04T14:25:31.6976785+09:00" testType="13cdc9d9-ddb5-4fa4-a97d-d965ccfc6d4b" outcome="Passed" testListId="8c84fa94-04c1-424b-9868-57a2d4851a1d" relativeResultsDirectory="1514878b-8b83-4c12-b1c5-00c9f2171402" />
    <UnitTestResult executionId="7ee10c45-b8bf-4cd3-b48d-4ae048a1a301" testId="cae72dce-32fd-9a73-3da0-bd0eea2717f8" testName="DMRules.Tests.KeywordTemplateFixTests.WorldBreaker_CaseInsensitive_And_Charger_Parens(text: &quot;チャージャー（この呪文を唱えた後、マナゾーンに置く）&quot;, key: Charger)" computerName="DESKTOP-DE0SNP1" duration="00:00:00.0547289" startTime="2025-11-04T14:25:31.6145882+09:00" endTime="2025-11-04T14:25:31.6145883+09:00" testType="13cdc9d9-ddb5-4fa4-a97d-d965ccfc6d4b" outcome="Passed" testListId="8c84fa94-04c1-424b-9868-57a2d4851a1d" relativeResultsDirectory="7ee10c45-b8bf-4cd3-b48d-4ae048a1a301" />
    <UnitTestResult executionId="726f5d02-d65b-452e-b96c-616620579a4c" testId="32005fd6-c69e-c1af-8ea7-8c9be4172f65" testName="DMRules.Tests.TraceSnapshotTests.CardTraceSnapshot_Basic(cardName: &quot;BolmeteusWhiteDragon&quot;, text: &quot;このクリーチャーが攻撃する時、相手のシールドを1つ選び、墓地に置く。&quot;)" computerName="DESKTOP-DE0SNP1" duration="00:00:00.0022768" startTime="2025-11-04T14:25:31.6823427+09:00" endTime="2025-11-04T14:25:31.6823428+09:00" testType="13cdc9d9-ddb5-4fa4-a97d-d965ccfc6d4b" outcome="Passed" testListId="8c84fa94-04c1-424b-9868-57a2d4851a1d" relativeResultsDirectory="726f5d02-d65b-452e-b96c-616620579a4c" />
    <UnitTestResult executionId="f5e53e5a-c56a-42ac-b8ba-23afbf4974bf" testId="c8f509ac-2e62-fb8d-392d-971386b5fce7" testName="DMRules.Tests.KeywordPack2QuickFixTests.GZero_LineStart_Anchored" computerName="DESKTOP-DE0SNP1" duration="00:00:00.0963040" startTime="2025-11-04T14:25:31.6144830+09:00" endTime="2025-11-04T14:25:31.6144831+09:00" testType="13cdc9d9-ddb5-4fa4-a97d-d965ccfc6d4b" outcome="Passed" testListId="8c84fa94-04c1-424b-9868-57a2d4851a1d" relativeResultsDirectory="f5e53e5a-c56a-42ac-b8ba-23afbf4974bf" />
    <UnitTestResult executionId="7f66d386-68b4-49e5-bc8c-26ec22245aaf" testId="d82d5ee9-e660-1990-9516-d9336b24b0a7" testName="DMRules.Tests.ReplacementChainingTests.Destroy_Then_FlipFlag_Then_Prevent" computerName="DESKTOP-DE0SNP1" duration="00:00:00.0016824" startTime="2025-11-04T14:25:31.6211564+09:00" endTime="2025-11-04T14:25:31.6211565+09:00" testType="13cdc9d9-ddb5-4fa4-a97d-d965ccfc6d4b" outcome="Passed" testListId="8c84fa94-04c1-424b-9868-57a2d4851a1d" relativeResultsDirectory="7f66d386-68b4-49e5-bc8c-26ec22245aaf" />
    <UnitTestResult executionId="c0b1fa9a-13f6-429f-bc9e-fe6a071c58f8" testId="ded85a13-6425-d8b7-19c3-f7e6df4a549c" testName="DMRules.Tests.KeywordTemplateFinalFix3Tests.Charger_Parens_With_Comma_And_Newline(text: &quot;チャージャー（この呪文を唱えた後、マナゾーンに置く）&quot;, key: Charger)" computerName="DESKTOP-DE0SNP1" duration="00:00:00.0000411" startTime="2025-11-04T14:25:31.6242021+09:00" endTime="2025-11-04T14:25:31.6242022+09:00" testType="13cdc9d9-ddb5-4fa4-a97d-d965ccfc6d4b" outcome="Passed" testListId="8c84fa94-04c1-424b-9868-57a2d4851a1d" relativeResultsDirectory="c0b1fa9a-13f6-429f-bc9e-fe6a071c58f8" />
    <UnitTestResult executionId="2ebb30a6-3d72-4c03-bcf0-5aeb1f255368" testId="c8b9456c-eec5-4025-a378-606d41b5574d" testName="DMRules.Tests.TriggerPriorityFixTests.Dummy_Skip" computerName="DESKTOP-DE0SNP1" duration="00:00:00.0010000" startTime="2025-11-04T14:25:31.6887259+09:00" endTime="2025-11-04T14:25:31.6887265+09:00" testType="13cdc9d9-ddb5-4fa4-a97d-d965ccfc6d4b" outcome="NotExecuted" testListId="8c84fa94-04c1-424b-9868-57a2d4851a1d" relativeResultsDirectory="2ebb30a6-3d72-4c03-bcf0-5aeb1f255368">
      <Output>
        <ErrorInfo>
          <Message>Obsolete TemplateKey mapping; skipped for M15.4b normalization</Message>
        </ErrorInfo>
      </Output>
    </UnitTestResult>
    <UnitTestResult executionId="175b97c6-8364-432b-825e-d549791625b4" testId="f8e32557-a456-5b7a-067c-6fb3029bf0c9" testName="DMRules.Tests.TextNormalization.M15_9_NormalizerTests.RandomDiscard_Normalization_BothModes" computerName="DESKTOP-DE0SNP1" duration="00:00:00.0001718" startTime="2025-11-04T14:25:31.6980664+09:00" endTime="2025-11-04T14:25:31.6980664+09:00" testType="13cdc9d9-ddb5-4fa4-a97d-d965ccfc6d4b" outcome="Passed" testListId="8c84fa94-04c1-424b-9868-57a2d4851a1d" relativeResultsDirectory="175b97c6-8364-432b-825e-d549791625b4" />
    <UnitTestResult executionId="42993afe-61a5-4412-aed3-4a29358487ed" testId="e664ccdb-53f1-4205-799e-56c7bda644fd" testName="DMRules.Tests.KeywordTemplateFinalFix3Tests.WorldBreaker_RomanOrKana(text: &quot;このクリーチャーはワールド・ブレイカーを得る。&quot;, key: WorldBreaker)" computerName="DESKTOP-DE0SNP1" duration="00:00:00.0000505" startTime="2025-11-04T14:25:31.6238137+09:00" endTime="2025-11-04T14:25:31.6238138+09:00" testType="13cdc9d9-ddb5-4fa4-a97d-d965ccfc6d4b" outcome="Passed" testListId="8c84fa94-04c1-424b-9868-57a2d4851a1d" relativeResultsDirectory="42993afe-61a5-4412-aed3-4a29358487ed" />
    <UnitTestResult executionId="2004d495-1d4b-4558-9983-23a4a70ec665" testId="e1a56818-012b-4006-cc10-df9989bb21bf" testName="DMRules.Tests.KeywordTemplateFinalFix2Tests.SetMarker_Wide_Pattern_Ignored" computerName="DESKTOP-DE0SNP1" duration="00:00:00.0008017" startTime="2025-11-04T14:25:31.6344372+09:00" endTime="2025-11-04T14:25:31.6344376+09:00" testType="13cdc9d9-ddb5-4fa4-a97d-d965ccfc6d4b" outcome="Passed" testListId="8c84fa94-04c1-424b-9868-57a2d4851a1d" relativeResultsDirectory="2004d495-1d4b-4558-9983-23a4a70ec665" />
    <UnitTestResult executionId="44e90219-1a07-4c94-aacd-246d0b67c925" testId="29e7250a-623e-1040-a469-5bda616b27b9" testName="DMRules.Tests.KeywordTemplateFinalFix3Tests.Charger_Parens_With_Comma_And_Newline(text: &quot;チャージャー（この呪文を唱えた後\nマナゾーンに置く）&quot;, key: Charger)" computerName="DESKTOP-DE0SNP1" duration="00:00:00.0005772" startTime="2025-11-04T14:25:31.6239200+09:00" endTime="2025-11-04T14:25:31.6239201+09:00" testType="13cdc9d9-ddb5-4fa4-a97d-d965ccfc6d4b" outcome="Passed" testListId="8c84fa94-04c1-424b-9868-57a2d4851a1d" relativeResultsDirectory="44e90219-1a07-4c94-aacd-246d0b67c925" />
    <UnitTestResult executionId="6b9de850-07f5-40ee-9c6d-4e460ae16ac1" testId="df1d1174-53b5-1c0b-bbfa-d3d10f4da562" testName="DMRules.Tests.TraceAndChooserTests.Trace_Is_Appended_On_Key_Steps" computerName="DESKTOP-DE0SNP1" duration="00:00:00.0089563" startTime="2025-11-04T14:25:31.5401980+09:00" endTime="2025-11-04T14:25:31.5401986+09:00" testType="13cdc9d9-ddb5-4fa4-a97d-d965ccfc6d4b" outcome="Passed" testListId="8c84fa94-04c1-424b-9868-57a2d4851a1d" relativeResultsDirectory="6b9de850-07f5-40ee-9c6d-4e460ae16ac1" />
    <UnitTestResult executionId="305917da-8066-4c11-93dc-394c8c40b17f" testId="25430ab6-3504-76c9-5a09-5b505db11791" testName="DMRules.Tests.PriorityOrderingTests.AP_Triggers_Order_By_Priority_Then_Sequence" computerName="DESKTOP-DE0SNP1" duration="00:00:00.2626991" startTime="2025-11-04T14:25:31.5161928+09:00" endTime="2025-11-04T14:25:31.5161933+09:00" testType="13cdc9d9-ddb5-4fa4-a97d-d965ccfc6d4b" outcome="Passed" testListId="8c84fa94-04c1-424b-9868-57a2d4851a1d" relativeResultsDirectory="305917da-8066-4c11-93dc-394c8c40b17f" />
    <UnitTestResult executionId="c5366a56-2959-4c75-830c-a30d21fb91ae" testId="2e7e8209-4d39-aebe-8f47-23f67f681744" testName="DMRules.Tests.KeywordTemplateFixTests.WorldBreaker_CaseInsensitive_And_Charger_Parens(text: &quot;ワールド・ブレイカー&quot;, key: WorldBreaker)" computerName="DESKTOP-DE0SNP1" duration="00:00:00.0000708" startTime="2025-11-04T14:25:31.6201662+09:00" endTime="2025-11-04T14:25:31.6201664+09:00" testType="13cdc9d9-ddb5-4fa4-a97d-d965ccfc6d4b" outcome="Passed" testListId="8c84fa94-04c1-424b-9868-57a2d4851a1d" relativeResultsDirectory="c5366a56-2959-4c75-830c-a30d21fb91ae" />
    <UnitTestResult executionId="56a9a9b5-09d1-4477-939d-aff5b98ecaf5" testId="2b467f3f-657d-a65b-0734-622dbc6503f8" testName="DMRules.Tests.KeywordTemplateFinalFix2Tests.WorldBreaker_RomanOrKana(text: &quot;このクリーチャーはワールド・ブレイカーを得る。&quot;, key: WorldBreaker)" computerName="DESKTOP-DE0SNP1" duration="00:00:00.0000713" startTime="2025-11-04T14:25:31.6141842+09:00" endTime="2025-11-04T14:25:31.6141843+09:00" testType="13cdc9d9-ddb5-4fa4-a97d-d965ccfc6d4b" outcome="Passed" testListId="8c84fa94-04c1-424b-9868-57a2d4851a1d" relativeResultsDirectory="56a9a9b5-09d1-4477-939d-aff5b98ecaf5" />
    <UnitTestResult executionId="a7ef558a-7ffd-426f-8e5d-356fccec76f1" testId="416fb686-2649-7cb7-294e-f1475a7aaefc" testName="DMRules.Tests.TextNormalization.KeywordTemplateTests.SquareBrackets_AreRemovedBeforeTagging" computerName="DESKTOP-DE0SNP1" duration="00:00:00.0133580" startTime="2025-11-04T14:25:31.6953691+09:00" endTime="2025-11-04T14:25:31.6953692+09:00" testType="13cdc9d9-ddb5-4fa4-a97d-d965ccfc6d4b" outcome="Passed" testListId="8c84fa94-04c1-424b-9868-57a2d4851a1d" relativeResultsDirectory="a7ef558a-7ffd-426f-8e5d-356fccec76f1" />
    <UnitTestResult executionId="abe627ca-45fa-49b6-bcc7-69dbfa010dbd" testId="fd22107e-1dc6-ca78-19a8-11a02a740ec6" testName="DMRules.Tests.TurnPhaseTests.Phase_Cycles_And_Active_Player_Swaps_At_End" computerName="DESKTOP-DE0SNP1" duration="00:00:00.0102414" startTime="2025-11-04T14:25:31.5282355+09:00" endTime="2025-11-04T14:25:31.5282367+09:00" testType="13cdc9d9-ddb5-4fa4-a97d-d965ccfc6d4b" outcome="Passed" testListId="8c84fa94-04c1-424b-9868-57a2d4851a1d" relativeResultsDirectory="abe627ca-45fa-49b6-bcc7-69dbfa010dbd" />
    <UnitTestResult executionId="e382e518-8246-41c0-8220-c998ac779ec5" testId="fad816e5-419a-4ef4-9784-de2c41451f2f" testName="DMRules.Tests.ReplacementCompetitionTests.Affected_Owner_Controls_Choice_Over_Priority" computerName="DESKTOP-DE0SNP1" duration="00:00:00.0003783" startTime="2025-11-04T14:25:31.7200306+09:00" endTime="2025-11-04T14:25:31.7200309+09:00" testType="13cdc9d9-ddb5-4fa4-a97d-d965ccfc6d4b" outcome="Passed" testListId="8c84fa94-04c1-424b-9868-57a2d4851a1d" relativeResultsDirectory="e382e518-8246-41c0-8220-c998ac779ec5" />
    <UnitTestResult executionId="2559e2b4-5682-4519-99e5-52b3f9c083cf" testId="6fced7b2-2265-3759-f3f3-0ec22e570450" testName="DMRules.Tests.ReplacementCompetitionTests.If_Same_Controller_Then_Higher_Priority_Wins" computerName="DESKTOP-DE0SNP1" duration="00:00:00.0006231" startTime="2025-11-04T14:25:31.7195332+09:00" endTime="2025-11-04T14:25:31.7195344+09:00" testType="13cdc9d9-ddb5-4fa4-a97d-d965ccfc6d4b" outcome="Passed" testListId="8c84fa94-04c1-424b-9868-57a2d4851a1d" relativeResultsDirectory="2559e2b4-5682-4519-99e5-52b3f9c083cf" />
    <UnitTestResult executionId="7d0ebbb7-3461-41a8-a0e9-882bdb0900a1" testId="9a2bf151-3330-eb8b-41a1-1acf21ecafdb" testName="Engine SBAInstrumentation TryProbeAndRun()" computerName="DESKTOP-DE0SNP1" duration="00:00:00.2309681" startTime="2025-11-04T14:25:31.4907715+09:00" endTime="2025-11-04T14:25:31.4908068+09:00" testType="13cdc9d9-ddb5-4fa4-a97d-d965ccfc6d4b" outcome="Passed" testListId="8c84fa94-04c1-424b-9868-57a2d4851a1d" relativeResultsDirectory="7d0ebbb7-3461-41a8-a0e9-882bdb0900a1" />
    <UnitTestResult executionId="b43011a4-0ce9-4e5e-becd-99bc7422c513" testId="a27f7af6-8930-e922-1865-2f3b63a04862" testName="TraceExporter writes JSON(L) when DM_TRACE=1" computerName="DESKTOP-DE0SNP1" duration="00:00:00.0016821" startTime="2025-11-04T14:25:31.6208744+09:00" endTime="2025-11-04T14:25:31.6208745+09:00" testType="13cdc9d9-ddb5-4fa4-a97d-d965ccfc6d4b" outcome="Passed" testListId="8c84fa94-04c1-424b-9868-57a2d4851a1d" relativeResultsDirectory="b43011a4-0ce9-4e5e-becd-99bc7422c513" />
    <UnitTestResult executionId="dfe3ca4b-3efb-432e-9723-e59003199b63" testId="49e570f2-a50a-448f-b5cd-091945185586" testName="DMRules.Tests.TextNormalization.M15_9_SmokeTests.Compat_Defaults" computerName="DESKTOP-DE0SNP1" duration="00:00:00.0007743" startTime="2025-11-04T14:25:31.7226670+09:00" endTime="2025-11-04T14:25:31.7226674+09:00" testType="13cdc9d9-ddb5-4fa4-a97d-d965ccfc6d4b" outcome="Passed" testListId="8c84fa94-04c1-424b-9868-57a2d4851a1d" relativeResultsDirectory="dfe3ca4b-3efb-432e-9723-e59003199b63" />
    <UnitTestResult executionId="9ea9183a-e34d-4be4-b414-3f27552adc9c" testId="3bad7155-3bfd-ae16-6c34-2aa1a3203191" testName="DMRules.Tests.ReplacementEffectTests.Without_Replacement_Destroy_Proceeds_And_Death_Trigger_Fires" computerName="DESKTOP-DE0SNP1" duration="00:00:00.0003779" startTime="2025-11-04T14:25:31.6821678+09:00" endTime="2025-11-04T14:25:31.6821678+09:00" testType="13cdc9d9-ddb5-4fa4-a97d-d965ccfc6d4b" outcome="Passed" testListId="8c84fa94-04c1-424b-9868-57a2d4851a1d" relativeResultsDirectory="9ea9183a-e34d-4be4-b414-3f27552adc9c" />
    <UnitTestResult executionId="ad3ef587-b1a9-4b94-8169-67de4e91cad6" testId="88f31864-7328-fc03-4bd6-35084d342336" testName="DMRules.Tests.KeywordTemplateFinalFix3Tests.SetMarker_Wide_Pattern_Ignored" computerName="DESKTOP-DE0SNP1" duration="00:00:00.0039352" startTime="2025-11-04T14:25:31.6243174+09:00" endTime="2025-11-04T14:25:31.6243175+09:00" testType="13cdc9d9-ddb5-4fa4-a97d-d965ccfc6d4b" outcome="Passed" testListId="8c84fa94-04c1-424b-9868-57a2d4851a1d" relativeResultsDirectory="ad3ef587-b1a9-4b94-8169-67de4e91cad6" />
  </Results>
  <TestDefinitions>
    <UnitTest name="DMRules.Tests.TextNormalization.M15_9_SmokeTests.Compat_Defaults" storage="c:\users\米山\duelmasters\tests\dmrules.tests\bin\debug\net8.0\dmrules.tests.dll" id="49e570f2-a50a-448f-b5cd-091945185586">
      <Execution id="dfe3ca4b-3efb-432e-9723-e59003199b63" />
      <TestMethod codeBase="C:\Users\米山\DuelMasters\tests\DMRules.Tests\bin\Debug\net8.0\DMRules.Tests.dll" adapterTypeName="executor://xunit/VsTestRunner2/netcoreapp" className="DMRules.Tests.TextNormalization.M15_9_SmokeTests" name="Compat_Defaults" />
    </UnitTest>
    <UnitTest name="DMRules.Tests.TriggerPriorityFixTests.Dummy_Skip" storage="c:\users\米山\duelmasters\tests\dmrules.tests\bin\debug\net8.0\dmrules.tests.dll" id="c8b9456c-eec5-4025-a378-606d41b5574d">
      <Execution id="2ebb30a6-3d72-4c03-bcf0-5aeb1f255368" />
      <TestMethod codeBase="C:\Users\米山\DuelMasters\tests\DMRules.Tests\bin\Debug\net8.0\DMRules.Tests.dll" adapterTypeName="executor://xunit/VsTestRunner2/netcoreapp" className="DMRules.Tests.TriggerPriorityFixTests" name="Dummy_Skip" />
    </UnitTest>
    <UnitTest name="DMRules.Tests.TextNormalization.CardTextTemplateTests.RandomDiscard_Compat_WithoutTrailingPeriod" storage="c:\users\米山\duelmasters\tests\dmrules.tests\bin\debug\net8.0\dmrules.tests.dll" id="74b08153-a620-7326-7c75-2f7b0596a9b4">
      <Execution id="4382c12a-95b3-493d-a49f-427ce02cb42a" />
      <TestMethod codeBase="C:\Users\米山\DuelMasters\tests\DMRules.Tests\bin\Debug\net8.0\DMRules.Tests.dll" adapterTypeName="executor://xunit/VsTestRunner2/netcoreapp" className="DMRules.Tests.TextNormalization.CardTextTemplateTests" name="RandomDiscard_Compat_WithoutTrailingPeriod" />
    </UnitTest>
    <UnitTest name="DMRules.Tests.KeywordTemplateFixTests.GNeo_Prioritized_Over_Neo" storage="c:\users\米山\duelmasters\tests\dmrules.tests\bin\debug\net8.0\dmrules.tests.dll" id="72108263-2a22-0d2b-f193-c0ce6520c69e">
      <Execution id="d1d1dfbb-648e-4065-99df-a3b830b7e0a4" />
      <TestMethod codeBase="C:\Users\米山\DuelMasters\tests\DMRules.Tests\bin\Debug\net8.0\DMRules.Tests.dll" adapterTypeName="executor://xunit/VsTestRunner2/netcoreapp" className="DMRules.Tests.KeywordTemplateFixTests" name="GNeo_Prioritized_Over_Neo" />
    </UnitTest>
    <UnitTest name="DMRules.Tests.ReplacementCompetitionTests.Affected_Owner_Controls_Choice_Over_Priority" storage="c:\users\米山\duelmasters\tests\dmrules.tests\bin\debug\net8.0\dmrules.tests.dll" id="fad816e5-419a-4ef4-9784-de2c41451f2f">
      <Execution id="e382e518-8246-41c0-8220-c998ac779ec5" />
      <TestMethod codeBase="C:\Users\米山\DuelMasters\tests\DMRules.Tests\bin\Debug\net8.0\DMRules.Tests.dll" adapterTypeName="executor://xunit/VsTestRunner2/netcoreapp" className="DMRules.Tests.ReplacementCompetitionTests" name="Affected_Owner_Controls_Choice_Over_Priority" />
    </UnitTest>
    <UnitTest name="Trigger/APNAP instrumentation can probe (no-op safe)" storage="c:\users\米山\duelmasters\tests\dmrules.tests\bin\debug\net8.0\dmrules.tests.dll" id="bf80f9e0-e8f4-598b-68e9-0acf655f9f3a">
      <Execution id="d35f1683-8d0e-475c-aaf5-f989ef91c4b1" />
      <TestMethod codeBase="C:\Users\米山\DuelMasters\tests\DMRules.Tests\bin\Debug\net8.0\DMRules.Tests.dll" adapterTypeName="executor://xunit/VsTestRunner2/netcoreapp" className="DMRules.Tests.TriggerInstrumentationTest" name="ProbeNoopSafe" />
    </UnitTest>
    <UnitTest name="DMRules.Tests.ContinuousEffectOrderTests.Uses_Phase_Type_Not_String" storage="c:\users\米山\duelmasters\tests\dmrules.tests\bin\debug\net8.0\dmrules.tests.dll" id="2d67af9d-7923-e734-f65e-39e6404c676f">
      <Execution id="9f28464c-448c-4ad4-9e8e-868513a275a3" />
      <TestMethod codeBase="C:\Users\米山\DuelMasters\tests\DMRules.Tests\bin\Debug\net8.0\DMRules.Tests.dll" adapterTypeName="executor://xunit/VsTestRunner2/netcoreapp" className="DMRules.Tests.ContinuousEffectOrderTests" name="Uses_Phase_Type_Not_String" />
    </UnitTest>
    <UnitTest name="DMRules.Tests.ReplacementCompetitionTests.If_Same_Controller_Then_Higher_Priority_Wins" storage="c:\users\米山\duelmasters\tests\dmrules.tests\bin\debug\net8.0\dmrules.tests.dll" id="6fced7b2-2265-3759-f3f3-0ec22e570450">
      <Execution id="2559e2b4-5682-4519-99e5-52b3f9c083cf" />
      <TestMethod codeBase="C:\Users\米山\DuelMasters\tests\DMRules.Tests\bin\Debug\net8.0\DMRules.Tests.dll" adapterTypeName="executor://xunit/VsTestRunner2/netcoreapp" className="DMRules.Tests.ReplacementCompetitionTests" name="If_Same_Controller_Then_Higher_Priority_Wins" />
    </UnitTest>
    <UnitTest name="DMRules.Tests.KeywordTemplateFixTests.WorldBreaker_CaseInsensitive_And_Charger_Parens(text: &quot;チャージャー(この呪文を唱えた後、マナゾーンに置く)&quot;, key: Charger)" storage="c:\users\米山\duelmasters\tests\dmrules.tests\bin\debug\net8.0\dmrules.tests.dll" id="1631f2c4-f5cd-a56a-a47b-d9532063f7d6">
      <Execution id="6cd34461-9dec-4c67-acab-457cb3660b26" />
      <TestMethod codeBase="C:\Users\米山\DuelMasters\tests\DMRules.Tests\bin\Debug\net8.0\DMRules.Tests.dll" adapterTypeName="executor://xunit/VsTestRunner2/netcoreapp" className="DMRules.Tests.KeywordTemplateFixTests" name="WorldBreaker_CaseInsensitive_And_Charger_Parens" />
    </UnitTest>
    <UnitTest name="DMRules.Tests.KeywordTemplateFinalFixTests.WorldBreaker_RomanOrKana(text: &quot;WORLD・BREAKER&quot;, key: WorldBreaker)" storage="c:\users\米山\duelmasters\tests\dmrules.tests\bin\debug\net8.0\dmrules.tests.dll" id="4ced3bb4-cb47-19ad-008c-a5dc3b468040">
      <Execution id="43c14287-7c0f-4277-966d-854148f2ca94" />
      <TestMethod codeBase="C:\Users\米山\DuelMasters\tests\DMRules.Tests\bin\Debug\net8.0\DMRules.Tests.dll" adapterTypeName="executor://xunit/VsTestRunner2/netcoreapp" className="DMRules.Tests.KeywordTemplateFinalFixTests" name="WorldBreaker_RomanOrKana" />
    </UnitTest>
    <UnitTest name="DMRules.Tests.PriorityOrderingTests.AP_Before_NAP_Even_If_NAP_Has_Higher_Priority" storage="c:\users\米山\duelmasters\tests\dmrules.tests\bin\debug\net8.0\dmrules.tests.dll" id="3fbdf731-95be-b264-b310-09e3f3204e5a">
      <Execution id="a506c061-3997-4850-98c6-cc81857a4dbb" />
      <TestMethod codeBase="C:\Users\米山\DuelMasters\tests\DMRules.Tests\bin\Debug\net8.0\DMRules.Tests.dll" adapterTypeName="executor://xunit/VsTestRunner2/netcoreapp" className="DMRules.Tests.PriorityOrderingTests" name="AP_Before_NAP_Even_If_NAP_Has_Higher_Priority" />
    </UnitTest>
    <UnitTest name="SBA Trace Probe (reflection)" storage="c:\users\米山\duelmasters\tests\dmrules.tests\bin\debug\net8.0\dmrules.tests.dll" id="3e229045-87c4-0ccc-0650-bfd9a7f29ce5">
      <Execution id="09260830-dbd4-46c1-99e6-b5d7314a7e74" />
      <TestMethod codeBase="C:\Users\米山\DuelMasters\tests\DMRules.Tests\bin\Debug\net8.0\DMRules.Tests.dll" adapterTypeName="executor://xunit/VsTestRunner2/netcoreapp" className="DMRules.Tests.SBATraceProbe" name="ProbeSbaViaReflection" />
    </UnitTest>
    <UnitTest name="DMRules.Tests.KeywordTemplateFixTests.WorldBreaker_CaseInsensitive_And_Charger_Parens(text: &quot;ワールド・ブレイカー&quot;, key: WorldBreaker)" storage="c:\users\米山\duelmasters\tests\dmrules.tests\bin\debug\net8.0\dmrules.tests.dll" id="2e7e8209-4d39-aebe-8f47-23f67f681744">
      <Execution id="c5366a56-2959-4c75-830c-a30d21fb91ae" />
      <TestMethod codeBase="C:\Users\米山\DuelMasters\tests\DMRules.Tests\bin\Debug\net8.0\DMRules.Tests.dll" adapterTypeName="executor://xunit/VsTestRunner2/netcoreapp" className="DMRules.Tests.KeywordTemplateFixTests" name="WorldBreaker_CaseInsensitive_And_Charger_Parens" />
    </UnitTest>
    <UnitTest name="DMRules.Tests.KeywordTemplateFinalFix2Tests.WorldBreaker_RomanOrKana(text: &quot;WORLD・BREAKER の効果を得る。&quot;, key: WorldBreaker)" storage="c:\users\米山\duelmasters\tests\dmrules.tests\bin\debug\net8.0\dmrules.tests.dll" id="e6560cf2-81dd-94df-2e89-d12a6290a288">
      <Execution id="f63fb2f0-06af-4cdf-a981-0ac307a0e8ea" />
      <TestMethod codeBase="C:\Users\米山\DuelMasters\tests\DMRules.Tests\bin\Debug\net8.0\DMRules.Tests.dll" adapterTypeName="executor://xunit/VsTestRunner2/netcoreapp" className="DMRules.Tests.KeywordTemplateFinalFix2Tests" name="WorldBreaker_RomanOrKana" />
    </UnitTest>
    <UnitTest name="DMRules.Tests.KeywordTemplateFixTests.WorldBreaker_CaseInsensitive_And_Charger_Parens(text: &quot;WORLD・BREAKER&quot;, key: WorldBreaker)" storage="c:\users\米山\duelmasters\tests\dmrules.tests\bin\debug\net8.0\dmrules.tests.dll" id="0697eaba-ff92-42ba-8681-2396a89dfdc6">
      <Execution id="aa024405-3327-4f77-8177-539173554dfc" />
      <TestMethod codeBase="C:\Users\米山\DuelMasters\tests\DMRules.Tests\bin\Debug\net8.0\DMRules.Tests.dll" adapterTypeName="executor://xunit/VsTestRunner2/netcoreapp" className="DMRules.Tests.KeywordTemplateFixTests" name="WorldBreaker_CaseInsensitive_And_Charger_Parens" />
    </UnitTest>
    <UnitTest name="DMRules.Tests.KeywordTemplateFinalFix3Tests.WorldBreaker_RomanOrKana(text: &quot;ワールド・ブレイカー&quot;, key: WorldBreaker)" storage="c:\users\米山\duelmasters\tests\dmrules.tests\bin\debug\net8.0\dmrules.tests.dll" id="3736f69e-6b39-cd52-7375-a70f98bda793">
      <Execution id="85adfe7d-1559-4101-817f-b5c5e39e7768" />
      <TestMethod codeBase="C:\Users\米山\DuelMasters\tests\DMRules.Tests\bin\Debug\net8.0\DMRules.Tests.dll" adapterTypeName="executor://xunit/VsTestRunner2/netcoreapp" className="DMRules.Tests.KeywordTemplateFinalFix3Tests" name="WorldBreaker_RomanOrKana" />
    </UnitTest>
    <UnitTest name="DMRules.Tests.TextNormalization.M15_9_NormalizerTests.SquareBracket_RemovedBeforeTagging" storage="c:\users\米山\duelmasters\tests\dmrules.tests\bin\debug\net8.0\dmrules.tests.dll" id="5ff92ad8-277a-6a5f-358d-483695400ca3">
      <Execution id="f21557c4-56df-492f-b283-cbe031fd8b92" />
      <TestMethod codeBase="C:\Users\米山\DuelMasters\tests\DMRules.Tests\bin\Debug\net8.0\DMRules.Tests.dll" adapterTypeName="executor://xunit/VsTestRunner2/netcoreapp" className="DMRules.Tests.TextNormalization.M15_9_NormalizerTests" name="SquareBracket_RemovedBeforeTagging" />
    </UnitTest>
    <UnitTest name="DMRules.Tests.TextNormalization.KeywordTemplateTests.PeriodExpression_Strict_NormalizesToInTurn" storage="c:\users\米山\duelmasters\tests\dmrules.tests\bin\debug\net8.0\dmrules.tests.dll" id="36015f33-d1d8-6a13-f667-a89a5d265086">
      <Execution id="ec158114-c46d-4aef-8a33-30a3ca059846" />
      <TestMethod codeBase="C:\Users\米山\DuelMasters\tests\DMRules.Tests\bin\Debug\net8.0\DMRules.Tests.dll" adapterTypeName="executor://xunit/VsTestRunner2/netcoreapp" className="DMRules.Tests.TextNormalization.KeywordTemplateTests" name="PeriodExpression_Strict_NormalizesToInTurn" />
    </UnitTest>
    <UnitTest name="DMRules.Tests.KeywordTemplateFinalFix3Tests.Charger_Parens_With_Comma_And_Newline(text: &quot;チャージャー(この呪文を唱えた後、マナゾーンに置く)&quot;, key: Charger)" storage="c:\users\米山\duelmasters\tests\dmrules.tests\bin\debug\net8.0\dmrules.tests.dll" id="84d1ad1b-75ee-2471-a382-ce3df3c8d88b">
      <Execution id="2a49c027-0ce6-4427-afbc-3f23e73c7880" />
      <TestMethod codeBase="C:\Users\米山\DuelMasters\tests\DMRules.Tests\bin\Debug\net8.0\DMRules.Tests.dll" adapterTypeName="executor://xunit/VsTestRunner2/netcoreapp" className="DMRules.Tests.KeywordTemplateFinalFix3Tests" name="Charger_Parens_With_Comma_And_Newline" />
    </UnitTest>
    <UnitTest name="Phase instrumentation can probe (no-op safe)" storage="c:\users\米山\duelmasters\tests\dmrules.tests\bin\debug\net8.0\dmrules.tests.dll" id="51a38d1d-c05f-3046-3575-d7bb83a750dd">
      <Execution id="d86178b4-75c6-4247-aa0d-02ea920d14b3" />
      <TestMethod codeBase="C:\Users\米山\DuelMasters\tests\DMRules.Tests\bin\Debug\net8.0\DMRules.Tests.dll" adapterTypeName="executor://xunit/VsTestRunner2/netcoreapp" className="DMRules.Tests.PhaseInstrumentationTest" name="ProbeNoopSafe" />
    </UnitTest>
    <UnitTest name="DMRules.Tests.TextNormalization.M15_9_NormalizerTests.RandomDiscard_Normalization_BothModes" storage="c:\users\米山\duelmasters\tests\dmrules.tests\bin\debug\net8.0\dmrules.tests.dll" id="f8e32557-a456-5b7a-067c-6fb3029bf0c9">
      <Execution id="175b97c6-8364-432b-825e-d549791625b4" />
      <TestMethod codeBase="C:\Users\米山\DuelMasters\tests\DMRules.Tests\bin\Debug\net8.0\DMRules.Tests.dll" adapterTypeName="executor://xunit/VsTestRunner2/netcoreapp" className="DMRules.Tests.TextNormalization.M15_9_NormalizerTests" name="RandomDiscard_Normalization_BothModes" />
    </UnitTest>
    <UnitTest name="DMRules.Tests.KeywordTemplateFinalFix2Tests.Charger_Parens_With_Comma_And_Newline(text: &quot;チャージャー（この呪文を唱えた後\nマナゾーンに置く）&quot;, key: Charger)" storage="c:\users\米山\duelmasters\tests\dmrules.tests\bin\debug\net8.0\dmrules.tests.dll" id="60ed9250-a21f-3700-be87-6b6c1bfde575">
      <Execution id="762db722-a77d-4e38-84a1-5943089d9063" />
      <TestMethod codeBase="C:\Users\米山\DuelMasters\tests\DMRules.Tests\bin\Debug\net8.0\DMRules.Tests.dll" adapterTypeName="executor://xunit/VsTestRunner2/netcoreapp" className="DMRules.Tests.KeywordTemplateFinalFix2Tests" name="Charger_Parens_With_Comma_And_Newline" />
    </UnitTest>
    <UnitTest name="DMRules.Tests.TextNormalization.M15_9_SmokeTests.Strict_Mode_Behavior" storage="c:\users\米山\duelmasters\tests\dmrules.tests\bin\debug\net8.0\dmrules.tests.dll" id="e8049a62-e4b8-3d6f-8655-30c6b8f07233">
      <Execution id="4fdde283-cc32-46c8-9a63-fe8091536eb7" />
      <TestMethod codeBase="C:\Users\米山\DuelMasters\tests\DMRules.Tests\bin\Debug\net8.0\DMRules.Tests.dll" adapterTypeName="executor://xunit/VsTestRunner2/netcoreapp" className="DMRules.Tests.TextNormalization.M15_9_SmokeTests" name="Strict_Mode_Behavior" />
    </UnitTest>
    <UnitTest name="DMRules.Tests.ReplacementChainingTests.Destroy_Then_FlipFlag_Then_Prevent" storage="c:\users\米山\duelmasters\tests\dmrules.tests\bin\debug\net8.0\dmrules.tests.dll" id="d82d5ee9-e660-1990-9516-d9336b24b0a7">
      <Execution id="7f66d386-68b4-49e5-bc8c-26ec22245aaf" />
      <TestMethod codeBase="C:\Users\米山\DuelMasters\tests\DMRules.Tests\bin\Debug\net8.0\DMRules.Tests.dll" adapterTypeName="executor://xunit/VsTestRunner2/netcoreapp" className="DMRules.Tests.ReplacementChainingTests" name="Destroy_Then_FlipFlag_Then_Prevent" />
    </UnitTest>
    <UnitTest name="DMRules.Tests.TextNormalization.M15_9_NormalizerTests.RemoveShieldTriggerPrefix_WorksCorrectly" storage="c:\users\米山\duelmasters\tests\dmrules.tests\bin\debug\net8.0\dmrules.tests.dll" id="7c732b6b-2882-6055-9f57-a9b6d409834c">
      <Execution id="dd6f0ce6-cc2e-40e8-8802-da28c4ab1472" />
      <TestMethod codeBase="C:\Users\米山\DuelMasters\tests\DMRules.Tests\bin\Debug\net8.0\DMRules.Tests.dll" adapterTypeName="executor://xunit/VsTestRunner2/netcoreapp" className="DMRules.Tests.TextNormalization.M15_9_NormalizerTests" name="RemoveShieldTriggerPrefix_WorksCorrectly" />
    </UnitTest>
    <UnitTest name="DMRules.Tests.TextNormalization.CardTextTemplateTests.ApplyAll_Pipeline_CoversRandomDiscard_AndShieldTriggerRemoval" storage="c:\users\米山\duelmasters\tests\dmrules.tests\bin\debug\net8.0\dmrules.tests.dll" id="32c44daa-3bf3-ba96-c749-361fa12ceb31">
      <Execution id="652a87a5-d008-4d42-a3d0-e0e3f3eb30a7" />
      <TestMethod codeBase="C:\Users\米山\DuelMasters\tests\DMRules.Tests\bin\Debug\net8.0\DMRules.Tests.dll" adapterTypeName="executor://xunit/VsTestRunner2/netcoreapp" className="DMRules.Tests.TextNormalization.CardTextTemplateTests" name="ApplyAll_Pipeline_CoversRandomDiscard_AndShieldTriggerRemoval" />
    </UnitTest>
    <UnitTest name="DMRules.Tests.TraceSnapshotTests.CardTraceSnapshot_Basic(cardName: &quot;AquaSurfer&quot;, text: &quot;シールドトリガー。相手のクリーチャーを1体選び、持ち主の手札に戻す。&quot;)" storage="c:\users\米山\duelmasters\tests\dmrules.tests\bin\debug\net8.0\dmrules.tests.dll" id="70ed8dcf-0409-48b1-0c14-e6eec829a1e1">
      <Execution id="808d7e37-7af1-4b3a-9ed2-127c222296b1" />
      <TestMethod codeBase="C:\Users\米山\DuelMasters\tests\DMRules.Tests\bin\Debug\net8.0\DMRules.Tests.dll" adapterTypeName="executor://xunit/VsTestRunner2/netcoreapp" className="DMRules.Tests.TraceSnapshotTests" name="CardTraceSnapshot_Basic" />
    </UnitTest>
    <UnitTest name="DMRules.Tests.ExecutionLogicTests.Basic_RunAll_Works" storage="c:\users\米山\duelmasters\tests\dmrules.tests\bin\debug\net8.0\dmrules.tests.dll" id="f959d5f6-f634-40b9-f7fa-f89cb13b7aea">
      <Execution id="a1648f39-4364-4c83-9adf-0d9737cabe25" />
      <TestMethod codeBase="C:\Users\米山\DuelMasters\tests\DMRules.Tests\bin\Debug\net8.0\DMRules.Tests.dll" adapterTypeName="executor://xunit/VsTestRunner2/netcoreapp" className="DMRules.Tests.ExecutionLogicTests" name="Basic_RunAll_Works" />
    </UnitTest>
    <UnitTest name="DMRules.Tests.APNAPTests.Active_Player_Triggers_Resolve_Before_NonActive" storage="c:\users\米山\duelmasters\tests\dmrules.tests\bin\debug\net8.0\dmrules.tests.dll" id="8b9f0361-dfbe-3e8d-4040-36502dcf871b">
      <Execution id="ab1c9a13-3979-4861-803b-8d7112e998a8" />
      <TestMethod codeBase="C:\Users\米山\DuelMasters\tests\DMRules.Tests\bin\Debug\net8.0\DMRules.Tests.dll" adapterTypeName="executor://xunit/VsTestRunner2/netcoreapp" className="DMRules.Tests.APNAPTests" name="Active_Player_Triggers_Resolve_Before_NonActive" />
    </UnitTest>
    <UnitTest name="DMRules.Tests.KeywordTemplateFinalFix2Tests.WorldBreaker_RomanOrKana(text: &quot;ワールド・ブレイカー&quot;, key: WorldBreaker)" storage="c:\users\米山\duelmasters\tests\dmrules.tests\bin\debug\net8.0\dmrules.tests.dll" id="027f548f-2b43-98df-d533-af5f137c5cdc">
      <Execution id="d43cf83f-4d2e-4d83-a727-f52b8200bb1a" />
      <TestMethod codeBase="C:\Users\米山\DuelMasters\tests\DMRules.Tests\bin\Debug\net8.0\DMRules.Tests.dll" adapterTypeName="executor://xunit/VsTestRunner2/netcoreapp" className="DMRules.Tests.KeywordTemplateFinalFix2Tests" name="WorldBreaker_RomanOrKana" />
    </UnitTest>
    <UnitTest name="DMRules.Tests.TextNormalization.M15_9_NormalizerTests.UntilStartOfNextTurn_StandardizedInStrict" storage="c:\users\米山\duelmasters\tests\dmrules.tests\bin\debug\net8.0\dmrules.tests.dll" id="eeb0bd0a-1275-5845-1357-54505b2db0af">
      <Execution id="71ad4205-5d7a-4fe5-8557-a2807fcc5c98" />
      <TestMethod codeBase="C:\Users\米山\DuelMasters\tests\DMRules.Tests\bin\Debug\net8.0\DMRules.Tests.dll" adapterTypeName="executor://xunit/VsTestRunner2/netcoreapp" className="DMRules.Tests.TextNormalization.M15_9_NormalizerTests" name="UntilStartOfNextTurn_StandardizedInStrict" />
    </UnitTest>
    <UnitTest name="DMRules.Tests.KeywordTemplateFinalFixTests.WorldBreaker_RomanOrKana(text: &quot;ワールド・ブレイカー&quot;, key: WorldBreaker)" storage="c:\users\米山\duelmasters\tests\dmrules.tests\bin\debug\net8.0\dmrules.tests.dll" id="2d7ac208-7dec-bf7e-f60a-85a2654b245f">
      <Execution id="0c2f1127-0c62-4f5f-839a-43577ded054b" />
      <TestMethod codeBase="C:\Users\米山\DuelMasters\tests\DMRules.Tests\bin\Debug\net8.0\DMRules.Tests.dll" adapterTypeName="executor://xunit/VsTestRunner2/netcoreapp" className="DMRules.Tests.KeywordTemplateFinalFixTests" name="WorldBreaker_RomanOrKana" />
    </UnitTest>
    <UnitTest name="Golden 20 cards snapshot (DB preferred, fallback; supports update mode)" storage="c:\users\米山\duelmasters\tests\dmrules.tests\bin\debug\net8.0\dmrules.tests.dll" id="ec1f0943-85aa-dced-d77c-aa2b3dec4b99">
      <Execution id="47d76850-7217-4788-b72f-24283e4e2452" />
      <TestMethod codeBase="C:\Users\米山\DuelMasters\tests\DMRules.Tests\bin\Debug\net8.0\DMRules.Tests.dll" adapterTypeName="executor://xunit/VsTestRunner2/netcoreapp" className="DMRules.Tests.GoldenSnapshotSuite" name="GoldenSnapshots_Run" />
    </UnitTest>
    <UnitTest name="DMRules.Tests.TraceSnapshotTests.CardTraceSnapshot_Basic(cardName: &quot;BolmeteusWhiteDragon&quot;, text: &quot;このクリーチャーが攻撃する時、相手のシールドを1つ選び、墓地に置く。&quot;)" storage="c:\users\米山\duelmasters\tests\dmrules.tests\bin\debug\net8.0\dmrules.tests.dll" id="32005fd6-c69e-c1af-8ea7-8c9be4172f65">
      <Execution id="726f5d02-d65b-452e-b96c-616620579a4c" />
      <TestMethod codeBase="C:\Users\米山\DuelMasters\tests\DMRules.Tests\bin\Debug\net8.0\DMRules.Tests.dll" adapterTypeName="executor://xunit/VsTestRunner2/netcoreapp" className="DMRules.Tests.TraceSnapshotTests" name="CardTraceSnapshot_Basic" />
    </UnitTest>
    <UnitTest name="DMRules.Tests.ReplacementEffectTests.PreventNextDestroy_Stops_ZoneChange_And_Enqueues_Draw" storage="c:\users\米山\duelmasters\tests\dmrules.tests\bin\debug\net8.0\dmrules.tests.dll" id="c0757847-5274-8879-f4e6-1a027de14ebe">
      <Execution id="7869b8e3-c57b-410f-9ae2-3f3a47a29a39" />
      <TestMethod codeBase="C:\Users\米山\DuelMasters\tests\DMRules.Tests\bin\Debug\net8.0\DMRules.Tests.dll" adapterTypeName="executor://xunit/VsTestRunner2/netcoreapp" className="DMRules.Tests.ReplacementEffectTests" name="PreventNextDestroy_Stops_ZoneChange_And_Enqueues_Draw" />
    </UnitTest>
    <UnitTest name="DMRules.Tests.KeywordTemplateFinalFixTests.Charger_Parens_Full_Or_Half(text: &quot;チャージャー（この呪文を唱えた後、マナゾーンに置く）&quot;, key: Charger)" storage="c:\users\米山\duelmasters\tests\dmrules.tests\bin\debug\net8.0\dmrules.tests.dll" id="12097e5b-bedc-72c7-e9f7-04e90344aa15">
      <Execution id="ef8bbe15-e151-47e5-be04-be57b86cc443" />
      <TestMethod codeBase="C:\Users\米山\DuelMasters\tests\DMRules.Tests\bin\Debug\net8.0\DMRules.Tests.dll" adapterTypeName="executor://xunit/VsTestRunner2/netcoreapp" className="DMRules.Tests.KeywordTemplateFinalFixTests" name="Charger_Parens_Full_Or_Half" />
    </UnitTest>
    <UnitTest name="DMRules.Tests.KeywordTemplateFinalFixTests.Charger_Parens_Full_Or_Half(text: &quot;チャージャー(この呪文を唱えた後、マナゾーンに置く)&quot;, key: Charger)" storage="c:\users\米山\duelmasters\tests\dmrules.tests\bin\debug\net8.0\dmrules.tests.dll" id="5b23b3fd-7ad5-60c5-4c1a-f4b6f5db4324">
      <Execution id="8df89749-677b-4ce8-a871-25e2ce98fd4c" />
      <TestMethod codeBase="C:\Users\米山\DuelMasters\tests\DMRules.Tests\bin\Debug\net8.0\DMRules.Tests.dll" adapterTypeName="executor://xunit/VsTestRunner2/netcoreapp" className="DMRules.Tests.KeywordTemplateFinalFixTests" name="Charger_Parens_Full_Or_Half" />
    </UnitTest>
    <UnitTest name="DMRules.Tests.KeywordTemplateFinalFix3Tests.WorldBreaker_RomanOrKana(text: &quot;このクリーチャーはワールド・ブレイカーを得る。&quot;, key: WorldBreaker)" storage="c:\users\米山\duelmasters\tests\dmrules.tests\bin\debug\net8.0\dmrules.tests.dll" id="e664ccdb-53f1-4205-799e-56c7bda644fd">
      <Execution id="42993afe-61a5-4412-aed3-4a29358487ed" />
      <TestMethod codeBase="C:\Users\米山\DuelMasters\tests\DMRules.Tests\bin\Debug\net8.0\DMRules.Tests.dll" adapterTypeName="executor://xunit/VsTestRunner2/netcoreapp" className="DMRules.Tests.KeywordTemplateFinalFix3Tests" name="WorldBreaker_RomanOrKana" />
    </UnitTest>
    <UnitTest name="DMRules.Tests.KeywordPack2QuickFixTests.InvasionZero_Prioritized_Over_Invasion" storage="c:\users\米山\duelmasters\tests\dmrules.tests\bin\debug\net8.0\dmrules.tests.dll" id="f1c7d817-8e07-9d83-1fce-a1684de1e5e5">
      <Execution id="ee5fb603-ca2c-4fcc-8c24-dea454534f7c" />
      <TestMethod codeBase="C:\Users\米山\DuelMasters\tests\DMRules.Tests\bin\Debug\net8.0\DMRules.Tests.dll" adapterTypeName="executor://xunit/VsTestRunner2/netcoreapp" className="DMRules.Tests.KeywordPack2QuickFixTests" name="InvasionZero_Prioritized_Over_Invasion" />
    </UnitTest>
    <UnitTest name="DMRules.Tests.KeywordTemplateFinalFix3Tests.Charger_Parens_With_Comma_And_Newline(text: &quot;チャージャー（この呪文を唱えた後, マナゾーンに置く）&quot;, key: Charger)" storage="c:\users\米山\duelmasters\tests\dmrules.tests\bin\debug\net8.0\dmrules.tests.dll" id="225dee68-3947-4422-448c-a8962f150e10">
      <Execution id="ab6afba4-139c-4a9e-9bef-ef848a19236a" />
      <TestMethod codeBase="C:\Users\米山\DuelMasters\tests\DMRules.Tests\bin\Debug\net8.0\DMRules.Tests.dll" adapterTypeName="executor://xunit/VsTestRunner2/netcoreapp" className="DMRules.Tests.KeywordTemplateFinalFix3Tests" name="Charger_Parens_With_Comma_And_Newline" />
    </UnitTest>
    <UnitTest name="DMRules.Tests.ReplacementChainingTests.Destroy_Then_FlipFlag_Then_Exile" storage="c:\users\米山\duelmasters\tests\dmrules.tests\bin\debug\net8.0\dmrules.tests.dll" id="b767f714-5ff3-5c71-f81e-8daeb35dba3b">
      <Execution id="e27e8118-b9cd-447d-8894-b5b4b166637d" />
      <TestMethod codeBase="C:\Users\米山\DuelMasters\tests\DMRules.Tests\bin\Debug\net8.0\DMRules.Tests.dll" adapterTypeName="executor://xunit/VsTestRunner2/netcoreapp" className="DMRules.Tests.ReplacementChainingTests" name="Destroy_Then_FlipFlag_Then_Exile" />
    </UnitTest>
    <UnitTest name="DMRules.Tests.KeywordPack2QuickFixTests.GZero_LineStart_Anchored" storage="c:\users\米山\duelmasters\tests\dmrules.tests\bin\debug\net8.0\dmrules.tests.dll" id="c8f509ac-2e62-fb8d-392d-971386b5fce7">
      <Execution id="f5e53e5a-c56a-42ac-b8ba-23afbf4974bf" />
      <TestMethod codeBase="C:\Users\米山\DuelMasters\tests\DMRules.Tests\bin\Debug\net8.0\DMRules.Tests.dll" adapterTypeName="executor://xunit/VsTestRunner2/netcoreapp" className="DMRules.Tests.KeywordPack2QuickFixTests" name="GZero_LineStart_Anchored" />
    </UnitTest>
    <UnitTest name="TraceExporter writes JSON(L) when DM_TRACE=1" storage="c:\users\米山\duelmasters\tests\dmrules.tests\bin\debug\net8.0\dmrules.tests.dll" id="a27f7af6-8930-e922-1865-2f3b63a04862">
      <Execution id="b43011a4-0ce9-4e5e-becd-99bc7422c513" />
      <TestMethod codeBase="C:\Users\米山\DuelMasters\tests\DMRules.Tests\bin\Debug\net8.0\DMRules.Tests.dll" adapterTypeName="executor://xunit/VsTestRunner2/netcoreapp" className="DMRules.Tests.TraceSmokeTest" name="WritesJsonlWhenEnabled" />
    </UnitTest>
    <UnitTest name="DMRules.Tests.KeywordTemplateFinalFix3Tests.WorldBreaker_RomanOrKana(text: &quot;WORLD・BREAKER の効果を得る。&quot;, key: WorldBreaker)" storage="c:\users\米山\duelmasters\tests\dmrules.tests\bin\debug\net8.0\dmrules.tests.dll" id="4f83fe3d-a0fc-29cf-8191-c6a677249691">
      <Execution id="7e11a82c-879c-434c-bc0c-b9e597405ab2" />
      <TestMethod codeBase="C:\Users\米山\DuelMasters\tests\DMRules.Tests\bin\Debug\net8.0\DMRules.Tests.dll" adapterTypeName="executor://xunit/VsTestRunner2/netcoreapp" className="DMRules.Tests.KeywordTemplateFinalFix3Tests" name="WorldBreaker_RomanOrKana" />
    </UnitTest>
    <UnitTest name="DMRules.Tests.KeywordTemplateFinalFix2Tests.Charger_Parens_With_Comma_And_Newline(text: &quot;チャージャー（この呪文を唱えた後、マナゾーンに置く）&quot;, key: Charger)" storage="c:\users\米山\duelmasters\tests\dmrules.tests\bin\debug\net8.0\dmrules.tests.dll" id="1e5b644e-9182-5235-d0a8-9e3a85e2fa89">
      <Execution id="8317b5b3-efb6-446e-9ee7-10b540ed3816" />
      <TestMethod codeBase="C:\Users\米山\DuelMasters\tests\DMRules.Tests\bin\Debug\net8.0\DMRules.Tests.dll" adapterTypeName="executor://xunit/VsTestRunner2/netcoreapp" className="DMRules.Tests.KeywordTemplateFinalFix2Tests" name="Charger_Parens_With_Comma_And_Newline" />
    </UnitTest>
    <UnitTest name="DMRules.Tests.KeywordTemplateFinalFix3Tests.Charger_Parens_With_Comma_And_Newline(text: &quot;チャージャー（この呪文を唱えた後\nマナゾーンに置く）&quot;, key: Charger)" storage="c:\users\米山\duelmasters\tests\dmrules.tests\bin\debug\net8.0\dmrules.tests.dll" id="29e7250a-623e-1040-a469-5bda616b27b9">
      <Execution id="44e90219-1a07-4c94-aacd-246d0b67c925" />
      <TestMethod codeBase="C:\Users\米山\DuelMasters\tests\DMRules.Tests\bin\Debug\net8.0\DMRules.Tests.dll" adapterTypeName="executor://xunit/VsTestRunner2/netcoreapp" className="DMRules.Tests.KeywordTemplateFinalFix3Tests" name="Charger_Parens_With_Comma_And_Newline" />
    </UnitTest>
    <UnitTest name="DMRules.Tests.KeywordTemplateFixTests.SetMarker_Kakko_Is_Ignored" storage="c:\users\米山\duelmasters\tests\dmrules.tests\bin\debug\net8.0\dmrules.tests.dll" id="ecc2a8c4-43a3-f2fb-17e6-045484606900">
      <Execution id="b2fc4a43-3585-443c-88d1-75497f2ba1b7" />
      <TestMethod codeBase="C:\Users\米山\DuelMasters\tests\DMRules.Tests\bin\Debug\net8.0\DMRules.Tests.dll" adapterTypeName="executor://xunit/VsTestRunner2/netcoreapp" className="DMRules.Tests.KeywordTemplateFixTests" name="SetMarker_Kakko_Is_Ignored" />
    </UnitTest>
    <UnitTest name="DMRules.Tests.KeywordTemplateFinalFix3Tests.WorldBreaker_RomanOrKana(text: &quot;WORLD・BREAKER&quot;, key: WorldBreaker)" storage="c:\users\米山\duelmasters\tests\dmrules.tests\bin\debug\net8.0\dmrules.tests.dll" id="175f1ecf-2c38-99f2-2ab2-a7662d759288">
      <Execution id="fd923a62-30c9-4c31-8c4f-175349c141d7" />
      <TestMethod codeBase="C:\Users\米山\DuelMasters\tests\DMRules.Tests\bin\Debug\net8.0\DMRules.Tests.dll" adapterTypeName="executor://xunit/VsTestRunner2/netcoreapp" className="DMRules.Tests.KeywordTemplateFinalFix3Tests" name="WorldBreaker_RomanOrKana" />
    </UnitTest>
    <UnitTest name="DMRules.Tests.KeywordTemplateFinalFixTests.WorldBreaker_RomanOrKana(text: &quot;WORLD・BREAKER の効果を得る。&quot;, key: WorldBreaker)" storage="c:\users\米山\duelmasters\tests\dmrules.tests\bin\debug\net8.0\dmrules.tests.dll" id="d545c8b4-72a4-5ba0-8ce4-82b497574348">
      <Execution id="d4311d90-0036-4d5b-8463-4bdbd695f732" />
      <TestMethod codeBase="C:\Users\米山\DuelMasters\tests\DMRules.Tests\bin\Debug\net8.0\DMRules.Tests.dll" adapterTypeName="executor://xunit/VsTestRunner2/netcoreapp" className="DMRules.Tests.KeywordTemplateFinalFixTests" name="WorldBreaker_RomanOrKana" />
    </UnitTest>
    <UnitTest name="DMRules.Tests.KeywordPack2Tests.Dummy_Skip" storage="c:\users\米山\duelmasters\tests\dmrules.tests\bin\debug\net8.0\dmrules.tests.dll" id="72810a86-3fef-d1f1-79a5-d285980bd79c">
      <Execution id="5208e976-2bdd-4446-9e74-6d25b2e2ced5" />
      <TestMethod codeBase="C:\Users\米山\DuelMasters\tests\DMRules.Tests\bin\Debug\net8.0\DMRules.Tests.dll" adapterTypeName="executor://xunit/VsTestRunner2/netcoreapp" className="DMRules.Tests.KeywordPack2Tests" name="Dummy_Skip" />
    </UnitTest>
    <UnitTest name="DMRules.Tests.TraceAndChooserTests.Custom_Chooser_Picks_Last_Candidate_And_Trace_Records_It" storage="c:\users\米山\duelmasters\tests\dmrules.tests\bin\debug\net8.0\dmrules.tests.dll" id="fa4ec649-a6c0-5809-b4d3-0927a382c747">
      <Execution id="d49ab1cf-bc50-49e4-b4d0-b245f0eb5bee" />
      <TestMethod codeBase="C:\Users\米山\DuelMasters\tests\DMRules.Tests\bin\Debug\net8.0\DMRules.Tests.dll" adapterTypeName="executor://xunit/VsTestRunner2/netcoreapp" className="DMRules.Tests.TraceAndChooserTests" name="Custom_Chooser_Picks_Last_Candidate_And_Trace_Records_It" />
    </UnitTest>
    <UnitTest name="DMRules.Tests.KeywordTemplateFinalFix2Tests.Charger_Parens_With_Comma_And_Newline(text: &quot;チャージャー(この呪文を唱えた後、マナゾーンに置く)&quot;, key: Charger)" storage="c:\users\米山\duelmasters\tests\dmrules.tests\bin\debug\net8.0\dmrules.tests.dll" id="ed65487b-e75c-f1f6-3a34-be1a1d600ee3">
      <Execution id="1b4637f2-d46c-4cc7-b16c-be1444ee883a" />
      <TestMethod codeBase="C:\Users\米山\DuelMasters\tests\DMRules.Tests\bin\Debug\net8.0\DMRules.Tests.dll" adapterTypeName="executor://xunit/VsTestRunner2/netcoreapp" className="DMRules.Tests.KeywordTemplateFinalFix2Tests" name="Charger_Parens_With_Comma_And_Newline" />
    </UnitTest>
    <UnitTest name="DMRules.Tests.KeywordTemplateFixTests.WorldBreaker_CaseInsensitive_And_Charger_Parens(text: &quot;チャージャー（この呪文を唱えた後、マナゾーンに置く）&quot;, key: Charger)" storage="c:\users\米山\duelmasters\tests\dmrules.tests\bin\debug\net8.0\dmrules.tests.dll" id="cae72dce-32fd-9a73-3da0-bd0eea2717f8">
      <Execution id="7ee10c45-b8bf-4cd3-b48d-4ae048a1a301" />
      <TestMethod codeBase="C:\Users\米山\DuelMasters\tests\DMRules.Tests\bin\Debug\net8.0\DMRules.Tests.dll" adapterTypeName="executor://xunit/VsTestRunner2/netcoreapp" className="DMRules.Tests.KeywordTemplateFixTests" name="WorldBreaker_CaseInsensitive_And_Charger_Parens" />
    </UnitTest>
    <UnitTest name="DMRules.Tests.TurnPhaseTests.Phase_Cycles_And_Active_Player_Swaps_At_End" storage="c:\users\米山\duelmasters\tests\dmrules.tests\bin\debug\net8.0\dmrules.tests.dll" id="fd22107e-1dc6-ca78-19a8-11a02a740ec6">
      <Execution id="abe627ca-45fa-49b6-bcc7-69dbfa010dbd" />
      <TestMethod codeBase="C:\Users\米山\DuelMasters\tests\DMRules.Tests\bin\Debug\net8.0\DMRules.Tests.dll" adapterTypeName="executor://xunit/VsTestRunner2/netcoreapp" className="DMRules.Tests.TurnPhaseTests" name="Phase_Cycles_And_Active_Player_Swaps_At_End" />
    </UnitTest>
    <UnitTest name="DMRules.Tests.KeywordTemplateFinalFix2Tests.WorldBreaker_RomanOrKana(text: &quot;このクリーチャーはワールド・ブレイカーを得る。&quot;, key: WorldBreaker)" storage="c:\users\米山\duelmasters\tests\dmrules.tests\bin\debug\net8.0\dmrules.tests.dll" id="2b467f3f-657d-a65b-0734-622dbc6503f8">
      <Execution id="56a9a9b5-09d1-4477-939d-aff5b98ecaf5" />
      <TestMethod codeBase="C:\Users\米山\DuelMasters\tests\DMRules.Tests\bin\Debug\net8.0\DMRules.Tests.dll" adapterTypeName="executor://xunit/VsTestRunner2/netcoreapp" className="DMRules.Tests.KeywordTemplateFinalFix2Tests" name="WorldBreaker_RomanOrKana" />
    </UnitTest>
    <UnitTest name="DMRules.Tests.TemplateAutoAddTests.Dummy_Skip" storage="c:\users\米山\duelmasters\tests\dmrules.tests\bin\debug\net8.0\dmrules.tests.dll" id="2f7c30bf-6db1-6880-1b28-a242cfd3d827">
      <Execution id="740393d4-137e-435b-84e3-261c0f5b50d7" />
      <TestMethod codeBase="C:\Users\米山\DuelMasters\tests\DMRules.Tests\bin\Debug\net8.0\DMRules.Tests.dll" adapterTypeName="executor://xunit/VsTestRunner2/netcoreapp" className="DMRules.Tests.TemplateAutoAddTests" name="Dummy_Skip" />
    </UnitTest>
    <UnitTest name="Engine SBAInstrumentation TryProbeAndRun()" storage="c:\users\米山\duelmasters\tests\dmrules.tests\bin\debug\net8.0\dmrules.tests.dll" id="9a2bf151-3330-eb8b-41a1-1acf21ecafdb">
      <Execution id="7d0ebbb7-3461-41a8-a0e9-882bdb0900a1" />
      <TestMethod codeBase="C:\Users\米山\DuelMasters\tests\DMRules.Tests\bin\Debug\net8.0\DMRules.Tests.dll" adapterTypeName="executor://xunit/VsTestRunner2/netcoreapp" className="DMRules.Tests.EngineSBAInvokeTest" name="InvokeIfFound" />
    </UnitTest>
    <UnitTest name="DMRules.Tests.KeywordTemplateFinalFixTests.WorldBreaker_RomanOrKana(text: &quot;このクリーチャーはワールド・ブレイカーを得る。&quot;, key: WorldBreaker)" storage="c:\users\米山\duelmasters\tests\dmrules.tests\bin\debug\net8.0\dmrules.tests.dll" id="291e3098-4594-27d7-f6c8-a0af0ccd6269">
      <Execution id="09cb6987-d951-4643-91e0-bed219ef0939" />
      <TestMethod codeBase="C:\Users\米山\DuelMasters\tests\DMRules.Tests\bin\Debug\net8.0\DMRules.Tests.dll" adapterTypeName="executor://xunit/VsTestRunner2/netcoreapp" className="DMRules.Tests.KeywordTemplateFinalFixTests" name="WorldBreaker_RomanOrKana" />
    </UnitTest>
    <UnitTest name="DMRules.Tests.ReplayTests.SampleRealLogExistsAndReplayToolOutputsTrace" storage="c:\users\米山\duelmasters\tests\dmrules.tests\bin\debug\net8.0\dmrules.tests.dll" id="5c9c3afa-5f8c-d3c9-8211-58d31c98833f">
      <Execution id="ff76493c-791a-44d5-bfb2-45e7dc35a5cd" />
      <TestMethod codeBase="C:\Users\米山\DuelMasters\tests\DMRules.Tests\bin\Debug\net8.0\DMRules.Tests.dll" adapterTypeName="executor://xunit/VsTestRunner2/netcoreapp" className="DMRules.Tests.ReplayTests" name="SampleRealLogExistsAndReplayToolOutputsTrace" />
    </UnitTest>
    <UnitTest name="DMRules.Tests.TemplateEnumerationTests.Dummy_Skip" storage="c:\users\米山\duelmasters\tests\dmrules.tests\bin\debug\net8.0\dmrules.tests.dll" id="0841e814-6564-232d-ebdc-14b8278f3318">
      <Execution id="f88f23e6-5d29-4d9d-90ed-01ed74f862f5" />
      <TestMethod codeBase="C:\Users\米山\DuelMasters\tests\DMRules.Tests\bin\Debug\net8.0\DMRules.Tests.dll" adapterTypeName="executor://xunit/VsTestRunner2/netcoreapp" className="DMRules.Tests.TemplateEnumerationTests" name="Dummy_Skip" />
    </UnitTest>
    <UnitTest name="DMRules.Tests.KeywordTemplateFinalFixTests.SetMarker_Wide_Pattern_Ignored" storage="c:\users\米山\duelmasters\tests\dmrules.tests\bin\debug\net8.0\dmrules.tests.dll" id="0cb469c0-6c50-4ff4-cb00-5527539f57f1">
      <Execution id="0b85ca25-bab9-4dee-bcd8-f7090e436311" />
      <TestMethod codeBase="C:\Users\米山\DuelMasters\tests\DMRules.Tests\bin\Debug\net8.0\DMRules.Tests.dll" adapterTypeName="executor://xunit/VsTestRunner2/netcoreapp" className="DMRules.Tests.KeywordTemplateFinalFixTests" name="SetMarker_Wide_Pattern_Ignored" />
    </UnitTest>
    <UnitTest name="DMRules.Tests.KeywordTemplateFinalFix3Tests.Charger_Parens_With_Comma_And_Newline(text: &quot;チャージャー（この呪文を唱えた後、マナゾーンに置く）&quot;, key: Charger)" storage="c:\users\米山\duelmasters\tests\dmrules.tests\bin\debug\net8.0\dmrules.tests.dll" id="ded85a13-6425-d8b7-19c3-f7e6df4a549c">
      <Execution id="c0b1fa9a-13f6-429f-bc9e-fe6a071c58f8" />
      <TestMethod codeBase="C:\Users\米山\DuelMasters\tests\DMRules.Tests\bin\Debug\net8.0\DMRules.Tests.dll" adapterTypeName="executor://xunit/VsTestRunner2/netcoreapp" className="DMRules.Tests.KeywordTemplateFinalFix3Tests" name="Charger_Parens_With_Comma_And_Newline" />
    </UnitTest>
    <UnitTest name="DMRules.Tests.ReplacementEffectTests.Without_Replacement_Destroy_Proceeds_And_Death_Trigger_Fires" storage="c:\users\米山\duelmasters\tests\dmrules.tests\bin\debug\net8.0\dmrules.tests.dll" id="3bad7155-3bfd-ae16-6c34-2aa1a3203191">
      <Execution id="9ea9183a-e34d-4be4-b414-3f27552adc9c" />
      <TestMethod codeBase="C:\Users\米山\DuelMasters\tests\DMRules.Tests\bin\Debug\net8.0\DMRules.Tests.dll" adapterTypeName="executor://xunit/VsTestRunner2/netcoreapp" className="DMRules.Tests.ReplacementEffectTests" name="Without_Replacement_Destroy_Proceeds_And_Death_Trigger_Fires" />
    </UnitTest>
    <UnitTest name="DMRules.Tests.PriorityOrderingTests.AP_Triggers_Order_By_Priority_Then_Sequence" storage="c:\users\米山\duelmasters\tests\dmrules.tests\bin\debug\net8.0\dmrules.tests.dll" id="25430ab6-3504-76c9-5a09-5b505db11791">
      <Execution id="305917da-8066-4c11-93dc-394c8c40b17f" />
[...]
      <Execution id="dfc222c8-c3a5-4824-9874-b7a16baf511a" />
      <TestMethod codeBase="C:\Users\米山\DuelMasters\tests\DMRules.Tests\bin\Debug\net8.0\DMRules.Tests.dll" adapterTypeName="executor://xunit/VsTestRunner2/netcoreapp" className="DMRules.Tests.KeywordTemplateFinalFix2Tests" name="WorldBreaker_RomanOrKana" />
    </UnitTest>
    <UnitTest name="DMRules.Tests.TextNormalization.M15_9_NormalizerTests.ApplyAll_WorksInStrictMode" storage="c:\users\米山\duelmasters\tests\dmrules.tests\bin\debug\net8.0\dmrules.tests.dll" id="c85cc14a-5e00-f7ba-2ef8-1134b4eb6baf">
      <Execution id="5a29d7f8-a6dd-4670-8d52-d30d405c8ef5" />
      <TestMethod codeBase="C:\Users\米山\DuelMasters\tests\DMRules.Tests\bin\Debug\net8.0\DMRules.Tests.dll" adapterTypeName="executor://xunit/VsTestRunner2/netcoreapp" className="DMRules.Tests.TextNormalization.M15_9_NormalizerTests" name="ApplyAll_WorksInStrictMode" />
    </UnitTest>
    <UnitTest name="DMRules.Tests.TextNormalization.CardTextTemplateTests.RandomDiscard_Strict_SubjectForm" storage="c:\users\米山\duelmasters\tests\dmrules.tests\bin\debug\net8.0\dmrules.tests.dll" id="b860b17f-8f21-2ed8-1c2d-9e8780098d21">
      <Execution id="ad6436f5-db82-4a84-a344-2cb5a37b3262" />
      <TestMethod codeBase="C:\Users\米山\DuelMasters\tests\DMRules.Tests\bin\Debug\net8.0\DMRules.Tests.dll" adapterTypeName="executor://xunit/VsTestRunner2/netcoreapp" className="DMRules.Tests.TextNormalization.CardTextTemplateTests" name="RandomDiscard_Strict_SubjectForm" />
    </UnitTest>
    <UnitTest name="DMRules.Tests.TextNormalization.KeywordTemplateTests.SquareBrackets_AreRemovedBeforeTagging" storage="c:\users\米山\duelmasters\tests\dmrules.tests\bin\debug\net8.0\dmrules.tests.dll" id="416fb686-2649-7cb7-294e-f1475a7aaefc">
      <Execution id="a7ef558a-7ffd-426f-8e5d-356fccec76f1" />
      <TestMethod codeBase="C:\Users\米山\DuelMasters\tests\DMRules.Tests\bin\Debug\net8.0\DMRules.Tests.dll" adapterTypeName="executor://xunit/VsTestRunner2/netcoreapp" className="DMRules.Tests.TextNormalization.KeywordTemplateTests" name="SquareBrackets_AreRemovedBeforeTagging" />
    </UnitTest>
    <UnitTest name="DMRules.Tests.KeywordTemplateFinalFix3Tests.SetMarker_Wide_Pattern_Ignored" storage="c:\users\米山\duelmasters\tests\dmrules.tests\bin\debug\net8.0\dmrules.tests.dll" id="88f31864-7328-fc03-4bd6-35084d342336">
      <Execution id="ad3ef587-b1a9-4b94-8169-67de4e91cad6" />
      <TestMethod codeBase="C:\Users\米山\DuelMasters\tests\DMRules.Tests\bin\Debug\net8.0\DMRules.Tests.dll" adapterTypeName="executor://xunit/VsTestRunner2/netcoreapp" className="DMRules.Tests.KeywordTemplateFinalFix3Tests" name="SetMarker_Wide_Pattern_Ignored" />
    </UnitTest>
    <UnitTest name="DMRules.Tests.KeywordTemplateFinalFix2Tests.SetMarker_Wide_Pattern_Ignored" storage="c:\users\米山\duelmasters\tests\dmrules.tests\bin\debug\net8.0\dmrules.tests.dll" id="e1a56818-012b-4006-cc10-df9989bb21bf">
      <Execution id="2004d495-1d4b-4558-9983-23a4a70ec665" />
      <TestMethod codeBase="C:\Users\米山\DuelMasters\tests\DMRules.Tests\bin\Debug\net8.0\DMRules.Tests.dll" adapterTypeName="executor://xunit/VsTestRunner2/netcoreapp" className="DMRules.Tests.KeywordTemplateFinalFix2Tests" name="SetMarker_Wide_Pattern_Ignored" />
    </UnitTest>
    <UnitTest name="DMRules.Tests.TraceAndChooserTests.Trace_Is_Appended_On_Key_Steps" storage="c:\users\米山\duelmasters\tests\dmrules.tests\bin\debug\net8.0\dmrules.tests.dll" id="df1d1174-53b5-1c0b-bbfa-d3d10f4da562">
      <Execution id="6b9de850-07f5-40ee-9c6d-4e460ae16ac1" />
      <TestMethod codeBase="C:\Users\米山\DuelMasters\tests\DMRules.Tests\bin\Debug\net8.0\DMRules.Tests.dll" adapterTypeName="executor://xunit/VsTestRunner2/netcoreapp" className="DMRules.Tests.TraceAndChooserTests" name="Trace_Is_Appended_On_Key_Steps" />
    </UnitTest>
  </TestDefinitions>
  <TestEntries>
    <TestEntry testId="027f548f-2b43-98df-d533-af5f137c5cdc" executionId="d43cf83f-4d2e-4d83-a727-f52b8200bb1a" testListId="8c84fa94-04c1-424b-9868-57a2d4851a1d" />
    <TestEntry testId="3736f69e-6b39-cd52-7375-a70f98bda793" executionId="85adfe7d-1559-4101-817f-b5c5e39e7768" testListId="8c84fa94-04c1-424b-9868-57a2d4851a1d" />
    <TestEntry testId="70ed8dcf-0409-48b1-0c14-e6eec829a1e1" executionId="808d7e37-7af1-4b3a-9ed2-127c222296b1" testListId="8c84fa94-04c1-424b-9868-57a2d4851a1d" />
    <TestEntry testId="2f7c30bf-6db1-6880-1b28-a242cfd3d827" executionId="740393d4-137e-435b-84e3-261c0f5b50d7" testListId="8c84fa94-04c1-424b-9868-57a2d4851a1d" />
    <TestEntry testId="5b23b3fd-7ad5-60c5-4c1a-f4b6f5db4324" executionId="8df89749-677b-4ce8-a871-25e2ce98fd4c" testListId="8c84fa94-04c1-424b-9868-57a2d4851a1d" />
    <TestEntry testId="e8049a62-e4b8-3d6f-8655-30c6b8f07233" executionId="4fdde283-cc32-46c8-9a63-fe8091536eb7" testListId="8c84fa94-04c1-424b-9868-57a2d4851a1d" />
    <TestEntry testId="7c732b6b-2882-6055-9f57-a9b6d409834c" executionId="dd6f0ce6-cc2e-40e8-8802-da28c4ab1472" testListId="8c84fa94-04c1-424b-9868-57a2d4851a1d" />
    <TestEntry testId="f959d5f6-f634-40b9-f7fa-f89cb13b7aea" executionId="a1648f39-4364-4c83-9adf-0d9737cabe25" testListId="8c84fa94-04c1-424b-9868-57a2d4851a1d" />
    <TestEntry testId="0841e814-6564-232d-ebdc-14b8278f3318" executionId="f88f23e6-5d29-4d9d-90ed-01ed74f862f5" testListId="8c84fa94-04c1-424b-9868-57a2d4851a1d" />
    <TestEntry testId="c0757847-5274-8879-f4e6-1a027de14ebe" executionId="7869b8e3-c57b-410f-9ae2-3f3a47a29a39" testListId="8c84fa94-04c1-424b-9868-57a2d4851a1d" />
    <TestEntry testId="84d1ad1b-75ee-2471-a382-ce3df3c8d88b" executionId="2a49c027-0ce6-4427-afbc-3f23e73c7880" testListId="8c84fa94-04c1-424b-9868-57a2d4851a1d" />
    <TestEntry testId="72810a86-3fef-d1f1-79a5-d285980bd79c" executionId="5208e976-2bdd-4446-9e74-6d25b2e2ced5" testListId="8c84fa94-04c1-424b-9868-57a2d4851a1d" />
    <TestEntry testId="4f83fe3d-a0fc-29cf-8191-c6a677249691" executionId="7e11a82c-879c-434c-bc0c-b9e597405ab2" testListId="8c84fa94-04c1-424b-9868-57a2d4851a1d" />
    <TestEntry testId="fa4ec649-a6c0-5809-b4d3-0927a382c747" executionId="d49ab1cf-bc50-49e4-b4d0-b245f0eb5bee" testListId="8c84fa94-04c1-424b-9868-57a2d4851a1d" />
    <TestEntry testId="74b08153-a620-7326-7c75-2f7b0596a9b4" executionId="4382c12a-95b3-493d-a49f-427ce02cb42a" testListId="8c84fa94-04c1-424b-9868-57a2d4851a1d" />
    <TestEntry testId="1631f2c4-f5cd-a56a-a47b-d9532063f7d6" executionId="6cd34461-9dec-4c67-acab-457cb3660b26" testListId="8c84fa94-04c1-424b-9868-57a2d4851a1d" />
    <TestEntry testId="b860b17f-8f21-2ed8-1c2d-9e8780098d21" executionId="ad6436f5-db82-4a84-a344-2cb5a37b3262" testListId="8c84fa94-04c1-424b-9868-57a2d4851a1d" />
    <TestEntry testId="291e3098-4594-27d7-f6c8-a0af0ccd6269" executionId="09cb6987-d951-4643-91e0-bed219ef0939" testListId="8c84fa94-04c1-424b-9868-57a2d4851a1d" />
    <TestEntry testId="5c9c3afa-5f8c-d3c9-8211-58d31c98833f" executionId="ff76493c-791a-44d5-bfb2-45e7dc35a5cd" testListId="8c84fa94-04c1-424b-9868-57a2d4851a1d" />
    <TestEntry testId="51a38d1d-c05f-3046-3575-d7bb83a750dd" executionId="d86178b4-75c6-4247-aa0d-02ea920d14b3" testListId="8c84fa94-04c1-424b-9868-57a2d4851a1d" />
    <TestEntry testId="f1c7d817-8e07-9d83-1fce-a1684de1e5e5" executionId="ee5fb603-ca2c-4fcc-8c24-dea454534f7c" testListId="8c84fa94-04c1-424b-9868-57a2d4851a1d" />
    <TestEntry testId="36015f33-d1d8-6a13-f667-a89a5d265086" executionId="ec158114-c46d-4aef-8a33-30a3ca059846" testListId="8c84fa94-04c1-424b-9868-57a2d4851a1d" />
    <TestEntry testId="12097e5b-bedc-72c7-e9f7-04e90344aa15" executionId="ef8bbe15-e151-47e5-be04-be57b86cc443" testListId="8c84fa94-04c1-424b-9868-57a2d4851a1d" />
    <TestEntry testId="eeb0bd0a-1275-5845-1357-54505b2db0af" executionId="71ad4205-5d7a-4fe5-8557-a2807fcc5c98" testListId="8c84fa94-04c1-424b-9868-57a2d4851a1d" />
    <TestEntry testId="c85cc14a-5e00-f7ba-2ef8-1134b4eb6baf" executionId="5a29d7f8-a6dd-4670-8d52-d30d405c8ef5" testListId="8c84fa94-04c1-424b-9868-57a2d4851a1d" />
    <TestEntry testId="60ed9250-a21f-3700-be87-6b6c1bfde575" executionId="762db722-a77d-4e38-84a1-5943089d9063" testListId="8c84fa94-04c1-424b-9868-57a2d4851a1d" />
    <TestEntry testId="32c44daa-3bf3-ba96-c749-361fa12ceb31" executionId="652a87a5-d008-4d42-a3d0-e0e3f3eb30a7" testListId="8c84fa94-04c1-424b-9868-57a2d4851a1d" />
    <TestEntry testId="4ced3bb4-cb47-19ad-008c-a5dc3b468040" executionId="43c14287-7c0f-4277-966d-854148f2ca94" testListId="8c84fa94-04c1-424b-9868-57a2d4851a1d" />
    <TestEntry testId="175f1ecf-2c38-99f2-2ab2-a7662d759288" executionId="fd923a62-30c9-4c31-8c4f-175349c141d7" testListId="8c84fa94-04c1-424b-9868-57a2d4851a1d" />
    <TestEntry testId="2d7ac208-7dec-bf7e-f60a-85a2654b245f" executionId="0c2f1127-0c62-4f5f-839a-43577ded054b" testListId="8c84fa94-04c1-424b-9868-57a2d4851a1d" />
    <TestEntry testId="3fbdf731-95be-b264-b310-09e3f3204e5a" executionId="a506c061-3997-4850-98c6-cc81857a4dbb" testListId="8c84fa94-04c1-424b-9868-57a2d4851a1d" />
    <TestEntry testId="e6560cf2-81dd-94df-2e89-d12a6290a288" executionId="f63fb2f0-06af-4cdf-a981-0ac307a0e8ea" testListId="8c84fa94-04c1-424b-9868-57a2d4851a1d" />
    <TestEntry testId="ec1f0943-85aa-dced-d77c-aa2b3dec4b99" executionId="47d76850-7217-4788-b72f-24283e4e2452" testListId="8c84fa94-04c1-424b-9868-57a2d4851a1d" />
    <TestEntry testId="0cb469c0-6c50-4ff4-cb00-5527539f57f1" executionId="0b85ca25-bab9-4dee-bcd8-f7090e436311" testListId="8c84fa94-04c1-424b-9868-57a2d4851a1d" />
    <TestEntry testId="b767f714-5ff3-5c71-f81e-8daeb35dba3b" executionId="e27e8118-b9cd-447d-8894-b5b4b166637d" testListId="8c84fa94-04c1-424b-9868-57a2d4851a1d" />
    <TestEntry testId="bf80f9e0-e8f4-598b-68e9-0acf655f9f3a" executionId="d35f1683-8d0e-475c-aaf5-f989ef91c4b1" testListId="8c84fa94-04c1-424b-9868-57a2d4851a1d" />
    <TestEntry testId="5a32cb95-31c7-e35d-332b-6968f9c82f4d" executionId="dfc222c8-c3a5-4824-9874-b7a16baf511a" testListId="8c84fa94-04c1-424b-9868-57a2d4851a1d" />
    <TestEntry testId="72108263-2a22-0d2b-f193-c0ce6520c69e" executionId="d1d1dfbb-648e-4065-99df-a3b830b7e0a4" testListId="8c84fa94-04c1-424b-9868-57a2d4851a1d" />
    <TestEntry testId="1e5b644e-9182-5235-d0a8-9e3a85e2fa89" executionId="8317b5b3-efb6-446e-9ee7-10b540ed3816" testListId="8c84fa94-04c1-424b-9868-57a2d4851a1d" />
    <TestEntry testId="5ff92ad8-277a-6a5f-358d-483695400ca3" executionId="f21557c4-56df-492f-b283-cbe031fd8b92" testListId="8c84fa94-04c1-424b-9868-57a2d4851a1d" />
    <TestEntry testId="3e229045-87c4-0ccc-0650-bfd9a7f29ce5" executionId="09260830-dbd4-46c1-99e6-b5d7314a7e74" testListId="8c84fa94-04c1-424b-9868-57a2d4851a1d" />
    <TestEntry testId="0697eaba-ff92-42ba-8681-2396a89dfdc6" executionId="aa024405-3327-4f77-8177-539173554dfc" testListId="8c84fa94-04c1-424b-9868-57a2d4851a1d" />
    <TestEntry testId="8b9f0361-dfbe-3e8d-4040-36502dcf871b" executionId="ab1c9a13-3979-4861-803b-8d7112e998a8" testListId="8c84fa94-04c1-424b-9868-57a2d4851a1d" />
    <TestEntry testId="d545c8b4-72a4-5ba0-8ce4-82b497574348" executionId="d4311d90-0036-4d5b-8463-4bdbd695f732" testListId="8c84fa94-04c1-424b-9868-57a2d4851a1d" />
    <TestEntry testId="ed65487b-e75c-f1f6-3a34-be1a1d600ee3" executionId="1b4637f2-d46c-4cc7-b16c-be1444ee883a" testListId="8c84fa94-04c1-424b-9868-57a2d4851a1d" />
    <TestEntry testId="225dee68-3947-4422-448c-a8962f150e10" executionId="ab6afba4-139c-4a9e-9bef-ef848a19236a" testListId="8c84fa94-04c1-424b-9868-57a2d4851a1d" />
    <TestEntry testId="2d67af9d-7923-e734-f65e-39e6404c676f" executionId="9f28464c-448c-4ad4-9e8e-868513a275a3" testListId="8c84fa94-04c1-424b-9868-57a2d4851a1d" />
    <TestEntry testId="ecc2a8c4-43a3-f2fb-17e6-045484606900" executionId="b2fc4a43-3585-443c-88d1-75497f2ba1b7" testListId="8c84fa94-04c1-424b-9868-57a2d4851a1d" />
    <TestEntry testId="edfe98b8-d28d-f048-7f32-9bb9631b4649" executionId="1514878b-8b83-4c12-b1c5-00c9f2171402" testListId="8c84fa94-04c1-424b-9868-57a2d4851a1d" />
    <TestEntry testId="cae72dce-32fd-9a73-3da0-bd0eea2717f8" executionId="7ee10c45-b8bf-4cd3-b48d-4ae048a1a301" testListId="8c84fa94-04c1-424b-9868-57a2d4851a1d" />
    <TestEntry testId="32005fd6-c69e-c1af-8ea7-8c9be4172f65" executionId="726f5d02-d65b-452e-b96c-616620579a4c" testListId="8c84fa94-04c1-424b-9868-57a2d4851a1d" />
    <TestEntry testId="c8f509ac-2e62-fb8d-392d-971386b5fce7" executionId="f5e53e5a-c56a-42ac-b8ba-23afbf4974bf" testListId="8c84fa94-04c1-424b-9868-57a2d4851a1d" />
    <TestEntry testId="d82d5ee9-e660-1990-9516-d9336b24b0a7" executionId="7f66d386-68b4-49e5-bc8c-26ec22245aaf" testListId="8c84fa94-04c1-424b-9868-57a2d4851a1d" />
    <TestEntry testId="ded85a13-6425-d8b7-19c3-f7e6df4a549c" executionId="c0b1fa9a-13f6-429f-bc9e-fe6a071c58f8" testListId="8c84fa94-04c1-424b-9868-57a2d4851a1d" />
    <TestEntry testId="c8b9456c-eec5-4025-a378-606d41b5574d" executionId="2ebb30a6-3d72-4c03-bcf0-5aeb1f255368" testListId="8c84fa94-04c1-424b-9868-57a2d4851a1d" />
    <TestEntry testId="f8e32557-a456-5b7a-067c-6fb3029bf0c9" executionId="175b97c6-8364-432b-825e-d549791625b4" testListId="8c84fa94-04c1-424b-9868-57a2d4851a1d" />
    <TestEntry testId="e664ccdb-53f1-4205-799e-56c7bda644fd" executionId="42993afe-61a5-4412-aed3-4a29358487ed" testListId="8c84fa94-04c1-424b-9868-57a2d4851a1d" />
    <TestEntry testId="e1a56818-012b-4006-cc10-df9989bb21bf" executionId="2004d495-1d4b-4558-9983-23a4a70ec665" testListId="8c84fa94-04c1-424b-9868-57a2d4851a1d" />
    <TestEntry testId="29e7250a-623e-1040-a469-5bda616b27b9" executionId="44e90219-1a07-4c94-aacd-246d0b67c925" testListId="8c84fa94-04c1-424b-9868-57a2d4851a1d" />
    <TestEntry testId="df1d1174-53b5-1c0b-bbfa-d3d10f4da562" executionId="6b9de850-07f5-40ee-9c6d-4e460ae16ac1" testListId="8c84fa94-04c1-424b-9868-57a2d4851a1d" />
    <TestEntry testId="25430ab6-3504-76c9-5a09-5b505db11791" executionId="305917da-8066-4c11-93dc-394c8c40b17f" testListId="8c84fa94-04c1-424b-9868-57a2d4851a1d" />
    <TestEntry testId="2e7e8209-4d39-aebe-8f47-23f67f681744" executionId="c5366a56-2959-4c75-830c-a30d21fb91ae" testListId="8c84fa94-04c1-424b-9868-57a2d4851a1d" />
    <TestEntry testId="2b467f3f-657d-a65b-0734-622dbc6503f8" executionId="56a9a9b5-09d1-4477-939d-aff5b98ecaf5" testListId="8c84fa94-04c1-424b-9868-57a2d4851a1d" />
    <TestEntry testId="416fb686-2649-7cb7-294e-f1475a7aaefc" executionId="a7ef558a-7ffd-426f-8e5d-356fccec76f1" testListId="8c84fa94-04c1-424b-9868-57a2d4851a1d" />
    <TestEntry testId="fd22107e-1dc6-ca78-19a8-11a02a740ec6" executionId="abe627ca-45fa-49b6-bcc7-69dbfa010dbd" testListId="8c84fa94-04c1-424b-9868-57a2d4851a1d" />
    <TestEntry testId="fad816e5-419a-4ef4-9784-de2c41451f2f" executionId="e382e518-8246-41c0-8220-c998ac779ec5" testListId="8c84fa94-04c1-424b-9868-57a2d4851a1d" />
    <TestEntry testId="6fced7b2-2265-3759-f3f3-0ec22e570450" executionId="2559e2b4-5682-4519-99e5-52b3f9c083cf" testListId="8c84fa94-04c1-424b-9868-57a2d4851a1d" />
    <TestEntry testId="9a2bf151-3330-eb8b-41a1-1acf21ecafdb" executionId="7d0ebbb7-3461-41a8-a0e9-882bdb0900a1" testListId="8c84fa94-04c1-424b-9868-57a2d4851a1d" />
    <TestEntry testId="a27f7af6-8930-e922-1865-2f3b63a04862" executionId="b43011a4-0ce9-4e5e-becd-99bc7422c513" testListId="8c84fa94-04c1-424b-9868-57a2d4851a1d" />
    <TestEntry testId="49e570f2-a50a-448f-b5cd-091945185586" executionId="dfe3ca4b-3efb-432e-9723-e59003199b63" testListId="8c84fa94-04c1-424b-9868-57a2d4851a1d" />
    <TestEntry testId="3bad7155-3bfd-ae16-6c34-2aa1a3203191" executionId="9ea9183a-e34d-4be4-b414-3f27552adc9c" testListId="8c84fa94-04c1-424b-9868-57a2d4851a1d" />
    <TestEntry testId="88f31864-7328-fc03-4bd6-35084d342336" executionId="ad3ef587-b1a9-4b94-8169-67de4e91cad6" testListId="8c84fa94-04c1-424b-9868-57a2d4851a1d" />
  </TestEntries>
  <TestLists>
    <TestList name="一覧に存在しない結果" id="8c84fa94-04c1-424b-9868-57a2d4851a1d" />
    <TestList name="読み込まれたすべての結果" id="19431567-8539-422a-85d7-44ee4e166bda" />
  </TestLists>
  <ResultSummary outcome="Failed">
    <Counters total="72" executed="67" passed="66" failed="1" error="0" timeout="0" aborted="0" inconclusive="0" passedButRunAborted="0" notRunnable="0" notExecuted="0" disconnected="0" warning="0" completed="0" inProgress="0" pending="0" />
    <Output>
      <StdOut>[xUnit.net 00:00:00.00] xUnit.net VSTest Adapter v2.8.2+699d445a1a (64-bit .NET 8.0.21)&#xD;
[xUnit.net 00:00:01.20]   Discovering: DMRules.Tests&#xD;
[xUnit.net 00:00:01.38]   Discovered:  DMRules.Tests&#xD;
[xUnit.net 00:00:01.39]   Starting:    DMRules.Tests&#xD;
[xUnit.net 00:00:01.93]       Obsolete TemplateKey mapping; skipped for M15.4b normalization&#xD;
[xUnit.net 00:00:01.93]       Obsolete TemplateKey mapping; skipped for M15.4b normalization&#xD;
[xUnit.net 00:00:01.93]       Obsolete TemplateKey mapping; skipped for M15.4b normalization&#xD;
テストの実行でテスト 'DMRules.Tests.KeywordPack2Tests.Dummy_Skip' がスキップされました。&#xD;
テストの実行でテスト 'DMRules.Tests.TemplateAutoAddTests.Dummy_Skip' がスキップされました。&#xD;
テストの実行でテスト 'DMRules.Tests.TriggerPriorityFixTests.Dummy_Skip' がスキップされました。&#xD;
[xUnit.net 00:00:01.94]       Snapshot removed; this test is obsolete for M15.4b normalization&#xD;
テストの実行でテスト 'DMRules.Tests.TemplateEnumerationTests.Dummy_Skip' がスキップされました。&#xD;
[xUnit.net 00:00:01.97]       Enable after ReplayRunner is wired to engine.&#xD;
[xUnit.net 00:00:02.06]       Assert.Equal() Failure: Strings differ&#xD;
[xUnit.net 00:00:02.06]                                           ↓ (pos 49)&#xD;
[xUnit.net 00:00:02.06]       Expected: ···"\n  "Tokens": [\n    "\\u30B7\\u30FC\\u30EB\\u3"···&#xD;
[xUnit.net 00:00:02.06]       Actual:   ···"\n  "Tokens": [\n    "ShieldTrigger:\\u30B7\\"···&#xD;
[xUnit.net 00:00:02.06]                                           ↑ (pos 49)&#xD;
[xUnit.net 00:00:02.06]       Stack Trace:&#xD;
[xUnit.net 00:00:02.06]         C:\Users\米山\DuelMasters\tests\DMRules.Tests\GoldenSnapshotSuite.cs(147,0): at DMRules.Tests.GoldenSnapshotSuite.GoldenSnapshots_Run()&#xD;
[xUnit.net 00:00:02.07]            at System.RuntimeMethodHandle.InvokeMethod(Object target, Void** arguments, Signature sig, Boolean isConstructor)&#xD;
[xUnit.net 00:00:02.07]            at System.Reflection.MethodBaseInvoker.InvokeWithNoArgs(Object obj, BindingFlags invokeAttr)&#xD;
[xUnit.net 00:00:02.07]   Finished:    DMRules.Tests&#xD;
テストの実行でテスト 'DMRules.Tests.ReplayTests.SampleRealLogExistsAndReplayToolOutputsTrace' がスキップされました。&#xD;
</StdOut>
    </Output>
    <RunInfos>
      <RunInfo computerName="DESKTOP-DE0SNP1" outcome="Warning" timestamp="2025-11-04T14:25:31.6841002+09:00">
        <Text>[xUnit.net 00:00:01.93]     DMRules.Tests.KeywordPack2Tests.Dummy_Skip [SKIP]</Text>
      </RunInfo>
      <RunInfo computerName="DESKTOP-DE0SNP1" outcome="Warning" timestamp="2025-11-04T14:25:31.6866808+09:00">
        <Text>[xUnit.net 00:00:01.93]     DMRules.Tests.TemplateAutoAddTests.Dummy_Skip [SKIP]</Text>
      </RunInfo>
      <RunInfo computerName="DESKTOP-DE0SNP1" outcome="Warning" timestamp="2025-11-04T14:25:31.6878396+09:00">
        <Text>[xUnit.net 00:00:01.93]     DMRules.Tests.TriggerPriorityFixTests.Dummy_Skip [SKIP]</Text>
      </RunInfo>
      <RunInfo computerName="DESKTOP-DE0SNP1" outcome="Warning" timestamp="2025-11-04T14:25:31.6991420+09:00">
        <Text>[xUnit.net 00:00:01.94]     DMRules.Tests.TemplateEnumerationTests.Dummy_Skip [SKIP]</Text>
      </RunInfo>
      <RunInfo computerName="DESKTOP-DE0SNP1" outcome="Warning" timestamp="2025-11-04T14:25:31.7216870+09:00">
        <Text>[xUnit.net 00:00:01.96]     DMRules.Tests.ReplayTests.SampleRealLogExistsAndReplayToolOutputsTrace [SKIP]</Text>
      </RunInfo>
      <RunInfo computerName="DESKTOP-DE0SNP1" outcome="Error" timestamp="2025-11-04T14:25:31.8153518+09:00">
        <Text>[xUnit.net 00:00:02.06]     Golden 20 cards snapshot (DB preferred, fallback; supports update mode) [FAIL]</Text>
      </RunInfo>
    </RunInfos>
  </ResultSummary>
</TestRun>