<?xml version="1.0" encoding="utf-8"?>
<TestRun id="a3acd957-97c0-4650-aa82-c883665af5a8" name="米山@DESKTOP-DE0SNP1 2025-11-04 14:18:13" runUser="DESKTOP-DE0SNP1\米山" xmlns="http://microsoft.com/schemas/VisualStudio/TeamTest/2010">
  <Times creation="2025-11-04T14:18:13.9380636+09:00" queuing="2025-11-04T14:18:13.9380640+09:00" start="2025-11-04T14:18:08.1600394+09:00" finish="2025-11-04T14:18:17.3988569+09:00" />
  <TestSettings name="default" id="e593252a-3d7f-4e62-a689-198ce4506199">
    <Deployment runDeploymentRoot="米山_DESKTOP-DE0SNP1_2025-11-04_14_18_13" />
  </TestSettings>
  <Results>
    <UnitTestResult executionId="7b31032b-4ae7-4862-b553-cc09b3e964b4" testId="5f41c589-d743-4657-e841-1a4ef9c3b555" testName="DictionaryEffectTextProviderTests.InMemoryProvider_Works" computerName="DESKTOP-DE0SNP1" duration="00:00:00.2824350" startTime="2025-11-04T14:18:13.7800541+09:00" endTime="2025-11-04T14:18:13.7802369+09:00" testType="13cdc9d9-ddb5-4fa4-a97d-d965ccfc6d4b" outcome="Passed" testListId="8c84fa94-04c1-424b-9868-57a2d4851a1d" relativeResultsDirectory="7b31032b-4ae7-4862-b553-cc09b3e964b4" />
    <UnitTestResult executionId="fa9a1157-6912-4d91-a183-26155b049055" testId="6d16cc48-223a-525a-1ffe-c84962a1c5bc" testName="SqliteEffectTextProviderTests.Can_Read_From_TempDb_ByFaceId" computerName="DESKTOP-DE0SNP1" duration="00:00:02.3617849" startTime="2025-11-04T14:18:15.8531413+09:00" endTime="2025-11-04T14:18:15.8531419+09:00" testType="13cdc9d9-ddb5-4fa4-a97d-d965ccfc6d4b" outcome="Passed" testListId="8c84fa94-04c1-424b-9868-57a2d4851a1d" relativeResultsDirectory="fa9a1157-6912-4d91-a183-26155b049055" />
    <UnitTestResult executionId="e3fc4512-2211-4911-b2b6-de9b35890267" testId="70aa5365-9ec5-7675-8ae0-7353ea820ee6" testName="SqliteEffectTextProviderTests.Can_Read_From_TempDb_ByName" computerName="DESKTOP-DE0SNP1" duration="00:00:01.2206691" startTime="2025-11-04T14:18:17.0743096+09:00" endTime="2025-11-04T14:18:17.0743103+09:00" testType="13cdc9d9-ddb5-4fa4-a97d-d965ccfc6d4b" outcome="Passed" testListId="8c84fa94-04c1-424b-9868-57a2d4851a1d" relativeResultsDirectory="e3fc4512-2211-4911-b2b6-de9b35890267" />
  </Results>
  <TestDefinitions>
    <UnitTest name="SqliteEffectTextProviderTests.Can_Read_From_TempDb_ByFaceId" storage="c:\users\米山\duelmasters\tests\dmrules.effects.text.tests\bin\debug\net8.0\dmrules.effects.text.tests.dll" id="6d16cc48-223a-525a-1ffe-c84962a1c5bc">
      <Execution id="fa9a1157-6912-4d91-a183-26155b049055" />
      <TestMethod codeBase="C:\Users\米山\DuelMasters\tests\DMRules.Effects.Text.Tests\bin\Debug\net8.0\DMRules.Effects.Text.Tests.dll" adapterTypeName="executor://xunit/VsTestRunner2/netcoreapp" className="SqliteEffectTextProviderTests" name="Can_Read_From_TempDb_ByFaceId" />
    </UnitTest>
    <UnitTest name="SqliteEffectTextProviderTests.Can_Read_From_TempDb_ByName" storage="c:\users\米山\duelmasters\tests\dmrules.effects.text.tests\bin\debug\net8.0\dmrules.effects.text.tests.dll" id="70aa5365-9ec5-7675-8ae0-7353ea820ee6">
      <Execution id="e3fc4512-2211-4911-b2b6-de9b35890267" />
      <TestMethod codeBase="C:\Users\米山\DuelMasters\tests\DMRules.Effects.Text.Tests\bin\Debug\net8.0\DMRules.Effects.Text.Tests.dll" adapterTypeName="executor://xunit/VsTestRunner2/netcoreapp" className="SqliteEffectTextProviderTests" name="Can_Read_From_TempDb_ByName" />
    </UnitTest>
    <UnitTest name="DictionaryEffectTextProviderTests.InMemoryProvider_Works" storage="c:\users\米山\duelmasters\tests\dmrules.effects.text.tests\bin\debug\net8.0\dmrules.effects.text.tests.dll" id="5f41c589-d743-4657-e841-1a4ef9c3b555">
      <Execution id="7b31032b-4ae7-4862-b553-cc09b3e964b4" />
      <TestMethod codeBase="C:\Users\米山\DuelMasters\tests\DMRules.Effects.Text.Tests\bin\Debug\net8.0\DMRules.Effects.Text.Tests.dll" adapterTypeName="executor://xunit/VsTestRunner2/netcoreapp" className="DictionaryEffectTextProviderTests" name="InMemoryProvider_Works" />
    </UnitTest>
  </TestDefinitions>
  <TestEntries>
    <TestEntry testId="5f41c589-d743-4657-e841-1a4ef9c3b555" executionId="7b31032b-4ae7-4862-b553-cc09b3e964b4" testListId="8c84fa94-04c1-424b-9868-57a2d4851a1d" />
    <TestEntry testId="6d16cc48-223a-525a-1ffe-c84962a1c5bc" executionId="fa9a1157-6912-4d91-a183-26155b049055" testListId="8c84fa94-04c1-424b-9868-57a2d4851a1d" />
    <TestEntry testId="70aa5365-9ec5-7675-8ae0-7353ea820ee6" executionId="e3fc4512-2211-4911-b2b6-de9b35890267" testListId="8c84fa94-04c1-424b-9868-57a2d4851a1d" />
  </TestEntries>
  <TestLists>
    <TestList name="一覧に存在しない結果" id="8c84fa94-04c1-424b-9868-57a2d4851a1d" />
    <TestList name="読み込まれたすべての結果" id="19431567-8539-422a-85d7-44ee4e166bda" />
  </TestLists>
  <ResultSummary outcome="Completed">
    <Counters total="3" executed="3" passed="3" failed="0" error="0" timeout="0" aborted="0" inconclusive="0" passedButRunAborted="0" notRunnable="0" notExecuted="0" disconnected="0" warning="0" completed="0" inProgress="0" pending="0" />
    <Output>
      <StdOut>[xUnit.net 00:00:00.00] xUnit.net VSTest Adapter v2.8.1+ce9211e970 (64-bit .NET 8.0.21)&#xD;
[xUnit.net 00:00:00.65]   Discovering: DMRules.Effects.Text.Tests&#xD;
[xUnit.net 00:00:00.94]   Discovered:  DMRules.Effects.Text.Tests&#xD;
[xUnit.net 00:00:00.94]   Starting:    DMRules.Effects.Text.Tests&#xD;
[xUnit.net 00:00:04.66]   Finished:    DMRules.Effects.Text.Tests&#xD;
</StdOut>
    </Output>
  </ResultSummary>
</TestRun>