<?xml version="1.0" encoding="utf-8"?>
<TestRun id="343e1a56-a7d2-4ec9-8e46-93c5fa183582" name="米山@DESKTOP-DE0SNP1 2025-11-01 19:17:48" runUser="DESKTOP-DE0SNP1\米山" xmlns="http://microsoft.com/schemas/VisualStudio/TeamTest/2010">
  <Times creation="2025-11-01T19:17:48.9258309+09:00" queuing="2025-11-01T19:17:48.9258326+09:00" start="2025-11-01T19:17:45.3615201+09:00" finish="2025-11-01T19:17:52.0411782+09:00" />
  <TestSettings name="default" id="170dd60f-ed19-4fc3-8fac-ad8aa39cc539">
    <Deployment runDeploymentRoot="米山_DESKTOP-DE0SNP1_2025-11-01_19_17_48" />
  </TestSettings>
  <Results>
    <UnitTestResult executionId="fbbcba3f-c732-4d86-80be-6c77663e6d35" testId="70aa5365-9ec5-7675-8ae0-7353ea820ee6" testName="SqliteEffectTextProviderTests.Can_Read_From_TempDb_ByName" computerName="DESKTOP-DE0SNP1" duration="00:00:01.4808592" startTime="2025-11-01T19:17:51.3654175+09:00" endTime="2025-11-01T19:17:51.3654180+09:00" testType="13cdc9d9-ddb5-4fa4-a97d-d965ccfc6d4b" outcome="Passed" testListId="8c84fa94-04c1-424b-9868-57a2d4851a1d" relativeResultsDirectory="fbbcba3f-c732-4d86-80be-6c77663e6d35" />
    <UnitTestResult executionId="484c7fec-711b-4885-ad9e-4fb9e47ca70f" testId="6d16cc48-223a-525a-1ffe-c84962a1c5bc" testName="SqliteEffectTextProviderTests.Can_Read_From_TempDb_ByFaceId" computerName="DESKTOP-DE0SNP1" duration="00:00:01.7227512" startTime="2025-11-01T19:17:49.8828178+09:00" endTime="2025-11-01T19:17:49.8828184+09:00" testType="13cdc9d9-ddb5-4fa4-a97d-d965ccfc6d4b" outcome="Passed" testListId="8c84fa94-04c1-424b-9868-57a2d4851a1d" relativeResultsDirectory="484c7fec-711b-4885-ad9e-4fb9e47ca70f" />
    <UnitTestResult executionId="cfc7363d-21c7-4115-b065-92130de2baf3" testId="5f41c589-d743-4657-e841-1a4ef9c3b555" testName="DictionaryEffectTextProviderTests.InMemoryProvider_Works" computerName="DESKTOP-DE0SNP1" duration="00:00:00.1652511" startTime="2025-11-01T19:17:48.3332512+09:00" endTime="2025-11-01T19:17:48.3334010+09:00" testType="13cdc9d9-ddb5-4fa4-a97d-d965ccfc6d4b" outcome="Passed" testListId="8c84fa94-04c1-424b-9868-57a2d4851a1d" relativeResultsDirectory="cfc7363d-21c7-4115-b065-92130de2baf3" />
  </Results>
  <TestDefinitions>
    <UnitTest name="SqliteEffectTextProviderTests.Can_Read_From_TempDb_ByFaceId" storage="c:\users\米山\duelmasters\tests\dmrules.effects.text.tests\bin\debug\net8.0\dmrules.effects.text.tests.dll" id="6d16cc48-223a-525a-1ffe-c84962a1c5bc">
      <Execution id="484c7fec-711b-4885-ad9e-4fb9e47ca70f" />
      <TestMethod codeBase="C:\Users\米山\DuelMasters\tests\DMRules.Effects.Text.Tests\bin\Debug\net8.0\DMRules.Effects.Text.Tests.dll" adapterTypeName="executor://xunit/VsTestRunner2/netcoreapp" className="SqliteEffectTextProviderTests" name="Can_Read_From_TempDb_ByFaceId" />
    </UnitTest>
    <UnitTest name="SqliteEffectTextProviderTests.Can_Read_From_TempDb_ByName" storage="c:\users\米山\duelmasters\tests\dmrules.effects.text.tests\bin\debug\net8.0\dmrules.effects.text.tests.dll" id="70aa5365-9ec5-7675-8ae0-7353ea820ee6">
      <Execution id="fbbcba3f-c732-4d86-80be-6c77663e6d35" />
      <TestMethod codeBase="C:\Users\米山\DuelMasters\tests\DMRules.Effects.Text.Tests\bin\Debug\net8.0\DMRules.Effects.Text.Tests.dll" adapterTypeName="executor://xunit/VsTestRunner2/netcoreapp" className="SqliteEffectTextProviderTests" name="Can_Read_From_TempDb_ByName" />
    </UnitTest>
    <UnitTest name="DictionaryEffectTextProviderTests.InMemoryProvider_Works" storage="c:\users\米山\duelmasters\tests\dmrules.effects.text.tests\bin\debug\net8.0\dmrules.effects.text.tests.dll" id="5f41c589-d743-4657-e841-1a4ef9c3b555">
      <Execution id="cfc7363d-21c7-4115-b065-92130de2baf3" />
      <TestMethod codeBase="C:\Users\米山\DuelMasters\tests\DMRules.Effects.Text.Tests\bin\Debug\net8.0\DMRules.Effects.Text.Tests.dll" adapterTypeName="executor://xunit/VsTestRunner2/netcoreapp" className="DictionaryEffectTextProviderTests" name="InMemoryProvider_Works" />
    </UnitTest>
  </TestDefinitions>
  <TestEntries>
    <TestEntry testId="70aa5365-9ec5-7675-8ae0-7353ea820ee6" executionId="fbbcba3f-c732-4d86-80be-6c77663e6d35" testListId="8c84fa94-04c1-424b-9868-57a2d4851a1d" />
    <TestEntry testId="6d16cc48-223a-525a-1ffe-c84962a1c5bc" executionId="484c7fec-711b-4885-ad9e-4fb9e47ca70f" testListId="8c84fa94-04c1-424b-9868-57a2d4851a1d" />
    <TestEntry testId="5f41c589-d743-4657-e841-1a4ef9c3b555" executionId="cfc7363d-21c7-4115-b065-92130de2baf3" testListId="8c84fa94-04c1-424b-9868-57a2d4851a1d" />
  </TestEntries>
  <TestLists>
    <TestList name="Results Not in a List" id="8c84fa94-04c1-424b-9868-57a2d4851a1d" />
    <TestList name="All Loaded Results" id="19431567-8539-422a-85d7-44ee4e166bda" />
  </TestLists>
  <ResultSummary outcome="Completed">
    <Counters total="3" executed="3" passed="3" failed="0" error="0" timeout="0" aborted="0" inconclusive="0" passedButRunAborted="0" notRunnable="0" notExecuted="0" disconnected="0" warning="0" completed="0" inProgress="0" pending="0" />
    <Output>
      <StdOut>[xUnit.net 00:00:00.00] xUnit.net VSTest Adapter v2.8.1+ce9211e970 (64-bit .NET 8.0.21)&#xD;
[xUnit.net 00:00:00.38]   Discovering: DMRules.Effects.Text.Tests&#xD;
[xUnit.net 00:00:00.57]   Discovered:  DMRules.Effects.Text.Tests&#xD;
[xUnit.net 00:00:00.59]   Starting:    DMRules.Effects.Text.Tests&#xD;
[xUnit.net 00:00:04.02]   Finished:    DMRules.Effects.Text.Tests&#xD;
</StdOut>
    </Output>
  </ResultSummary>
</TestRun>