<?xml version="1.0" encoding="utf-8"?>
<TestRun id="6cb351af-4530-4a6b-8002-6fab6676aedf" name="米山@DESKTOP-DE0SNP1 2025-11-02 10:48:23" runUser="DESKTOP-DE0SNP1\米山" xmlns="http://microsoft.com/schemas/VisualStudio/TeamTest/2010">
  <Times creation="2025-11-02T10:48:23.9130030+09:00" queuing="2025-11-02T10:48:23.9130035+09:00" start="2025-11-02T10:48:18.9291403+09:00" finish="2025-11-02T10:48:26.9665535+09:00" />
  <TestSettings name="default" id="f21e258a-b1e6-4d7c-acb7-0dd94d957118">
    <Deployment runDeploymentRoot="米山_DESKTOP-DE0SNP1_2025-11-02_10_48_23" />
  </TestSettings>
  <Results>
    <UnitTestResult executionId="0d39164f-2669-4608-af87-e4e032c715ec" testId="5f41c589-d743-4657-e841-1a4ef9c3b555" testName="DictionaryEffectTextProviderTests.InMemoryProvider_Works" computerName="DESKTOP-DE0SNP1" duration="00:00:00.2089419" startTime="2025-11-02T10:48:23.1234568+09:00" endTime="2025-11-02T10:48:23.1234987+09:00" testType="13cdc9d9-ddb5-4fa4-a97d-d965ccfc6d4b" outcome="Passed" testListId="8c84fa94-04c1-424b-9868-57a2d4851a1d" relativeResultsDirectory="0d39164f-2669-4608-af87-e4e032c715ec" />
    <UnitTestResult executionId="e7c6bf85-a21f-40c5-ac4e-d736c3953d15" testId="6d16cc48-223a-525a-1ffe-c84962a1c5bc" testName="SqliteEffectTextProviderTests.Can_Read_From_TempDb_ByFaceId" computerName="DESKTOP-DE0SNP1" duration="00:00:02.4384669" startTime="2025-11-02T10:48:25.2867870+09:00" endTime="2025-11-02T10:48:25.2867876+09:00" testType="13cdc9d9-ddb5-4fa4-a97d-d965ccfc6d4b" outcome="Passed" testListId="8c84fa94-04c1-424b-9868-57a2d4851a1d" relativeResultsDirectory="e7c6bf85-a21f-40c5-ac4e-d736c3953d15" />
    <UnitTestResult executionId="b22f91f0-fef1-42fb-aa0c-85fa7c2d9008" testId="70aa5365-9ec5-7675-8ae0-7353ea820ee6" testName="SqliteEffectTextProviderTests.Can_Read_From_TempDb_ByName" computerName="DESKTOP-DE0SNP1" duration="00:00:01.3072687" startTime="2025-11-02T10:48:26.6047399+09:00" endTime="2025-11-02T10:48:26.6047407+09:00" testType="13cdc9d9-ddb5-4fa4-a97d-d965ccfc6d4b" outcome="Passed" testListId="8c84fa94-04c1-424b-9868-57a2d4851a1d" relativeResultsDirectory="b22f91f0-fef1-42fb-aa0c-85fa7c2d9008" />
  </Results>
  <TestDefinitions>
    <UnitTest name="SqliteEffectTextProviderTests.Can_Read_From_TempDb_ByFaceId" storage="c:\users\米山\duelmasters\tests\dmrules.effects.text.tests\bin\debug\net8.0\dmrules.effects.text.tests.dll" id="6d16cc48-223a-525a-1ffe-c84962a1c5bc">
      <Execution id="e7c6bf85-a21f-40c5-ac4e-d736c3953d15" />
      <TestMethod codeBase="C:\Users\米山\DuelMasters\tests\DMRules.Effects.Text.Tests\bin\Debug\net8.0\DMRules.Effects.Text.Tests.dll" adapterTypeName="executor://xunit/VsTestRunner2/netcoreapp" className="SqliteEffectTextProviderTests" name="Can_Read_From_TempDb_ByFaceId" />
    </UnitTest>
    <UnitTest name="SqliteEffectTextProviderTests.Can_Read_From_TempDb_ByName" storage="c:\users\米山\duelmasters\tests\dmrules.effects.text.tests\bin\debug\net8.0\dmrules.effects.text.tests.dll" id="70aa5365-9ec5-7675-8ae0-7353ea820ee6">
      <Execution id="b22f91f0-fef1-42fb-aa0c-85fa7c2d9008" />
      <TestMethod codeBase="C:\Users\米山\DuelMasters\tests\DMRules.Effects.Text.Tests\bin\Debug\net8.0\DMRules.Effects.Text.Tests.dll" adapterTypeName="executor://xunit/VsTestRunner2/netcoreapp" className="SqliteEffectTextProviderTests" name="Can_Read_From_TempDb_ByName" />
    </UnitTest>
    <UnitTest name="DictionaryEffectTextProviderTests.InMemoryProvider_Works" storage="c:\users\米山\duelmasters\tests\dmrules.effects.text.tests\bin\debug\net8.0\dmrules.effects.text.tests.dll" id="5f41c589-d743-4657-e841-1a4ef9c3b555">
      <Execution id="0d39164f-2669-4608-af87-e4e032c715ec" />
      <TestMethod codeBase="C:\Users\米山\DuelMasters\tests\DMRules.Effects.Text.Tests\bin\Debug\net8.0\DMRules.Effects.Text.Tests.dll" adapterTypeName="executor://xunit/VsTestRunner2/netcoreapp" className="DictionaryEffectTextProviderTests" name="InMemoryProvider_Works" />
    </UnitTest>
  </TestDefinitions>
  <TestEntries>
    <TestEntry testId="5f41c589-d743-4657-e841-1a4ef9c3b555" executionId="0d39164f-2669-4608-af87-e4e032c715ec" testListId="8c84fa94-04c1-424b-9868-57a2d4851a1d" />
    <TestEntry testId="6d16cc48-223a-525a-1ffe-c84962a1c5bc" executionId="e7c6bf85-a21f-40c5-ac4e-d736c3953d15" testListId="8c84fa94-04c1-424b-9868-57a2d4851a1d" />
    <TestEntry testId="70aa5365-9ec5-7675-8ae0-7353ea820ee6" executionId="b22f91f0-fef1-42fb-aa0c-85fa7c2d9008" testListId="8c84fa94-04c1-424b-9868-57a2d4851a1d" />
  </TestEntries>
  <TestLists>
    <TestList name="Results Not in a List" id="8c84fa94-04c1-424b-9868-57a2d4851a1d" />
    <TestList name="All Loaded Results" id="19431567-8539-422a-85d7-44ee4e166bda" />
  </TestLists>
  <ResultSummary outcome="Completed">
    <Counters total="3" executed="3" passed="3" failed="0" error="0" timeout="0" aborted="0" inconclusive="0" passedButRunAborted="0" notRunnable="0" notExecuted="0" disconnected="0" warning="0" completed="0" inProgress="0" pending="0" />
    <Output>
      <StdOut>[xUnit.net 00:00:00.00] xUnit.net VSTest Adapter v2.8.1+ce9211e970 (64-bit .NET 8.0.21)&#xD;
[xUnit.net 00:00:00.41]   Discovering: DMRules.Effects.Text.Tests&#xD;
[xUnit.net 00:00:00.56]   Discovered:  DMRules.Effects.Text.Tests&#xD;
[xUnit.net 00:00:00.57]   Starting:    DMRules.Effects.Text.Tests&#xD;
[xUnit.net 00:00:04.50]   Finished:    DMRules.Effects.Text.Tests&#xD;
</StdOut>
    </Output>
  </ResultSummary>
</TestRun>