<?xml version="1.0" encoding="utf-8"?>
<TestRun id="d85d4bf5-4ed7-4bf0-abe6-69d8277a4439" name="米山@DESKTOP-DE0SNP1 2025-11-02 08:35:45" runUser="DESKTOP-DE0SNP1\米山" xmlns="http://microsoft.com/schemas/VisualStudio/TeamTest/2010">
  <Times creation="2025-11-02T08:35:45.6222505+09:00" queuing="2025-11-02T08:35:45.6222510+09:00" start="2025-11-02T08:35:43.3249524+09:00" finish="2025-11-02T08:35:45.6785793+09:00" />
  <TestSettings name="default" id="a25a224e-1497-4b85-9822-78334be9484e">
    <Deployment runDeploymentRoot="米山_DESKTOP-DE0SNP1_2025-11-02_08_35_45" />
  </TestSettings>
  <Results>
    <UnitTestResult executionId="adb9a1e9-4ac7-46a7-96bf-b7dea77a488f" testId="1404dc18-270f-3a3c-a9bc-b1d07b3811cb" testName="DMRules.Domain.Tests.CardFactoryIntegrationTests.Factory_Does_NotThrow_For_First10_IfTableExists" computerName="DESKTOP-DE0SNP1" duration="00:00:00.5419066" startTime="2025-11-02T08:35:45.3808766+09:00" endTime="2025-11-02T08:35:45.3808772+09:00" testType="13cdc9d9-ddb5-4fa4-a97d-d965ccfc6d4b" outcome="Passed" testListId="8c84fa94-04c1-424b-9868-57a2d4851a1d" relativeResultsDirectory="adb9a1e9-4ac7-46a7-96bf-b7dea77a488f" />
    <UnitTestResult executionId="43c4802b-42b8-4b3a-911c-7028d1c39890" testId="9cd84ee3-3c28-b136-e0d0-f70a9b407857" testName="DMRules.Domain.Tests.TextNormalizationTests.ParseIntLoose_Works(input: &quot;6&quot;, expected: 6)" computerName="DESKTOP-DE0SNP1" duration="00:00:00.0002235" startTime="2025-11-02T08:35:45.1235440+09:00" endTime="2025-11-02T08:35:45.1235441+09:00" testType="13cdc9d9-ddb5-4fa4-a97d-d965ccfc6d4b" outcome="Passed" testListId="8c84fa94-04c1-424b-9868-57a2d4851a1d" relativeResultsDirectory="43c4802b-42b8-4b3a-911c-7028d1c39890" />
    <UnitTestResult executionId="820cda50-ddf4-47ea-ba51-c963d4729194" testId="87e989b5-b82a-9110-0e5b-f33e73a07c9c" testName="DMRules.Domain.Tests.TextNormalizationTests.ParseIntLoose_Works(input: &quot;-&quot;, expected: null)" computerName="DESKTOP-DE0SNP1" duration="00:00:00.0004372" startTime="2025-11-02T08:35:45.1226865+09:00" endTime="2025-11-02T08:35:45.1226866+09:00" testType="13cdc9d9-ddb5-4fa4-a97d-d965ccfc6d4b" outcome="Passed" testListId="8c84fa94-04c1-424b-9868-57a2d4851a1d" relativeResultsDirectory="820cda50-ddf4-47ea-ba51-c963d4729194" />
    <UnitTestResult executionId="80137869-92da-4283-b48a-abe6846eec70" testId="2a515981-6159-68e5-2d8f-e7dea9d23c0e" testName="DMRules.Domain.Tests.TextNormalizationTests.Types_Normalizes" computerName="DESKTOP-DE0SNP1" duration="00:00:00.0011957" startTime="2025-11-02T08:35:45.1288357+09:00" endTime="2025-11-02T08:35:45.1288361+09:00" testType="13cdc9d9-ddb5-4fa4-a97d-d965ccfc6d4b" outcome="Passed" testListId="8c84fa94-04c1-424b-9868-57a2d4851a1d" relativeResultsDirectory="80137869-92da-4283-b48a-abe6846eec70" />
    <UnitTestResult executionId="62279cef-f71a-46d8-8a06-7ba851ab5e36" testId="42d1ba1d-a24c-c45d-6fa8-f30de376cedd" testName="DMRules.Domain.Tests.TextNormalizationTests.ParseIntLoose_Works(input: &quot;コスト：5&quot;, expected: 5)" computerName="DESKTOP-DE0SNP1" duration="00:00:00.0000669" startTime="2025-11-02T08:35:45.1236300+09:00" endTime="2025-11-02T08:35:45.1236301+09:00" testType="13cdc9d9-ddb5-4fa4-a97d-d965ccfc6d4b" outcome="Passed" testListId="8c84fa94-04c1-424b-9868-57a2d4851a1d" relativeResultsDirectory="62279cef-f71a-46d8-8a06-7ba851ab5e36" />
    <UnitTestResult executionId="c56f3ebc-b788-43ed-a0cd-2dd9a92536fe" testId="5ec0b83d-71a3-5fad-9cec-7e1a584cd8d8" testName="DMRules.Domain.Tests.TextNormalizationTests.ParseIntLoose_Works(input: &quot;12000&quot;, expected: 12000)" computerName="DESKTOP-DE0SNP1" duration="00:00:00.2703239" startTime="2025-11-02T08:35:45.1163825+09:00" endTime="2025-11-02T08:35:45.1164175+09:00" testType="13cdc9d9-ddb5-4fa4-a97d-d965ccfc6d4b" outcome="Passed" testListId="8c84fa94-04c1-424b-9868-57a2d4851a1d" relativeResultsDirectory="c56f3ebc-b788-43ed-a0cd-2dd9a92536fe" />
    <UnitTestResult executionId="d9b5e6f4-4940-4e93-a63f-20aaa55f8ad5" testId="bc11a98c-6c84-286c-faee-00a8a06f6141" testName="DMRules.Domain.Tests.TextNormalizationTests.CivSplit_Normalizes" computerName="DESKTOP-DE0SNP1" duration="00:00:00.0107441" startTime="2025-11-02T08:35:45.1274275+09:00" endTime="2025-11-02T08:35:45.1274284+09:00" testType="13cdc9d9-ddb5-4fa4-a97d-d965ccfc6d4b" outcome="Passed" testListId="8c84fa94-04c1-424b-9868-57a2d4851a1d" relativeResultsDirectory="d9b5e6f4-4940-4e93-a63f-20aaa55f8ad5" />
    <UnitTestResult executionId="be209feb-01fc-4441-bb18-7d7929e2e113" testId="8b4ff451-9696-27bc-1537-982d7f1b5171" testName="DMRules.Domain.Tests.TextNormalizationTests.ParseIntLoose_Works(input: &quot;—&quot;, expected: null)" computerName="DESKTOP-DE0SNP1" duration="00:00:00.0001352" startTime="2025-11-02T08:35:45.1234062+09:00" endTime="2025-11-02T08:35:45.1234063+09:00" testType="13cdc9d9-ddb5-4fa4-a97d-d965ccfc6d4b" outcome="Passed" testListId="8c84fa94-04c1-424b-9868-57a2d4851a1d" relativeResultsDirectory="be209feb-01fc-4441-bb18-7d7929e2e113" />
  </Results>
  <TestDefinitions>
    <UnitTest name="DMRules.Domain.Tests.TextNormalizationTests.ParseIntLoose_Works(input: &quot;12000&quot;, expected: 12000)" storage="c:\users\米山\duelmasters\tests\dmrules.domain.tests\bin\debug\net8.0\dmrules.domain.tests.dll" id="5ec0b83d-71a3-5fad-9cec-7e1a584cd8d8">
      <Execution id="c56f3ebc-b788-43ed-a0cd-2dd9a92536fe" />
      <TestMethod codeBase="C:\Users\米山\DuelMasters\tests\DMRules.Domain.Tests\bin\Debug\net8.0\DMRules.Domain.Tests.dll" adapterTypeName="executor://xunit/VsTestRunner2/netcoreapp" className="DMRules.Domain.Tests.TextNormalizationTests" name="ParseIntLoose_Works" />
    </UnitTest>
    <UnitTest name="DMRules.Domain.Tests.TextNormalizationTests.ParseIntLoose_Works(input: &quot;-&quot;, expected: null)" storage="c:\users\米山\duelmasters\tests\dmrules.domain.tests\bin\debug\net8.0\dmrules.domain.tests.dll" id="87e989b5-b82a-9110-0e5b-f33e73a07c9c">
      <Execution id="820cda50-ddf4-47ea-ba51-c963d4729194" />
      <TestMethod codeBase="C:\Users\米山\DuelMasters\tests\DMRules.Domain.Tests\bin\Debug\net8.0\DMRules.Domain.Tests.dll" adapterTypeName="executor://xunit/VsTestRunner2/netcoreapp" className="DMRules.Domain.Tests.TextNormalizationTests" name="ParseIntLoose_Works" />
    </UnitTest>
    <UnitTest name="DMRules.Domain.Tests.TextNormalizationTests.ParseIntLoose_Works(input: &quot;コスト：5&quot;, expected: 5)" storage="c:\users\米山\duelmasters\tests\dmrules.domain.tests\bin\debug\net8.0\dmrules.domain.tests.dll" id="42d1ba1d-a24c-c45d-6fa8-f30de376cedd">
      <Execution id="62279cef-f71a-46d8-8a06-7ba851ab5e36" />
      <TestMethod codeBase="C:\Users\米山\DuelMasters\tests\DMRules.Domain.Tests\bin\Debug\net8.0\DMRules.Domain.Tests.dll" adapterTypeName="executor://xunit/VsTestRunner2/netcoreapp" className="DMRules.Domain.Tests.TextNormalizationTests" name="ParseIntLoose_Works" />
    </UnitTest>
    <UnitTest name="DMRules.Domain.Tests.TextNormalizationTests.CivSplit_Normalizes" storage="c:\users\米山\duelmasters\tests\dmrules.domain.tests\bin\debug\net8.0\dmrules.domain.tests.dll" id="bc11a98c-6c84-286c-faee-00a8a06f6141">
      <Execution id="d9b5e6f4-4940-4e93-a63f-20aaa55f8ad5" />
      <TestMethod codeBase="C:\Users\米山\DuelMasters\tests\DMRules.Domain.Tests\bin\Debug\net8.0\DMRules.Domain.Tests.dll" adapterTypeName="executor://xunit/VsTestRunner2/netcoreapp" className="DMRules.Domain.Tests.TextNormalizationTests" name="CivSplit_Normalizes" />
    </UnitTest>
    <UnitTest name="DMRules.Domain.Tests.TextNormalizationTests.ParseIntLoose_Works(input: &quot;6&quot;, expected: 6)" storage="c:\users\米山\duelmasters\tests\dmrules.domain.tests\bin\debug\net8.0\dmrules.domain.tests.dll" id="9cd84ee3-3c28-b136-e0d0-f70a9b407857">
      <Execution id="43c4802b-42b8-4b3a-911c-7028d1c39890" />
      <TestMethod codeBase="C:\Users\米山\DuelMasters\tests\DMRules.Domain.Tests\bin\Debug\net8.0\DMRules.Domain.Tests.dll" adapterTypeName="executor://xunit/VsTestRunner2/netcoreapp" className="DMRules.Domain.Tests.TextNormalizationTests" name="ParseIntLoose_Works" />
    </UnitTest>
    <UnitTest name="DMRules.Domain.Tests.CardFactoryIntegrationTests.Factory_Does_NotThrow_For_First10_IfTableExists" storage="c:\users\米山\duelmasters\tests\dmrules.domain.tests\bin\debug\net8.0\dmrules.domain.tests.dll" id="1404dc18-270f-3a3c-a9bc-b1d07b3811cb">
      <Execution id="adb9a1e9-4ac7-46a7-96bf-b7dea77a488f" />
      <TestMethod codeBase="C:\Users\米山\DuelMasters\tests\DMRules.Domain.Tests\bin\Debug\net8.0\DMRules.Domain.Tests.dll" adapterTypeName="executor://xunit/VsTestRunner2/netcoreapp" className="DMRules.Domain.Tests.CardFactoryIntegrationTests" name="Factory_Does_NotThrow_For_First10_IfTableExists" />
    </UnitTest>
    <UnitTest name="DMRules.Domain.Tests.TextNormalizationTests.ParseIntLoose_Works(input: &quot;—&quot;, expected: null)" storage="c:\users\米山\duelmasters\tests\dmrules.domain.tests\bin\debug\net8.0\dmrules.domain.tests.dll" id="8b4ff451-9696-27bc-1537-982d7f1b5171">
      <Execution id="be209feb-01fc-4441-bb18-7d7929e2e113" />
      <TestMethod codeBase="C:\Users\米山\DuelMasters\tests\DMRules.Domain.Tests\bin\Debug\net8.0\DMRules.Domain.Tests.dll" adapterTypeName="executor://xunit/VsTestRunner2/netcoreapp" className="DMRules.Domain.Tests.TextNormalizationTests" name="ParseIntLoose_Works" />
    </UnitTest>
    <UnitTest name="DMRules.Domain.Tests.TextNormalizationTests.Types_Normalizes" storage="c:\users\米山\duelmasters\tests\dmrules.domain.tests\bin\debug\net8.0\dmrules.domain.tests.dll" id="2a515981-6159-68e5-2d8f-e7dea9d23c0e">
      <Execution id="80137869-92da-4283-b48a-abe6846eec70" />
      <TestMethod codeBase="C:\Users\米山\DuelMasters\tests\DMRules.Domain.Tests\bin\Debug\net8.0\DMRules.Domain.Tests.dll" adapterTypeName="executor://xunit/VsTestRunner2/netcoreapp" className="DMRules.Domain.Tests.TextNormalizationTests" name="Types_Normalizes" />
    </UnitTest>
  </TestDefinitions>
  <TestEntries>
    <TestEntry testId="1404dc18-270f-3a3c-a9bc-b1d07b3811cb" executionId="adb9a1e9-4ac7-46a7-96bf-b7dea77a488f" testListId="8c84fa94-04c1-424b-9868-57a2d4851a1d" />
    <TestEntry testId="9cd84ee3-3c28-b136-e0d0-f70a9b407857" executionId="43c4802b-42b8-4b3a-911c-7028d1c39890" testListId="8c84fa94-04c1-424b-9868-57a2d4851a1d" />
    <TestEntry testId="87e989b5-b82a-9110-0e5b-f33e73a07c9c" executionId="820cda50-ddf4-47ea-ba51-c963d4729194" testListId="8c84fa94-04c1-424b-9868-57a2d4851a1d" />
    <TestEntry testId="2a515981-6159-68e5-2d8f-e7dea9d23c0e" executionId="80137869-92da-4283-b48a-abe6846eec70" testListId="8c84fa94-04c1-424b-9868-57a2d4851a1d" />
    <TestEntry testId="42d1ba1d-a24c-c45d-6fa8-f30de376cedd" executionId="62279cef-f71a-46d8-8a06-7ba851ab5e36" testListId="8c84fa94-04c1-424b-9868-57a2d4851a1d" />
    <TestEntry testId="5ec0b83d-71a3-5fad-9cec-7e1a584cd8d8" executionId="c56f3ebc-b788-43ed-a0cd-2dd9a92536fe" testListId="8c84fa94-04c1-424b-9868-57a2d4851a1d" />
    <TestEntry testId="bc11a98c-6c84-286c-faee-00a8a06f6141" executionId="d9b5e6f4-4940-4e93-a63f-20aaa55f8ad5" testListId="8c84fa94-04c1-424b-9868-57a2d4851a1d" />
    <TestEntry testId="8b4ff451-9696-27bc-1537-982d7f1b5171" executionId="be209feb-01fc-4441-bb18-7d7929e2e113" testListId="8c84fa94-04c1-424b-9868-57a2d4851a1d" />
  </TestEntries>
  <TestLists>
    <TestList name="Results Not in a List" id="8c84fa94-04c1-424b-9868-57a2d4851a1d" />
    <TestList name="All Loaded Results" id="19431567-8539-422a-85d7-44ee4e166bda" />
  </TestLists>
  <ResultSummary outcome="Completed">
    <Counters total="8" executed="8" passed="8" failed="0" error="0" timeout="0" aborted="0" inconclusive="0" passedButRunAborted="0" notRunnable="0" notExecuted="0" disconnected="0" warning="0" completed="0" inProgress="0" pending="0" />
    <Output>
      <StdOut>[xUnit.net 00:00:00.00] xUnit.net VSTest Adapter v2.8.2+699d445a1a (64-bit .NET 8.0.21)&#xD;
[xUnit.net 00:00:00.21]   Discovering: DMRules.Domain.Tests&#xD;
[xUnit.net 00:00:00.31]   Discovered:  DMRules.Domain.Tests&#xD;
[xUnit.net 00:00:00.32]   Starting:    DMRules.Domain.Tests&#xD;
[xUnit.net 00:00:00.97]   Finished:    DMRules.Domain.Tests&#xD;
</StdOut>
    </Output>
  </ResultSummary>
</TestRun>