<?xml version="1.0" encoding="utf-8"?>
<TestRun id="5b2a5993-29d7-4b45-9f22-d5f3de10dded" name="米山@DESKTOP-DE0SNP1 2025-11-02 10:48:50" runUser="DESKTOP-DE0SNP1\米山" xmlns="http://microsoft.com/schemas/VisualStudio/TeamTest/2010">
  <Times creation="2025-11-02T10:48:50.7119869+09:00" queuing="2025-11-02T10:48:50.7119873+09:00" start="2025-11-02T10:48:47.5922153+09:00" finish="2025-11-02T10:48:50.7703431+09:00" />
  <TestSettings name="default" id="08ea44dc-f515-4ff4-8557-e01d72c7ce67">
    <Deployment runDeploymentRoot="米山_DESKTOP-DE0SNP1_2025-11-02_10_48_50" />
  </TestSettings>
  <Results>
    <UnitTestResult executionId="1c5b06ad-8100-4b27-8bae-57a9c02dcc7b" testId="87e989b5-b82a-9110-0e5b-f33e73a07c9c" testName="DMRules.Domain.Tests.TextNormalizationTests.ParseIntLoose_Works(input: &quot;-&quot;, expected: null)" computerName="DESKTOP-DE0SNP1" duration="00:00:00.0004299" startTime="2025-11-02T10:48:50.0425879+09:00" endTime="2025-11-02T10:48:50.0425885+09:00" testType="13cdc9d9-ddb5-4fa4-a97d-d965ccfc6d4b" outcome="Passed" testListId="8c84fa94-04c1-424b-9868-57a2d4851a1d" relativeResultsDirectory="1c5b06ad-8100-4b27-8bae-57a9c02dcc7b" />
    <UnitTestResult executionId="5969ea83-8e06-45a1-ac34-df842bebe1f1" testId="2a515981-6159-68e5-2d8f-e7dea9d23c0e" testName="DMRules.Domain.Tests.TextNormalizationTests.Types_Normalizes" computerName="DESKTOP-DE0SNP1" duration="00:00:00.0007785" startTime="2025-11-02T10:48:50.0975475+09:00" endTime="2025-11-02T10:48:50.0975480+09:00" testType="13cdc9d9-ddb5-4fa4-a97d-d965ccfc6d4b" outcome="Passed" testListId="8c84fa94-04c1-424b-9868-57a2d4851a1d" relativeResultsDirectory="5969ea83-8e06-45a1-ac34-df842bebe1f1" />
    <UnitTestResult executionId="56102cc1-de40-4b91-96de-2cf12dea4cc0" testId="5ec0b83d-71a3-5fad-9cec-7e1a584cd8d8" testName="DMRules.Domain.Tests.TextNormalizationTests.ParseIntLoose_Works(input: &quot;12000&quot;, expected: 12000)" computerName="DESKTOP-DE0SNP1" duration="00:00:00.1354475" startTime="2025-11-02T10:48:50.0326165+09:00" endTime="2025-11-02T10:48:50.0326873+09:00" testType="13cdc9d9-ddb5-4fa4-a97d-d965ccfc6d4b" outcome="Passed" testListId="8c84fa94-04c1-424b-9868-57a2d4851a1d" relativeResultsDirectory="56102cc1-de40-4b91-96de-2cf12dea4cc0" />
    <UnitTestResult executionId="73ac089a-3b6e-4b95-b6da-f622895677b2" testId="bc11a98c-6c84-286c-faee-00a8a06f6141" testName="DMRules.Domain.Tests.TextNormalizationTests.CivSplit_Normalizes" computerName="DESKTOP-DE0SNP1" duration="00:00:00.0122919" startTime="2025-11-02T10:48:50.0966493+09:00" endTime="2025-11-02T10:48:50.0966500+09:00" testType="13cdc9d9-ddb5-4fa4-a97d-d965ccfc6d4b" outcome="Passed" testListId="8c84fa94-04c1-424b-9868-57a2d4851a1d" relativeResultsDirectory="73ac089a-3b6e-4b95-b6da-f622895677b2" />
    <UnitTestResult executionId="03d00c00-fca0-4da9-99f5-59ee4cbf4c45" testId="1404dc18-270f-3a3c-a9bc-b1d07b3811cb" testName="DMRules.Domain.Tests.CardFactoryIntegrationTests.Factory_Does_NotThrow_For_First10_IfTableExists" computerName="DESKTOP-DE0SNP1" duration="00:00:00.4585487" startTime="2025-11-02T10:48:50.3476506+09:00" endTime="2025-11-02T10:48:50.3476511+09:00" testType="13cdc9d9-ddb5-4fa4-a97d-d965ccfc6d4b" outcome="Passed" testListId="8c84fa94-04c1-424b-9868-57a2d4851a1d" relativeResultsDirectory="03d00c00-fca0-4da9-99f5-59ee4cbf4c45" />
    <UnitTestResult executionId="ae4354f1-5526-4d76-9462-5e1372be361b" testId="42d1ba1d-a24c-c45d-6fa8-f30de376cedd" testName="DMRules.Domain.Tests.TextNormalizationTests.ParseIntLoose_Works(input: &quot;コスト：5&quot;, expected: 5)" computerName="DESKTOP-DE0SNP1" duration="00:00:00.0528666" startTime="2025-11-02T10:48:50.0831908+09:00" endTime="2025-11-02T10:48:50.0831911+09:00" testType="13cdc9d9-ddb5-4fa4-a97d-d965ccfc6d4b" outcome="Passed" testListId="8c84fa94-04c1-424b-9868-57a2d4851a1d" relativeResultsDirectory="ae4354f1-5526-4d76-9462-5e1372be361b" />
    <UnitTestResult executionId="0f08140d-bfbe-410d-b444-1ad28e596f7b" testId="9cd84ee3-3c28-b136-e0d0-f70a9b407857" testName="DMRules.Domain.Tests.TextNormalizationTests.ParseIntLoose_Works(input: &quot;6&quot;, expected: 6)" computerName="DESKTOP-DE0SNP1" duration="00:00:00.0001732" startTime="2025-11-02T10:48:50.0432790+09:00" endTime="2025-11-02T10:48:50.0432791+09:00" testType="13cdc9d9-ddb5-4fa4-a97d-d965ccfc6d4b" outcome="Passed" testListId="8c84fa94-04c1-424b-9868-57a2d4851a1d" relativeResultsDirectory="0f08140d-bfbe-410d-b444-1ad28e596f7b" />
    <UnitTestResult executionId="54817585-c7e2-4064-b991-d3d21ec1de63" testId="8b4ff451-9696-27bc-1537-982d7f1b5171" testName="DMRules.Domain.Tests.TextNormalizationTests.ParseIntLoose_Works(input: &quot;—&quot;, expected: null)" computerName="DESKTOP-DE0SNP1" duration="00:00:00.0000949" startTime="2025-11-02T10:48:50.0431861+09:00" endTime="2025-11-02T10:48:50.0431863+09:00" testType="13cdc9d9-ddb5-4fa4-a97d-d965ccfc6d4b" outcome="Passed" testListId="8c84fa94-04c1-424b-9868-57a2d4851a1d" relativeResultsDirectory="54817585-c7e2-4064-b991-d3d21ec1de63" />
  </Results>
  <TestDefinitions>
    <UnitTest name="DMRules.Domain.Tests.TextNormalizationTests.ParseIntLoose_Works(input: &quot;12000&quot;, expected: 12000)" storage="c:\users\米山\duelmasters\tests\dmrules.domain.tests\bin\debug\net8.0\dmrules.domain.tests.dll" id="5ec0b83d-71a3-5fad-9cec-7e1a584cd8d8">
      <Execution id="56102cc1-de40-4b91-96de-2cf12dea4cc0" />
      <TestMethod codeBase="C:\Users\米山\DuelMasters\tests\DMRules.Domain.Tests\bin\Debug\net8.0\DMRules.Domain.Tests.dll" adapterTypeName="executor://xunit/VsTestRunner2/netcoreapp" className="DMRules.Domain.Tests.TextNormalizationTests" name="ParseIntLoose_Works" />
    </UnitTest>
    <UnitTest name="DMRules.Domain.Tests.TextNormalizationTests.ParseIntLoose_Works(input: &quot;-&quot;, expected: null)" storage="c:\users\米山\duelmasters\tests\dmrules.domain.tests\bin\debug\net8.0\dmrules.domain.tests.dll" id="87e989b5-b82a-9110-0e5b-f33e73a07c9c">
      <Execution id="1c5b06ad-8100-4b27-8bae-57a9c02dcc7b" />
      <TestMethod codeBase="C:\Users\米山\DuelMasters\tests\DMRules.Domain.Tests\bin\Debug\net8.0\DMRules.Domain.Tests.dll" adapterTypeName="executor://xunit/VsTestRunner2/netcoreapp" className="DMRules.Domain.Tests.TextNormalizationTests" name="ParseIntLoose_Works" />
    </UnitTest>
    <UnitTest name="DMRules.Domain.Tests.TextNormalizationTests.ParseIntLoose_Works(input: &quot;コスト：5&quot;, expected: 5)" storage="c:\users\米山\duelmasters\tests\dmrules.domain.tests\bin\debug\net8.0\dmrules.domain.tests.dll" id="42d1ba1d-a24c-c45d-6fa8-f30de376cedd">
      <Execution id="ae4354f1-5526-4d76-9462-5e1372be361b" />
      <TestMethod codeBase="C:\Users\米山\DuelMasters\tests\DMRules.Domain.Tests\bin\Debug\net8.0\DMRules.Domain.Tests.dll" adapterTypeName="executor://xunit/VsTestRunner2/netcoreapp" className="DMRules.Domain.Tests.TextNormalizationTests" name="ParseIntLoose_Works" />
    </UnitTest>
    <UnitTest name="DMRules.Domain.Tests.TextNormalizationTests.CivSplit_Normalizes" storage="c:\users\米山\duelmasters\tests\dmrules.domain.tests\bin\debug\net8.0\dmrules.domain.tests.dll" id="bc11a98c-6c84-286c-faee-00a8a06f6141">
      <Execution id="73ac089a-3b6e-4b95-b6da-f622895677b2" />
      <TestMethod codeBase="C:\Users\米山\DuelMasters\tests\DMRules.Domain.Tests\bin\Debug\net8.0\DMRules.Domain.Tests.dll" adapterTypeName="executor://xunit/VsTestRunner2/netcoreapp" className="DMRules.Domain.Tests.TextNormalizationTests" name="CivSplit_Normalizes" />
    </UnitTest>
    <UnitTest name="DMRules.Domain.Tests.TextNormalizationTests.ParseIntLoose_Works(input: &quot;6&quot;, expected: 6)" storage="c:\users\米山\duelmasters\tests\dmrules.domain.tests\bin\debug\net8.0\dmrules.domain.tests.dll" id="9cd84ee3-3c28-b136-e0d0-f70a9b407857">
      <Execution id="0f08140d-bfbe-410d-b444-1ad28e596f7b" />
      <TestMethod codeBase="C:\Users\米山\DuelMasters\tests\DMRules.Domain.Tests\bin\Debug\net8.0\DMRules.Domain.Tests.dll" adapterTypeName="executor://xunit/VsTestRunner2/netcoreapp" className="DMRules.Domain.Tests.TextNormalizationTests" name="ParseIntLoose_Works" />
    </UnitTest>
    <UnitTest name="DMRules.Domain.Tests.CardFactoryIntegrationTests.Factory_Does_NotThrow_For_First10_IfTableExists" storage="c:\users\米山\duelmasters\tests\dmrules.domain.tests\bin\debug\net8.0\dmrules.domain.tests.dll" id="1404dc18-270f-3a3c-a9bc-b1d07b3811cb">
      <Execution id="03d00c00-fca0-4da9-99f5-59ee4cbf4c45" />
      <TestMethod codeBase="C:\Users\米山\DuelMasters\tests\DMRules.Domain.Tests\bin\Debug\net8.0\DMRules.Domain.Tests.dll" adapterTypeName="executor://xunit/VsTestRunner2/netcoreapp" className="DMRules.Domain.Tests.CardFactoryIntegrationTests" name="Factory_Does_NotThrow_For_First10_IfTableExists" />
    </UnitTest>
    <UnitTest name="DMRules.Domain.Tests.TextNormalizationTests.ParseIntLoose_Works(input: &quot;—&quot;, expected: null)" storage="c:\users\米山\duelmasters\tests\dmrules.domain.tests\bin\debug\net8.0\dmrules.domain.tests.dll" id="8b4ff451-9696-27bc-1537-982d7f1b5171">
      <Execution id="54817585-c7e2-4064-b991-d3d21ec1de63" />
      <TestMethod codeBase="C:\Users\米山\DuelMasters\tests\DMRules.Domain.Tests\bin\Debug\net8.0\DMRules.Domain.Tests.dll" adapterTypeName="executor://xunit/VsTestRunner2/netcoreapp" className="DMRules.Domain.Tests.TextNormalizationTests" name="ParseIntLoose_Works" />
    </UnitTest>
    <UnitTest name="DMRules.Domain.Tests.TextNormalizationTests.Types_Normalizes" storage="c:\users\米山\duelmasters\tests\dmrules.domain.tests\bin\debug\net8.0\dmrules.domain.tests.dll" id="2a515981-6159-68e5-2d8f-e7dea9d23c0e">
      <Execution id="5969ea83-8e06-45a1-ac34-df842bebe1f1" />
      <TestMethod codeBase="C:\Users\米山\DuelMasters\tests\DMRules.Domain.Tests\bin\Debug\net8.0\DMRules.Domain.Tests.dll" adapterTypeName="executor://xunit/VsTestRunner2/netcoreapp" className="DMRules.Domain.Tests.TextNormalizationTests" name="Types_Normalizes" />
    </UnitTest>
  </TestDefinitions>
  <TestEntries>
    <TestEntry testId="87e989b5-b82a-9110-0e5b-f33e73a07c9c" executionId="1c5b06ad-8100-4b27-8bae-57a9c02dcc7b" testListId="8c84fa94-04c1-424b-9868-57a2d4851a1d" />
    <TestEntry testId="2a515981-6159-68e5-2d8f-e7dea9d23c0e" executionId="5969ea83-8e06-45a1-ac34-df842bebe1f1" testListId="8c84fa94-04c1-424b-9868-57a2d4851a1d" />
    <TestEntry testId="5ec0b83d-71a3-5fad-9cec-7e1a584cd8d8" executionId="56102cc1-de40-4b91-96de-2cf12dea4cc0" testListId="8c84fa94-04c1-424b-9868-57a2d4851a1d" />
    <TestEntry testId="bc11a98c-6c84-286c-faee-00a8a06f6141" executionId="73ac089a-3b6e-4b95-b6da-f622895677b2" testListId="8c84fa94-04c1-424b-9868-57a2d4851a1d" />
    <TestEntry testId="1404dc18-270f-3a3c-a9bc-b1d07b3811cb" executionId="03d00c00-fca0-4da9-99f5-59ee4cbf4c45" testListId="8c84fa94-04c1-424b-9868-57a2d4851a1d" />
    <TestEntry testId="42d1ba1d-a24c-c45d-6fa8-f30de376cedd" executionId="ae4354f1-5526-4d76-9462-5e1372be361b" testListId="8c84fa94-04c1-424b-9868-57a2d4851a1d" />
    <TestEntry testId="9cd84ee3-3c28-b136-e0d0-f70a9b407857" executionId="0f08140d-bfbe-410d-b444-1ad28e596f7b" testListId="8c84fa94-04c1-424b-9868-57a2d4851a1d" />
    <TestEntry testId="8b4ff451-9696-27bc-1537-982d7f1b5171" executionId="54817585-c7e2-4064-b991-d3d21ec1de63" testListId="8c84fa94-04c1-424b-9868-57a2d4851a1d" />
  </TestEntries>
  <TestLists>
    <TestList name="Results Not in a List" id="8c84fa94-04c1-424b-9868-57a2d4851a1d" />
    <TestList name="All Loaded Results" id="19431567-8539-422a-85d7-44ee4e166bda" />
  </TestLists>
  <ResultSummary outcome="Completed">
    <Counters total="8" executed="8" passed="8" failed="0" error="0" timeout="0" aborted="0" inconclusive="0" passedButRunAborted="0" notRunnable="0" notExecuted="0" disconnected="0" warning="0" completed="0" inProgress="0" pending="0" />
    <Output>
      <StdOut>[xUnit.net 00:00:00.00] xUnit.net VSTest Adapter v2.8.2+699d445a1a (64-bit .NET 8.0.21)&#xD;
[xUnit.net 00:00:00.38]   Discovering: DMRules.Domain.Tests&#xD;
[xUnit.net 00:00:00.56]   Discovered:  DMRules.Domain.Tests&#xD;
[xUnit.net 00:00:00.57]   Starting:    DMRules.Domain.Tests&#xD;
[xUnit.net 00:00:01.17]   Finished:    DMRules.Domain.Tests&#xD;
</StdOut>
    </Output>
  </ResultSummary>
</TestRun>