<?xml version="1.0" encoding="utf-8"?>
<TestRun id="d22c3934-851f-4615-a68e-a10ddb550cb2" name="米山@DESKTOP-DE0SNP1 2025-11-02 10:48:44" runUser="DESKTOP-DE0SNP1\米山" xmlns="http://microsoft.com/schemas/VisualStudio/TeamTest/2010">
  <Times creation="2025-11-02T10:48:44.7768373+09:00" queuing="2025-11-02T10:48:44.7768377+09:00" start="2025-11-02T10:48:41.3377568+09:00" finish="2025-11-02T10:48:44.8208544+09:00" />
  <TestSettings name="default" id="0e389295-3121-4325-bfec-62d7b1980d92">
    <Deployment runDeploymentRoot="米山_DESKTOP-DE0SNP1_2025-11-02_10_48_44" />
  </TestSettings>
  <Results>
    <UnitTestResult executionId="e9e60d3a-935e-472a-a2e9-5184e02f37ab" testId="5457531a-b283-7a22-b448-98e4148f33c0" testName="EffectRunnerTests.RunOnAttackDeclared_UsesDelegates" computerName="DESKTOP-DE0SNP1" duration="00:00:00.0023513" startTime="2025-11-02T10:48:44.3565582+09:00" endTime="2025-11-02T10:48:44.3565583+09:00" testType="13cdc9d9-ddb5-4fa4-a97d-d965ccfc6d4b" outcome="Passed" testListId="8c84fa94-04c1-424b-9868-57a2d4851a1d" relativeResultsDirectory="e9e60d3a-935e-472a-a2e9-5184e02f37ab" />
    <UnitTestResult executionId="44abe732-5118-422a-9663-d6e73b80217a" testId="15544d6e-69ed-58d0-b6c5-c24705e4fd11" testName="EffectRunnerTests.RunOnEnterBattlezone_UsesDelegates" computerName="DESKTOP-DE0SNP1" duration="00:00:00.0004143" startTime="2025-11-02T10:48:44.3571539+09:00" endTime="2025-11-02T10:48:44.3571540+09:00" testType="13cdc9d9-ddb5-4fa4-a97d-d965ccfc6d4b" outcome="Passed" testListId="8c84fa94-04c1-424b-9868-57a2d4851a1d" relativeResultsDirectory="44abe732-5118-422a-9663-d6e73b80217a" />
    <UnitTestResult executionId="1fa86bf4-06b8-4df5-9bce-478ac7f80062" testId="7835a6ab-5198-2574-b6e7-3babccfd3fc1" testName="EffectRunnerTests.UnknownText_IsNoOp" computerName="DESKTOP-DE0SNP1" duration="00:00:00.1889661" startTime="2025-11-02T10:48:44.3515003+09:00" endTime="2025-11-02T10:48:44.3515343+09:00" testType="13cdc9d9-ddb5-4fa4-a97d-d965ccfc6d4b" outcome="Passed" testListId="8c84fa94-04c1-424b-9868-57a2d4851a1d" relativeResultsDirectory="1fa86bf4-06b8-4df5-9bce-478ac7f80062" />
  </Results>
  <TestDefinitions>
    <UnitTest name="EffectRunnerTests.RunOnAttackDeclared_UsesDelegates" storage="c:\users\米山\duelmasters\tests\dmrules.effects.bridge.tests\bin\debug\net8.0\dmrules.effects.bridge.tests.dll" id="5457531a-b283-7a22-b448-98e4148f33c0">
      <Execution id="e9e60d3a-935e-472a-a2e9-5184e02f37ab" />
      <TestMethod codeBase="C:\Users\米山\DuelMasters\tests\DMRules.Effects.Bridge.Tests\bin\Debug\net8.0\DMRules.Effects.Bridge.Tests.dll" adapterTypeName="executor://xunit/VsTestRunner2/netcoreapp" className="EffectRunnerTests" name="RunOnAttackDeclared_UsesDelegates" />
    </UnitTest>
    <UnitTest name="EffectRunnerTests.UnknownText_IsNoOp" storage="c:\users\米山\duelmasters\tests\dmrules.effects.bridge.tests\bin\debug\net8.0\dmrules.effects.bridge.tests.dll" id="7835a6ab-5198-2574-b6e7-3babccfd3fc1">
      <Execution id="1fa86bf4-06b8-4df5-9bce-478ac7f80062" />
      <TestMethod codeBase="C:\Users\米山\DuelMasters\tests\DMRules.Effects.Bridge.Tests\bin\Debug\net8.0\DMRules.Effects.Bridge.Tests.dll" adapterTypeName="executor://xunit/VsTestRunner2/netcoreapp" className="EffectRunnerTests" name="UnknownText_IsNoOp" />
    </UnitTest>
    <UnitTest name="EffectRunnerTests.RunOnEnterBattlezone_UsesDelegates" storage="c:\users\米山\duelmasters\tests\dmrules.effects.bridge.tests\bin\debug\net8.0\dmrules.effects.bridge.tests.dll" id="15544d6e-69ed-58d0-b6c5-c24705e4fd11">
      <Execution id="44abe732-5118-422a-9663-d6e73b80217a" />
      <TestMethod codeBase="C:\Users\米山\DuelMasters\tests\DMRules.Effects.Bridge.Tests\bin\Debug\net8.0\DMRules.Effects.Bridge.Tests.dll" adapterTypeName="executor://xunit/VsTestRunner2/netcoreapp" className="EffectRunnerTests" name="RunOnEnterBattlezone_UsesDelegates" />
    </UnitTest>
  </TestDefinitions>
  <TestEntries>
    <TestEntry testId="5457531a-b283-7a22-b448-98e4148f33c0" executionId="e9e60d3a-935e-472a-a2e9-5184e02f37ab" testListId="8c84fa94-04c1-424b-9868-57a2d4851a1d" />
    <TestEntry testId="15544d6e-69ed-58d0-b6c5-c24705e4fd11" executionId="44abe732-5118-422a-9663-d6e73b80217a" testListId="8c84fa94-04c1-424b-9868-57a2d4851a1d" />
    <TestEntry testId="7835a6ab-5198-2574-b6e7-3babccfd3fc1" executionId="1fa86bf4-06b8-4df5-9bce-478ac7f80062" testListId="8c84fa94-04c1-424b-9868-57a2d4851a1d" />
  </TestEntries>
  <TestLists>
    <TestList name="Results Not in a List" id="8c84fa94-04c1-424b-9868-57a2d4851a1d" />
    <TestList name="All Loaded Results" id="19431567-8539-422a-85d7-44ee4e166bda" />
  </TestLists>
  <ResultSummary outcome="Completed">
    <Counters total="3" executed="3" passed="3" failed="0" error="0" timeout="0" aborted="0" inconclusive="0" passedButRunAborted="0" notRunnable="0" notExecuted="0" disconnected="0" warning="0" completed="0" inProgress="0" pending="0" />
    <Output>
      <StdOut>[xUnit.net 00:00:00.00] xUnit.net VSTest Adapter v2.8.1+ce9211e970 (64-bit .NET 8.0.21)&#xD;
[xUnit.net 00:00:00.24]   Discovering: DMRules.Effects.Bridge.Tests&#xD;
[xUnit.net 00:00:00.35]   Discovered:  DMRules.Effects.Bridge.Tests&#xD;
[xUnit.net 00:00:00.36]   Starting:    DMRules.Effects.Bridge.Tests&#xD;
[xUnit.net 00:00:00.69]   Finished:    DMRules.Effects.Bridge.Tests&#xD;
</StdOut>
    </Output>
  </ResultSummary>
</TestRun>