<?xml version="1.0" encoding="utf-8"?>
<TestRun id="dcd4c98d-796e-4145-98f8-777619b52ee5" name="米山@DESKTOP-DE0SNP1 2025-11-01 19:18:03" runUser="DESKTOP-DE0SNP1\米山" xmlns="http://microsoft.com/schemas/VisualStudio/TeamTest/2010">
  <Times creation="2025-11-01T19:18:03.4424730+09:00" queuing="2025-11-01T19:18:03.4424736+09:00" start="2025-11-01T19:17:56.9600085+09:00" finish="2025-11-01T19:18:03.5087947+09:00" />
  <TestSettings name="default" id="cb9163d0-284f-4dd9-91e0-fd384d2a479a">
    <Deployment runDeploymentRoot="米山_DESKTOP-DE0SNP1_2025-11-01_19_18_03" />
  </TestSettings>
  <Results>
    <UnitTestResult executionId="e985f3d8-81cf-4a15-8799-a9803f676891" testId="5457531a-b283-7a22-b448-98e4148f33c0" testName="EffectRunnerTests.RunOnAttackDeclared_UsesDelegates" computerName="DESKTOP-DE0SNP1" duration="00:00:00.0119748" startTime="2025-11-01T19:18:02.6523242+09:00" endTime="2025-11-01T19:18:02.6523244+09:00" testType="13cdc9d9-ddb5-4fa4-a97d-d965ccfc6d4b" outcome="Passed" testListId="8c84fa94-04c1-424b-9868-57a2d4851a1d" relativeResultsDirectory="e985f3d8-81cf-4a15-8799-a9803f676891" />
    <UnitTestResult executionId="06158cf0-4d6f-4010-a66e-26501320e38b" testId="7835a6ab-5198-2574-b6e7-3babccfd3fc1" testName="EffectRunnerTests.UnknownText_IsNoOp" computerName="DESKTOP-DE0SNP1" duration="00:00:00.6430483" startTime="2025-11-01T19:18:02.6236989+09:00" endTime="2025-11-01T19:18:02.6237928+09:00" testType="13cdc9d9-ddb5-4fa4-a97d-d965ccfc6d4b" outcome="Passed" testListId="8c84fa94-04c1-424b-9868-57a2d4851a1d" relativeResultsDirectory="06158cf0-4d6f-4010-a66e-26501320e38b" />
    <UnitTestResult executionId="48dd8411-9737-4cfb-8532-a84c0d1fc6c7" testId="15544d6e-69ed-58d0-b6c5-c24705e4fd11" testName="EffectRunnerTests.RunOnEnterBattlezone_UsesDelegates" computerName="DESKTOP-DE0SNP1" duration="00:00:00.0006602" startTime="2025-11-01T19:18:02.6538333+09:00" endTime="2025-11-01T19:18:02.6538335+09:00" testType="13cdc9d9-ddb5-4fa4-a97d-d965ccfc6d4b" outcome="Passed" testListId="8c84fa94-04c1-424b-9868-57a2d4851a1d" relativeResultsDirectory="48dd8411-9737-4cfb-8532-a84c0d1fc6c7" />
  </Results>
  <TestDefinitions>
    <UnitTest name="EffectRunnerTests.RunOnAttackDeclared_UsesDelegates" storage="c:\users\米山\duelmasters\tests\dmrules.effects.bridge.tests\bin\debug\net8.0\dmrules.effects.bridge.tests.dll" id="5457531a-b283-7a22-b448-98e4148f33c0">
      <Execution id="e985f3d8-81cf-4a15-8799-a9803f676891" />
      <TestMethod codeBase="C:\Users\米山\DuelMasters\tests\DMRules.Effects.Bridge.Tests\bin\Debug\net8.0\DMRules.Effects.Bridge.Tests.dll" adapterTypeName="executor://xunit/VsTestRunner2/netcoreapp" className="EffectRunnerTests" name="RunOnAttackDeclared_UsesDelegates" />
    </UnitTest>
    <UnitTest name="EffectRunnerTests.UnknownText_IsNoOp" storage="c:\users\米山\duelmasters\tests\dmrules.effects.bridge.tests\bin\debug\net8.0\dmrules.effects.bridge.tests.dll" id="7835a6ab-5198-2574-b6e7-3babccfd3fc1">
      <Execution id="06158cf0-4d6f-4010-a66e-26501320e38b" />
      <TestMethod codeBase="C:\Users\米山\DuelMasters\tests\DMRules.Effects.Bridge.Tests\bin\Debug\net8.0\DMRules.Effects.Bridge.Tests.dll" adapterTypeName="executor://xunit/VsTestRunner2/netcoreapp" className="EffectRunnerTests" name="UnknownText_IsNoOp" />
    </UnitTest>
    <UnitTest name="EffectRunnerTests.RunOnEnterBattlezone_UsesDelegates" storage="c:\users\米山\duelmasters\tests\dmrules.effects.bridge.tests\bin\debug\net8.0\dmrules.effects.bridge.tests.dll" id="15544d6e-69ed-58d0-b6c5-c24705e4fd11">
      <Execution id="48dd8411-9737-4cfb-8532-a84c0d1fc6c7" />
      <TestMethod codeBase="C:\Users\米山\DuelMasters\tests\DMRules.Effects.Bridge.Tests\bin\Debug\net8.0\DMRules.Effects.Bridge.Tests.dll" adapterTypeName="executor://xunit/VsTestRunner2/netcoreapp" className="EffectRunnerTests" name="RunOnEnterBattlezone_UsesDelegates" />
    </UnitTest>
  </TestDefinitions>
  <TestEntries>
    <TestEntry testId="5457531a-b283-7a22-b448-98e4148f33c0" executionId="e985f3d8-81cf-4a15-8799-a9803f676891" testListId="8c84fa94-04c1-424b-9868-57a2d4851a1d" />
    <TestEntry testId="7835a6ab-5198-2574-b6e7-3babccfd3fc1" executionId="06158cf0-4d6f-4010-a66e-26501320e38b" testListId="8c84fa94-04c1-424b-9868-57a2d4851a1d" />
    <TestEntry testId="15544d6e-69ed-58d0-b6c5-c24705e4fd11" executionId="48dd8411-9737-4cfb-8532-a84c0d1fc6c7" testListId="8c84fa94-04c1-424b-9868-57a2d4851a1d" />
  </TestEntries>
  <TestLists>
    <TestList name="Results Not in a List" id="8c84fa94-04c1-424b-9868-57a2d4851a1d" />
    <TestList name="All Loaded Results" id="19431567-8539-422a-85d7-44ee4e166bda" />
  </TestLists>
  <ResultSummary outcome="Completed">
    <Counters total="3" executed="3" passed="3" failed="0" error="0" timeout="0" aborted="0" inconclusive="0" passedButRunAborted="0" notRunnable="0" notExecuted="0" disconnected="0" warning="0" completed="0" inProgress="0" pending="0" />
    <Output>
      <StdOut>[xUnit.net 00:00:00.01] xUnit.net VSTest Adapter v2.8.1+ce9211e970 (64-bit .NET 8.0.21)&#xD;
[xUnit.net 00:00:00.81]   Discovering: DMRules.Effects.Bridge.Tests&#xD;
[xUnit.net 00:00:01.25]   Discovered:  DMRules.Effects.Bridge.Tests&#xD;
[xUnit.net 00:00:01.29]   Starting:    DMRules.Effects.Bridge.Tests&#xD;
[xUnit.net 00:00:03.34]   Finished:    DMRules.Effects.Bridge.Tests&#xD;
</StdOut>
    </Output>
  </ResultSummary>
</TestRun>