<?xml version="1.0" encoding="utf-8"?>
<TestRun id="fe7b1146-d487-49c3-8429-76913c946204" name="米山@DESKTOP-DE0SNP1 2025-11-02 08:35:21" runUser="DESKTOP-DE0SNP1\米山" xmlns="http://microsoft.com/schemas/VisualStudio/TeamTest/2010">
  <Times creation="2025-11-02T08:35:21.5916306+09:00" queuing="2025-11-02T08:35:21.5916311+09:00" start="2025-11-02T08:35:16.1137626+09:00" finish="2025-11-02T08:35:21.5924408+09:00" />
  <TestSettings name="default" id="c60b0a71-87c1-4f1a-bf75-725a909d69e4">
    <Deployment runDeploymentRoot="米山_DESKTOP-DE0SNP1_2025-11-02_08_35_21" />
  </TestSettings>
  <TestLists>
    <TestList name="Results Not in a List" id="8c84fa94-04c1-424b-9868-57a2d4851a1d" />
    <TestList name="All Loaded Results" id="19431567-8539-422a-85d7-44ee4e166bda" />
  </TestLists>
  <ResultSummary outcome="Completed">
    <Counters total="0" executed="0" passed="0" failed="0" error="0" timeout="0" aborted="0" inconclusive="0" passedButRunAborted="0" notRunnable="0" notExecuted="0" disconnected="0" warning="0" completed="0" inProgress="0" pending="0" />
    <Output>
      <StdOut>[xUnit.net 00:00:00.02] xUnit.net VSTest Adapter v2.8.2+699d445a1a (64-bit .NET 8.0.21)&#xD;
[xUnit.net 00:00:00.86]   Discovering: RegulationAdapter&#xD;
[xUnit.net 00:00:00.96]   Discovered:  RegulationAdapter&#xD;
</StdOut>
    </Output>
    <RunInfos>
      <RunInfo computerName="DESKTOP-DE0SNP1" outcome="Warning" timestamp="2025-11-02T08:35:21.2021280+09:00">
        <Text>No test is available in C:\Users\米山\DuelMasters\src\RegulationAdapter\bin\Debug\net8.0\RegulationAdapter.dll. Make sure that test discoverer &amp; executors are registered and platform &amp; framework version settings are appropriate and try again.</Text>
      </RunInfo>
    </RunInfos>
  </ResultSummary>
</TestRun>