<?xml version="1.0" encoding="utf-8"?>
<TestRun id="dd2bfabc-ddf9-4562-a33a-760e7d4eb89a" name="米山@DESKTOP-DE0SNP1 2025-11-01 19:18:04" runUser="DESKTOP-DE0SNP1\米山" xmlns="http://microsoft.com/schemas/VisualStudio/TeamTest/2010">
  <Times creation="2025-11-01T19:18:04.9220466+09:00" queuing="2025-11-01T19:18:04.9220470+09:00" start="2025-11-01T19:17:57.6461347+09:00" finish="2025-11-01T19:18:05.1094760+09:00" />
  <TestSettings name="default" id="5590813a-5c11-4dbc-b8d3-13772ec0b121">
    <Deployment runDeploymentRoot="米山_DESKTOP-DE0SNP1_2025-11-01_19_18_04" />
  </TestSettings>
  <Results>
    <UnitTestResult executionId="ac83336b-d159-4166-910c-aac8e3529e21" testId="dfd42984-d47a-2536-b71d-d09a209cc5e5" testName="EffectTraceTests.JsonlSink_WritesLines" computerName="DESKTOP-DE0SNP1" duration="00:00:00.4901522" startTime="2025-11-01T19:18:04.0087775+09:00" endTime="2025-11-01T19:18:04.0088982+09:00" testType="13cdc9d9-ddb5-4fa4-a97d-d965ccfc6d4b" outcome="Passed" testListId="8c84fa94-04c1-424b-9868-57a2d4851a1d" relativeResultsDirectory="ac83336b-d159-4166-910c-aac8e3529e21" />
  </Results>
  <TestDefinitions>
    <UnitTest name="EffectTraceTests.JsonlSink_WritesLines" storage="c:\users\米山\duelmasters\tests\dmrules.effects.trace.tests\bin\debug\net8.0\dmrules.effects.trace.tests.dll" id="dfd42984-d47a-2536-b71d-d09a209cc5e5">
      <Execution id="ac83336b-d159-4166-910c-aac8e3529e21" />
      <TestMethod codeBase="C:\Users\米山\DuelMasters\tests\DMRules.Effects.Trace.Tests\bin\Debug\net8.0\DMRules.Effects.Trace.Tests.dll" adapterTypeName="executor://xunit/VsTestRunner2/netcoreapp" className="EffectTraceTests" name="JsonlSink_WritesLines" />
    </UnitTest>
  </TestDefinitions>
  <TestEntries>
    <TestEntry testId="dfd42984-d47a-2536-b71d-d09a209cc5e5" executionId="ac83336b-d159-4166-910c-aac8e3529e21" testListId="8c84fa94-04c1-424b-9868-57a2d4851a1d" />
  </TestEntries>
  <TestLists>
    <TestList name="Results Not in a List" id="8c84fa94-04c1-424b-9868-57a2d4851a1d" />
    <TestList name="All Loaded Results" id="19431567-8539-422a-85d7-44ee4e166bda" />
  </TestLists>
  <ResultSummary outcome="Completed">
    <Counters total="1" executed="1" passed="1" failed="0" error="0" timeout="0" aborted="0" inconclusive="0" passedButRunAborted="0" notRunnable="0" notExecuted="0" disconnected="0" warning="0" completed="0" inProgress="0" pending="0" />
    <Output>
      <StdOut>[xUnit.net 00:00:00.04] xUnit.net VSTest Adapter v2.8.1+ce9211e970 (64-bit .NET 8.0.21)&#xD;
[xUnit.net 00:00:01.79]   Discovering: DMRules.Effects.Trace.Tests&#xD;
[xUnit.net 00:00:02.27]   Discovered:  DMRules.Effects.Trace.Tests&#xD;
[xUnit.net 00:00:02.31]   Starting:    DMRules.Effects.Trace.Tests&#xD;
[xUnit.net 00:00:03.07]   Finished:    DMRules.Effects.Trace.Tests&#xD;
</StdOut>
    </Output>
  </ResultSummary>
</TestRun>