<?xml version="1.0" encoding="utf-8"?>
<TestRun id="04374ff9-21f9-493d-8f64-cb07cd9078ee" name="米山@DESKTOP-DE0SNP1 2025-11-02 08:35:38" runUser="DESKTOP-DE0SNP1\米山" xmlns="http://microsoft.com/schemas/VisualStudio/TeamTest/2010">
  <Times creation="2025-11-02T08:35:38.0363853+09:00" queuing="2025-11-02T08:35:38.0363859+09:00" start="2025-11-02T08:35:34.3305229+09:00" finish="2025-11-02T08:35:38.0751181+09:00" />
  <TestSettings name="default" id="992a7d08-c416-4a08-9efc-099726762c48">
    <Deployment runDeploymentRoot="米山_DESKTOP-DE0SNP1_2025-11-02_08_35_38" />
  </TestSettings>
  <Results>
    <UnitTestResult executionId="0d34b939-477b-409f-af85-feba5c4a3d68" testId="dfd42984-d47a-2536-b71d-d09a209cc5e5" testName="EffectTraceTests.JsonlSink_WritesLines" computerName="DESKTOP-DE0SNP1" duration="00:00:00.4988586" startTime="2025-11-02T08:35:37.6946187+09:00" endTime="2025-11-02T08:35:37.6946565+09:00" testType="13cdc9d9-ddb5-4fa4-a97d-d965ccfc6d4b" outcome="Passed" testListId="8c84fa94-04c1-424b-9868-57a2d4851a1d" relativeResultsDirectory="0d34b939-477b-409f-af85-feba5c4a3d68" />
  </Results>
  <TestDefinitions>
    <UnitTest name="EffectTraceTests.JsonlSink_WritesLines" storage="c:\users\米山\duelmasters\tests\dmrules.effects.trace.tests\bin\debug\net8.0\dmrules.effects.trace.tests.dll" id="dfd42984-d47a-2536-b71d-d09a209cc5e5">
      <Execution id="0d34b939-477b-409f-af85-feba5c4a3d68" />
      <TestMethod codeBase="C:\Users\米山\DuelMasters\tests\DMRules.Effects.Trace.Tests\bin\Debug\net8.0\DMRules.Effects.Trace.Tests.dll" adapterTypeName="executor://xunit/VsTestRunner2/netcoreapp" className="EffectTraceTests" name="JsonlSink_WritesLines" />
    </UnitTest>
  </TestDefinitions>
  <TestEntries>
    <TestEntry testId="dfd42984-d47a-2536-b71d-d09a209cc5e5" executionId="0d34b939-477b-409f-af85-feba5c4a3d68" testListId="8c84fa94-04c1-424b-9868-57a2d4851a1d" />
  </TestEntries>
  <TestLists>
    <TestList name="Results Not in a List" id="8c84fa94-04c1-424b-9868-57a2d4851a1d" />
    <TestList name="All Loaded Results" id="19431567-8539-422a-85d7-44ee4e166bda" />
  </TestLists>
  <ResultSummary outcome="Completed">
    <Counters total="1" executed="1" passed="1" failed="0" error="0" timeout="0" aborted="0" inconclusive="0" passedButRunAborted="0" notRunnable="0" notExecuted="0" disconnected="0" warning="0" completed="0" inProgress="0" pending="0" />
    <Output>
      <StdOut>[xUnit.net 00:00:00.00] xUnit.net VSTest Adapter v2.8.1+ce9211e970 (64-bit .NET 8.0.21)&#xD;
[xUnit.net 00:00:00.38]   Discovering: DMRules.Effects.Trace.Tests&#xD;
[xUnit.net 00:00:00.64]   Discovered:  DMRules.Effects.Trace.Tests&#xD;
[xUnit.net 00:00:00.64]   Starting:    DMRules.Effects.Trace.Tests&#xD;
[xUnit.net 00:00:01.31]   Finished:    DMRules.Effects.Trace.Tests&#xD;
</StdOut>
    </Output>
  </ResultSummary>
</TestRun>